11:53:38.748 [main] DEBUG - Save part 'xl/theme/theme1.xml'
11:53:38.764 [main] DEBUG - Save part 'xl/workbook.xml'
11:53:38.766 [main] DEBUG - Save part 'xl/worksheets/sheet1.xml'
11:53:38.767 [main] DEBUG - Save part 'xl/worksheets/sheet2.xml'
11:53:38.768 [main] DEBUG - Save part 'xl/worksheets/sheet3.xml'
11:53:38.768 [main] DEBUG - Save part 'xl/worksheets/sheet4.xml'
11:53:38.769 [main] DEBUG - Save part 'xl/worksheets/sheet5.xml'
11:53:38.807 [main] DEBUG - Parsing relationship: /xl/_rels/workbook.xml.rels
11:53:38.807 [main] DEBUG - Parsing relationship: /xl/worksheets/_rels/sheet1.xml.rels
11:53:38.809 [main] DEBUG - Parsing relationship: /_rels/.rels
11:53:38.841 [main] DEBUG - Save content types part
11:53:38.843 [main] DEBUG - Save package relationships
11:53:38.844 [main] DEBUG - Save part 'docProps/app.xml'
11:53:38.844 [main] DEBUG - Save part 'docProps/core.xml'
11:53:38.845 [main] DEBUG - Save part 'xl/sharedStrings.xml'
11:53:38.846 [main] DEBUG - Save part 'xl/styles.xml'
11:53:38.846 [main] DEBUG - Save part 'xl/theme/theme1.xml'
11:53:38.846 [main] DEBUG - Save part 'xl/workbook.xml'
11:53:38.847 [main] DEBUG - Save part 'xl/worksheets/sheet1.xml'
11:53:38.849 [main] DEBUG - Save part 'xl/worksheets/sheet2.xml'
11:53:38.849 [main] DEBUG - Save part 'xl/worksheets/sheet3.xml'
11:53:38.849 [main] DEBUG - Save part 'xl/worksheets/sheet4.xml'
11:53:38.849 [main] DEBUG - Save part 'xl/worksheets/sheet5.xml'
11:53:38.877 [main] DEBUG - Parsing relationship: /xl/_rels/workbook.xml.rels
11:53:38.878 [main] DEBUG - Parsing relationship: /xl/worksheets/_rels/sheet1.xml.rels
11:53:38.879 [main] DEBUG - Parsing relationship: /_rels/.rels
11:53:38.912 [main] DEBUG - Save content types part
11:53:38.913 [main] DEBUG - Save package relationships
11:53:38.914 [main] DEBUG - Save part 'docProps/app.xml'
11:53:38.915 [main] DEBUG - Save part 'docProps/core.xml'
11:53:38.916 [main] DEBUG - Save part 'xl/sharedStrings.xml'
11:53:38.916 [main] DEBUG - Save part 'xl/styles.xml'
11:53:38.917 [main] DEBUG - Save part 'xl/theme/theme1.xml'
11:53:38.917 [main] DEBUG - Save part 'xl/workbook.xml'
11:53:38.920 [main] DEBUG - Save part 'xl/worksheets/sheet1.xml'
11:53:38.921 [main] DEBUG - Save part 'xl/worksheets/sheet2.xml'
11:53:38.922 [main] DEBUG - Save part 'xl/worksheets/sheet3.xml'
11:53:38.922 [main] DEBUG - Save part 'xl/worksheets/sheet4.xml'
11:53:38.922 [main] DEBUG - Save part 'xl/worksheets/sheet5.xml'
11:53:38.968 [main] DEBUG - Parsing relationship: /xl/_rels/workbook.xml.rels
11:53:38.969 [main] DEBUG - Parsing relationship: /xl/worksheets/_rels/sheet1.xml.rels
11:53:38.970 [main] DEBUG - Parsing relationship: /_rels/.rels
11:53:39.020 [main] DEBUG - Save content types part
11:53:39.021 [main] DEBUG - Save package relationships
11:53:39.022 [main] DEBUG - Save part 'docProps/app.xml'
11:53:39.023 [main] DEBUG - Save part 'docProps/core.xml'
11:53:39.024 [main] DEBUG - Save part 'xl/sharedStrings.xml'
11:53:39.025 [main] DEBUG - Save part 'xl/styles.xml'
11:53:39.025 [main] DEBUG - Save part 'xl/theme/theme1.xml'
11:53:39.026 [main] DEBUG - Save part 'xl/workbook.xml'
11:53:39.028 [main] DEBUG - Save part 'xl/worksheets/sheet1.xml'
11:53:39.030 [main] DEBUG - Save part 'xl/worksheets/sheet2.xml'
11:53:39.030 [main] DEBUG - Save part 'xl/worksheets/sheet3.xml'
11:53:39.030 [main] DEBUG - Save part 'xl/worksheets/sheet4.xml'
11:53:39.030 [main] DEBUG - Save part 'xl/worksheets/sheet5.xml'
11:53:39.056 [main] DEBUG - Parsing relationship: /xl/_rels/workbook.xml.rels
11:53:39.057 [main] DEBUG - Parsing relationship: /xl/worksheets/_rels/sheet1.xml.rels
11:53:39.058 [main] DEBUG - Parsing relationship: /_rels/.rels
11:53:39.098 [main] DEBUG - Save content types part
11:53:39.100 [main] DEBUG - Save package relationships
11:53:39.102 [main] DEBUG - Save part 'docProps/app.xml'
11:53:39.102 [main] DEBUG - Save part 'docProps/core.xml'
11:53:39.105 [main] DEBUG - Save part 'xl/sharedStrings.xml'
11:53:39.106 [main] DEBUG - Save part 'xl/styles.xml'
11:53:39.106 [main] DEBUG - Save part 'xl/theme/theme1.xml'
11:53:39.107 [main] DEBUG - Save part 'xl/workbook.xml'
11:53:39.110 [main] DEBUG - Save part 'xl/worksheets/sheet1.xml'
11:53:39.112 [main] DEBUG - Save part 'xl/worksheets/sheet2.xml'
11:53:39.113 [main] DEBUG - Save part 'xl/worksheets/sheet3.xml'
11:53:39.113 [main] DEBUG - Save part 'xl/worksheets/sheet4.xml'
11:53:39.114 [main] DEBUG - Save part 'xl/worksheets/sheet5.xml'
11:53:39.156 [main] DEBUG - Parsing relationship: /xl/_rels/workbook.xml.rels
11:53:39.157 [main] DEBUG - Parsing relationship: /xl/worksheets/_rels/sheet1.xml.rels
11:53:39.157 [main] DEBUG - Parsing relationship: /_rels/.rels
11:53:39.190 [main] DEBUG - Save content types part
11:53:39.192 [main] DEBUG - Save package relationships
11:53:39.193 [main] DEBUG - Save part 'docProps/app.xml'
11:53:39.194 [main] DEBUG - Save part 'docProps/core.xml'
11:53:39.195 [main] DEBUG - Save part 'xl/sharedStrings.xml'
11:53:39.196 [main] DEBUG - Save part 'xl/styles.xml'
11:53:39.196 [main] DEBUG - Save part 'xl/theme/theme1.xml'
11:53:39.197 [main] DEBUG - Save part 'xl/workbook.xml'
11:53:39.198 [main] DEBUG - Save part 'xl/worksheets/sheet1.xml'
11:53:39.200 [main] DEBUG - Save part 'xl/worksheets/sheet2.xml'
11:53:39.200 [main] DEBUG - Save part 'xl/worksheets/sheet3.xml'
11:53:39.201 [main] DEBUG - Save part 'xl/worksheets/sheet4.xml'
11:53:39.201 [main] DEBUG - Save part 'xl/worksheets/sheet5.xml'
11:53:39.229 [main] DEBUG - Parsing relationship: /xl/_rels/workbook.xml.rels
11:53:39.230 [main] DEBUG - Parsing relationship: /xl/worksheets/_rels/sheet1.xml.rels
11:53:39.230 [main] DEBUG - Parsing relationship: /_rels/.rels
11:53:39.272 [main] DEBUG - Save content types part
11:53:39.273 [main] DEBUG - Save package relationships
11:53:39.276 [main] DEBUG - Save part 'docProps/app.xml'
11:53:39.276 [main] DEBUG - Save part 'docProps/core.xml'
11:53:39.278 [main] DEBUG - Save part 'xl/sharedStrings.xml'
11:53:39.278 [main] DEBUG - Save part 'xl/styles.xml'
11:53:39.278 [main] DEBUG - Save part 'xl/theme/theme1.xml'
11:53:39.278 [main] DEBUG - Save part 'xl/workbook.xml'
11:53:39.280 [main] DEBUG - Save part 'xl/worksheets/sheet1.xml'
11:53:39.282 [main] DEBUG - Save part 'xl/worksheets/sheet2.xml'
11:53:39.283 [main] DEBUG - Save part 'xl/worksheets/sheet3.xml'
11:53:39.283 [main] DEBUG - Save part 'xl/worksheets/sheet4.xml'
11:53:39.284 [main] DEBUG - Save part 'xl/worksheets/sheet5.xml'
11:53:39.330 [main] DEBUG - Parsing relationship: /xl/_rels/workbook.xml.rels
11:53:39.331 [main] DEBUG - Parsing relationship: /xl/worksheets/_rels/sheet1.xml.rels
11:53:39.331 [main] DEBUG - Parsing relationship: /_rels/.rels
11:53:39.367 [main] DEBUG - Save content types part
11:53:39.369 [main] DEBUG - Save package relationships
11:53:39.370 [main] DEBUG - Save part 'docProps/app.xml'
11:53:39.370 [main] DEBUG - Save part 'docProps/core.xml'
11:53:39.372 [main] DEBUG - Save part 'xl/sharedStrings.xml'
11:53:39.372 [main] DEBUG - Save part 'xl/styles.xml'
11:53:39.373 [main] DEBUG - Save part 'xl/theme/theme1.xml'
11:53:39.373 [main] DEBUG - Save part 'xl/workbook.xml'
11:53:39.375 [main] DEBUG - Save part 'xl/worksheets/sheet1.xml'
11:53:39.376 [main] DEBUG - Save part 'xl/worksheets/sheet2.xml'
11:53:39.376 [main] DEBUG - Save part 'xl/worksheets/sheet3.xml'
11:53:39.377 [main] DEBUG - Save part 'xl/worksheets/sheet4.xml'
11:53:39.377 [main] DEBUG - Save part 'xl/worksheets/sheet5.xml'
11:53:39.402 [main] DEBUG - Parsing relationship: /xl/_rels/workbook.xml.rels
11:53:39.402 [main] DEBUG - Parsing relationship: /xl/worksheets/_rels/sheet1.xml.rels
11:53:39.403 [main] DEBUG - Parsing relationship: /_rels/.rels
11:53:39.446 [main] DEBUG - Save content types part
11:53:39.447 [main] DEBUG - Save package relationships
11:53:39.449 [main] DEBUG - Save part 'docProps/app.xml'
11:53:39.450 [main] DEBUG - Save part 'docProps/core.xml'
11:53:39.453 [main] DEBUG - Save part 'xl/sharedStrings.xml'
11:53:39.454 [main] DEBUG - Save part 'xl/styles.xml'
11:53:39.455 [main] DEBUG - Save part 'xl/theme/theme1.xml'
11:53:39.455 [main] DEBUG - Save part 'xl/workbook.xml'
11:53:39.458 [main] DEBUG - Save part 'xl/worksheets/sheet1.xml'
11:53:39.461 [main] DEBUG - Save part 'xl/worksheets/sheet2.xml'
11:53:39.461 [main] DEBUG - Save part 'xl/worksheets/sheet3.xml'
11:53:39.462 [main] DEBUG - Save part 'xl/worksheets/sheet4.xml'
11:53:39.462 [main] DEBUG - Save part 'xl/worksheets/sheet5.xml'
11:53:39.516 [main] DEBUG - Parsing relationship: /xl/_rels/workbook.xml.rels
11:53:39.517 [main] DEBUG - Parsing relationship: /xl/worksheets/_rels/sheet1.xml.rels
11:53:39.517 [main] DEBUG - Parsing relationship: /_rels/.rels
11:53:39.553 [main] DEBUG - Save content types part
11:53:39.555 [main] DEBUG - Save package relationships
11:53:39.559 [main] DEBUG - Save part 'docProps/app.xml'
11:53:39.559 [main] DEBUG - Save part 'docProps/core.xml'
11:53:39.562 [main] DEBUG - Save part 'xl/sharedStrings.xml'
11:53:39.562 [main] DEBUG - Save part 'xl/styles.xml'
11:53:39.563 [main] DEBUG - Save part 'xl/theme/theme1.xml'
11:53:39.563 [main] DEBUG - Save part 'xl/workbook.xml'
11:53:39.566 [main] DEBUG - Save part 'xl/worksheets/sheet1.xml'
11:53:39.568 [main] DEBUG - Save part 'xl/worksheets/sheet2.xml'
11:53:39.568 [main] DEBUG - Save part 'xl/worksheets/sheet3.xml'
11:53:39.568 [main] DEBUG - Save part 'xl/worksheets/sheet4.xml'
11:53:39.569 [main] DEBUG - Save part 'xl/worksheets/sheet5.xml'
11:53:39.597 [main] DEBUG - Parsing relationship: /xl/_rels/workbook.xml.rels
11:53:39.598 [main] DEBUG - Parsing relationship: /xl/worksheets/_rels/sheet1.xml.rels
11:53:39.598 [main] DEBUG - Parsing relationship: /_rels/.rels
11:53:39.631 [main] DEBUG - Save content types part
11:53:39.632 [main] DEBUG - Save package relationships
11:53:39.634 [main] DEBUG - Save part 'docProps/app.xml'
11:53:39.634 [main] DEBUG - Save part 'docProps/core.xml'
11:53:39.636 [main] DEBUG - Save part 'xl/sharedStrings.xml'
11:53:39.636 [main] DEBUG - Save part 'xl/styles.xml'
11:53:39.636 [main] DEBUG - Save part 'xl/theme/theme1.xml'
11:53:39.637 [main] DEBUG - Save part 'xl/workbook.xml'
11:53:39.638 [main] DEBUG - Save part 'xl/worksheets/sheet1.xml'
11:53:39.640 [main] DEBUG - Save part 'xl/worksheets/sheet2.xml'
11:53:39.640 [main] DEBUG - Save part 'xl/worksheets/sheet3.xml'
11:53:39.640 [main] DEBUG - Save part 'xl/worksheets/sheet4.xml'
11:53:39.641 [main] DEBUG - Save part 'xl/worksheets/sheet5.xml'
11:53:39.681 [main] DEBUG - Parsing relationship: /xl/_rels/workbook.xml.rels
11:53:39.682 [main] DEBUG - Parsing relationship: /xl/worksheets/_rels/sheet1.xml.rels
11:53:39.683 [main] DEBUG - Parsing relationship: /_rels/.rels
11:53:39.732 [main] DEBUG - Save content types part
11:53:39.734 [main] DEBUG - Save package relationships
11:53:39.736 [main] DEBUG - Save part 'docProps/app.xml'
11:53:39.737 [main] DEBUG - Save part 'docProps/core.xml'
11:53:39.739 [main] DEBUG - Save part 'xl/sharedStrings.xml'
11:53:39.739 [main] DEBUG - Save part 'xl/styles.xml'
11:53:39.740 [main] DEBUG - Save part 'xl/theme/theme1.xml'
11:53:39.741 [main] DEBUG - Save part 'xl/workbook.xml'
11:53:39.744 [main] DEBUG - Save part 'xl/worksheets/sheet1.xml'
11:53:39.747 [main] DEBUG - Save part 'xl/worksheets/sheet2.xml'
11:53:39.747 [main] DEBUG - Save part 'xl/worksheets/sheet3.xml'
11:53:39.748 [main] DEBUG - Save part 'xl/worksheets/sheet4.xml'
11:53:39.748 [main] DEBUG - Save part 'xl/worksheets/sheet5.xml'
11:53:39.783 [main] DEBUG - Parsing relationship: /xl/_rels/workbook.xml.rels
11:53:39.784 [main] DEBUG - Parsing relationship: /xl/worksheets/_rels/sheet1.xml.rels
11:53:39.784 [main] DEBUG - Parsing relationship: /_rels/.rels
11:53:39.821 [main] DEBUG - Save content types part
11:53:39.823 [main] DEBUG - Save package relationships
11:53:39.825 [main] DEBUG - Save part 'docProps/app.xml'
11:53:39.826 [main] DEBUG - Save part 'docProps/core.xml'
11:53:39.828 [main] DEBUG - Save part 'xl/sharedStrings.xml'
11:53:39.828 [main] DEBUG - Save part 'xl/styles.xml'
11:53:39.829 [main] DEBUG - Save part 'xl/theme/theme1.xml'
11:53:39.829 [main] DEBUG - Save part 'xl/workbook.xml'
11:53:39.831 [main] DEBUG - Save part 'xl/worksheets/sheet1.xml'
11:53:39.833 [main] DEBUG - Save part 'xl/worksheets/sheet2.xml'
11:53:39.833 [main] DEBUG - Save part 'xl/worksheets/sheet3.xml'
11:53:39.833 [main] DEBUG - Save part 'xl/worksheets/sheet4.xml'
11:53:39.834 [main] DEBUG - Save part 'xl/worksheets/sheet5.xml'
11:53:39.887 [main] DEBUG - Parsing relationship: /xl/_rels/workbook.xml.rels
11:53:39.888 [main] DEBUG - Parsing relationship: /xl/worksheets/_rels/sheet1.xml.rels
11:53:39.889 [main] DEBUG - Parsing relationship: /_rels/.rels
11:53:39.924 [main] DEBUG - Save content types part
11:53:39.926 [main] DEBUG - Save package relationships
11:53:39.928 [main] DEBUG - Save part 'docProps/app.xml'
11:53:39.928 [main] DEBUG - Save part 'docProps/core.xml'
11:53:39.930 [main] DEBUG - Save part 'xl/sharedStrings.xml'
11:53:39.930 [main] DEBUG - Save part 'xl/styles.xml'
11:53:39.932 [main] DEBUG - Save part 'xl/theme/theme1.xml'
11:53:39.933 [main] DEBUG - Save part 'xl/workbook.xml'
11:53:39.935 [main] DEBUG - Save part 'xl/worksheets/sheet1.xml'
11:53:39.936 [main] DEBUG - Save part 'xl/worksheets/sheet2.xml'
11:53:39.937 [main] DEBUG - Save part 'xl/worksheets/sheet3.xml'
11:53:39.937 [main] DEBUG - Save part 'xl/worksheets/sheet4.xml'
11:53:39.937 [main] DEBUG - Save part 'xl/worksheets/sheet5.xml'
11:53:39.966 [main] DEBUG - Parsing relationship: /xl/_rels/workbook.xml.rels
11:53:39.966 [main] DEBUG - Parsing relationship: /xl/worksheets/_rels/sheet1.xml.rels
11:53:39.967 [main] DEBUG - Parsing relationship: /_rels/.rels
11:53:39.997 [main] DEBUG - Save content types part
11:53:39.998 [main] DEBUG - Save package relationships
11:53:40.000 [main] DEBUG - Save part 'docProps/app.xml'
11:53:40.000 [main] DEBUG - Save part 'docProps/core.xml'
11:53:40.001 [main] DEBUG - Save part 'xl/sharedStrings.xml'
11:53:40.002 [main] DEBUG - Save part 'xl/styles.xml'
11:53:40.002 [main] DEBUG - Save part 'xl/theme/theme1.xml'
11:53:40.002 [main] DEBUG - Save part 'xl/workbook.xml'
11:53:40.004 [main] DEBUG - Save part 'xl/worksheets/sheet1.xml'
11:53:40.005 [main] DEBUG - Save part 'xl/worksheets/sheet2.xml'
11:53:40.006 [main] DEBUG - Save part 'xl/worksheets/sheet3.xml'
11:53:40.006 [main] DEBUG - Save part 'xl/worksheets/sheet4.xml'
11:53:40.006 [main] DEBUG - Save part 'xl/worksheets/sheet5.xml'
11:53:40.061 [main] DEBUG - Parsing relationship: /xl/_rels/workbook.xml.rels
11:53:40.062 [main] DEBUG - Parsing relationship: /xl/worksheets/_rels/sheet1.xml.rels
11:53:40.062 [main] DEBUG - Parsing relationship: /_rels/.rels
11:53:40.097 [main] DEBUG - Save content types part
11:53:40.099 [main] DEBUG - Save package relationships
11:53:40.100 [main] DEBUG - Save part 'docProps/app.xml'
11:53:40.101 [main] DEBUG - Save part 'docProps/core.xml'
11:53:40.102 [main] DEBUG - Save part 'xl/sharedStrings.xml'
11:53:40.103 [main] DEBUG - Save part 'xl/styles.xml'
11:53:40.103 [main] DEBUG - Save part 'xl/theme/theme1.xml'
11:53:40.104 [main] DEBUG - Save part 'xl/workbook.xml'
11:53:40.106 [main] DEBUG - Save part 'xl/worksheets/sheet1.xml'
11:53:40.109 [main] DEBUG - Save part 'xl/worksheets/sheet2.xml'
11:53:40.109 [main] DEBUG - Save part 'xl/worksheets/sheet3.xml'
11:53:40.109 [main] DEBUG - Save part 'xl/worksheets/sheet4.xml'
11:53:40.109 [main] DEBUG - Save part 'xl/worksheets/sheet5.xml'
11:53:40.142 [main] DEBUG - Parsing relationship: /xl/_rels/workbook.xml.rels
11:53:40.143 [main] DEBUG - Parsing relationship: /xl/worksheets/_rels/sheet1.xml.rels
11:53:40.144 [main] DEBUG - Parsing relationship: /_rels/.rels
11:53:40.176 [main] DEBUG - Save content types part
11:53:40.179 [main] DEBUG - Save package relationships
11:53:40.180 [main] DEBUG - Save part 'docProps/app.xml'
11:53:40.181 [main] DEBUG - Save part 'docProps/core.xml'
11:53:40.183 [main] DEBUG - Save part 'xl/sharedStrings.xml'
11:53:40.185 [main] DEBUG - Save part 'xl/styles.xml'
11:53:40.185 [main] DEBUG - Save part 'xl/theme/theme1.xml'
11:53:40.186 [main] DEBUG - Save part 'xl/workbook.xml'
11:53:40.188 [main] DEBUG - Save part 'xl/worksheets/sheet1.xml'
11:53:40.190 [main] DEBUG - Save part 'xl/worksheets/sheet2.xml'
11:53:40.190 [main] DEBUG - Save part 'xl/worksheets/sheet3.xml'
11:53:40.190 [main] DEBUG - Save part 'xl/worksheets/sheet4.xml'
11:53:40.190 [main] DEBUG - Save part 'xl/worksheets/sheet5.xml'
11:53:40.281 [main] DEBUG - Parsing relationship: /xl/_rels/workbook.xml.rels
11:53:40.283 [main] DEBUG - Parsing relationship: /xl/worksheets/_rels/sheet1.xml.rels
11:53:40.284 [main] DEBUG - Parsing relationship: /_rels/.rels
11:53:40.338 [main] DEBUG - Save content types part
11:53:40.341 [main] DEBUG - Save package relationships
11:53:40.343 [main] DEBUG - Save part 'docProps/app.xml'
11:53:40.343 [main] DEBUG - Save part 'docProps/core.xml'
11:53:40.345 [main] DEBUG - Save part 'xl/sharedStrings.xml'
11:53:40.345 [main] DEBUG - Save part 'xl/styles.xml'
11:53:40.346 [main] DEBUG - Save part 'xl/theme/theme1.xml'
11:53:40.346 [main] DEBUG - Save part 'xl/workbook.xml'
11:53:40.348 [main] DEBUG - Save part 'xl/worksheets/sheet1.xml'
11:53:40.349 [main] DEBUG - Save part 'xl/worksheets/sheet2.xml'
11:53:40.349 [main] DEBUG - Save part 'xl/worksheets/sheet3.xml'
11:53:40.350 [main] DEBUG - Save part 'xl/worksheets/sheet4.xml'
11:53:40.350 [main] DEBUG - Save part 'xl/worksheets/sheet5.xml'
11:53:40.376 [main] DEBUG - Parsing relationship: /xl/_rels/workbook.xml.rels
11:53:40.377 [main] DEBUG - Parsing relationship: /xl/worksheets/_rels/sheet1.xml.rels
11:53:40.377 [main] DEBUG - Parsing relationship: /_rels/.rels
11:53:40.405 [main] DEBUG - Save content types part
11:53:40.407 [main] DEBUG - Save package relationships
11:53:40.408 [main] DEBUG - Save part 'docProps/app.xml'
11:53:40.408 [main] DEBUG - Save part 'docProps/core.xml'
11:53:40.409 [main] DEBUG - Save part 'xl/sharedStrings.xml'
11:53:40.410 [main] DEBUG - Save part 'xl/styles.xml'
11:53:40.410 [main] DEBUG - Save part 'xl/theme/theme1.xml'
11:53:40.410 [main] DEBUG - Save part 'xl/workbook.xml'
11:53:40.411 [main] DEBUG - Save part 'xl/worksheets/sheet1.xml'
11:53:40.412 [main] DEBUG - Save part 'xl/worksheets/sheet2.xml'
11:53:40.412 [main] DEBUG - Save part 'xl/worksheets/sheet3.xml'
11:53:40.412 [main] DEBUG - Save part 'xl/worksheets/sheet4.xml'
11:53:40.412 [main] DEBUG - Save part 'xl/worksheets/sheet5.xml'
11:53:40.443 [main] DEBUG - Parsing relationship: /xl/_rels/workbook.xml.rels
11:53:40.443 [main] DEBUG - Parsing relationship: /xl/worksheets/_rels/sheet1.xml.rels
11:53:40.443 [main] DEBUG - Parsing relationship: /_rels/.rels
11:53:40.465 [main] DEBUG - Save content types part
11:53:40.466 [main] DEBUG - Save package relationships
11:53:40.467 [main] DEBUG - Save part 'docProps/app.xml'
11:53:40.467 [main] DEBUG - Save part 'docProps/core.xml'
11:53:40.469 [main] DEBUG - Save part 'xl/sharedStrings.xml'
11:53:40.469 [main] DEBUG - Save part 'xl/styles.xml'
11:53:40.469 [main] DEBUG - Save part 'xl/theme/theme1.xml'
11:53:40.470 [main] DEBUG - Save part 'xl/workbook.xml'
11:53:40.471 [main] DEBUG - Save part 'xl/worksheets/sheet1.xml'
11:53:40.472 [main] DEBUG - Save part 'xl/worksheets/sheet2.xml'
11:53:40.473 [main] DEBUG - Save part 'xl/worksheets/sheet3.xml'
11:53:40.473 [main] DEBUG - Save part 'xl/worksheets/sheet4.xml'
11:53:40.474 [main] DEBUG - Save part 'xl/worksheets/sheet5.xml'
11:53:40.497 [main] DEBUG - Parsing relationship: /xl/_rels/workbook.xml.rels
11:53:40.498 [main] DEBUG - Parsing relationship: /xl/worksheets/_rels/sheet1.xml.rels
11:53:40.499 [main] DEBUG - Parsing relationship: /_rels/.rels
11:53:40.526 [main] DEBUG - Save content types part
11:53:40.527 [main] DEBUG - Save package relationships
11:53:40.529 [main] DEBUG - Save part 'docProps/app.xml'
11:53:40.529 [main] DEBUG - Save part 'docProps/core.xml'
11:53:40.531 [main] DEBUG - Save part 'xl/sharedStrings.xml'
11:53:40.531 [main] DEBUG - Save part 'xl/styles.xml'
11:53:40.531 [main] DEBUG - Save part 'xl/theme/theme1.xml'
11:53:40.532 [main] DEBUG - Save part 'xl/workbook.xml'
11:53:40.535 [main] DEBUG - Save part 'xl/worksheets/sheet1.xml'
11:53:40.537 [main] DEBUG - Save part 'xl/worksheets/sheet2.xml'
11:53:40.537 [main] DEBUG - Save part 'xl/worksheets/sheet3.xml'
11:53:40.538 [main] DEBUG - Save part 'xl/worksheets/sheet4.xml'
11:53:40.538 [main] DEBUG - Save part 'xl/worksheets/sheet5.xml'
11:53:40.600 [main] DEBUG - Parsing relationship: /xl/_rels/workbook.xml.rels
11:53:40.601 [main] DEBUG - Parsing relationship: /xl/worksheets/_rels/sheet1.xml.rels
11:53:40.601 [main] DEBUG - Parsing relationship: /_rels/.rels
11:53:40.635 [main] DEBUG - Save content types part
11:53:40.637 [main] DEBUG - Save package relationships
11:53:40.639 [main] DEBUG - Save part 'docProps/app.xml'
11:53:40.639 [main] DEBUG - Save part 'docProps/core.xml'
11:53:40.641 [main] DEBUG - Save part 'xl/sharedStrings.xml'
11:53:40.642 [main] DEBUG - Save part 'xl/styles.xml'
11:53:40.642 [main] DEBUG - Save part 'xl/theme/theme1.xml'
11:53:40.643 [main] DEBUG - Save part 'xl/workbook.xml'
11:53:40.645 [main] DEBUG - Save part 'xl/worksheets/sheet1.xml'
11:53:40.647 [main] DEBUG - Save part 'xl/worksheets/sheet2.xml'
11:53:40.647 [main] DEBUG - Save part 'xl/worksheets/sheet3.xml'
11:53:40.648 [main] DEBUG - Save part 'xl/worksheets/sheet4.xml'
11:53:40.648 [main] DEBUG - Save part 'xl/worksheets/sheet5.xml'
11:53:40.673 [main] DEBUG - Parsing relationship: /xl/_rels/workbook.xml.rels
11:53:40.673 [main] DEBUG - Parsing relationship: /xl/worksheets/_rels/sheet1.xml.rels
11:53:40.674 [main] DEBUG - Parsing relationship: /_rels/.rels
11:53:40.705 [main] DEBUG - Save content types part
11:53:40.706 [main] DEBUG - Save package relationships
11:53:40.707 [main] DEBUG - Save part 'docProps/app.xml'
11:53:40.708 [main] DEBUG - Save part 'docProps/core.xml'
11:53:40.709 [main] DEBUG - Save part 'xl/sharedStrings.xml'
11:53:40.709 [main] DEBUG - Save part 'xl/styles.xml'
11:53:40.710 [main] DEBUG - Save part 'xl/theme/theme1.xml'
11:53:40.710 [main] DEBUG - Save part 'xl/workbook.xml'
11:53:40.711 [main] DEBUG - Save part 'xl/worksheets/sheet1.xml'
11:53:40.712 [main] DEBUG - Save part 'xl/worksheets/sheet2.xml'
11:53:40.712 [main] DEBUG - Save part 'xl/worksheets/sheet3.xml'
11:53:40.713 [main] DEBUG - Save part 'xl/worksheets/sheet4.xml'
11:53:40.713 [main] DEBUG - Save part 'xl/worksheets/sheet5.xml'
11:53:40.742 [main] DEBUG - Parsing relationship: /xl/_rels/workbook.xml.rels
11:53:40.743 [main] DEBUG - Parsing relationship: /xl/worksheets/_rels/sheet1.xml.rels
11:53:40.743 [main] DEBUG - Parsing relationship: /_rels/.rels
11:53:40.770 [main] DEBUG - Save content types part
11:53:40.771 [main] DEBUG - Save package relationships
11:53:40.772 [main] DEBUG - Save part 'docProps/app.xml'
11:53:40.773 [main] DEBUG - Save part 'docProps/core.xml'
11:53:40.774 [main] DEBUG - Save part 'xl/sharedStrings.xml'
11:53:40.774 [main] DEBUG - Save part 'xl/styles.xml'
11:53:40.774 [main] DEBUG - Save part 'xl/theme/theme1.xml'
11:53:40.776 [main] DEBUG - Save part 'xl/workbook.xml'
11:53:40.778 [main] DEBUG - Save part 'xl/worksheets/sheet1.xml'
11:53:40.779 [main] DEBUG - Save part 'xl/worksheets/sheet2.xml'
11:53:40.780 [main] DEBUG - Save part 'xl/worksheets/sheet3.xml'
11:53:40.780 [main] DEBUG - Save part 'xl/worksheets/sheet4.xml'
11:53:40.780 [main] DEBUG - Save part 'xl/worksheets/sheet5.xml'
11:53:40.805 [main] DEBUG - Parsing relationship: /xl/_rels/workbook.xml.rels
11:53:40.806 [main] DEBUG - Parsing relationship: /xl/worksheets/_rels/sheet1.xml.rels
11:53:40.807 [main] DEBUG - Parsing relationship: /_rels/.rels
11:53:40.845 [main] DEBUG - Save content types part
11:53:40.846 [main] DEBUG - Save package relationships
11:53:40.847 [main] DEBUG - Save part 'docProps/app.xml'
11:53:40.847 [main] DEBUG - Save part 'docProps/core.xml'
11:53:40.849 [main] DEBUG - Save part 'xl/sharedStrings.xml'
11:53:40.849 [main] DEBUG - Save part 'xl/styles.xml'
11:53:40.849 [main] DEBUG - Save part 'xl/theme/theme1.xml'
11:53:40.850 [main] DEBUG - Save part 'xl/workbook.xml'
11:53:40.856 [main] DEBUG - Save part 'xl/worksheets/sheet1.xml'
11:53:40.859 [main] DEBUG - Save part 'xl/worksheets/sheet2.xml'
11:53:40.859 [main] DEBUG - Save part 'xl/worksheets/sheet3.xml'
11:53:40.860 [main] DEBUG - Save part 'xl/worksheets/sheet4.xml'
11:53:40.860 [main] DEBUG - Save part 'xl/worksheets/sheet5.xml'
11:53:40.921 [main] DEBUG - Parsing relationship: /xl/_rels/workbook.xml.rels
11:53:40.922 [main] DEBUG - Parsing relationship: /xl/worksheets/_rels/sheet1.xml.rels
11:53:40.923 [main] DEBUG - Parsing relationship: /_rels/.rels
11:53:40.963 [main] DEBUG - Save content types part
11:53:40.965 [main] DEBUG - Save package relationships
11:53:40.966 [main] DEBUG - Save part 'docProps/app.xml'
11:53:40.967 [main] DEBUG - Save part 'docProps/core.xml'
11:53:40.968 [main] DEBUG - Save part 'xl/sharedStrings.xml'
11:53:40.969 [main] DEBUG - Save part 'xl/styles.xml'
11:53:40.969 [main] DEBUG - Save part 'xl/theme/theme1.xml'
11:53:40.970 [main] DEBUG - Save part 'xl/workbook.xml'
11:53:40.972 [main] DEBUG - Save part 'xl/worksheets/sheet1.xml'
11:53:40.974 [main] DEBUG - Save part 'xl/worksheets/sheet2.xml'
11:53:40.975 [main] DEBUG - Save part 'xl/worksheets/sheet3.xml'
11:53:40.975 [main] DEBUG - Save part 'xl/worksheets/sheet4.xml'
11:53:40.975 [main] DEBUG - Save part 'xl/worksheets/sheet5.xml'
11:53:41.002 [main] DEBUG - Parsing relationship: /xl/_rels/workbook.xml.rels
11:53:41.003 [main] DEBUG - Parsing relationship: /xl/worksheets/_rels/sheet1.xml.rels
11:53:41.004 [main] DEBUG - Parsing relationship: /_rels/.rels
11:53:41.044 [main] DEBUG - Save content types part
11:53:41.047 [main] DEBUG - Save package relationships
11:53:41.049 [main] DEBUG - Save part 'docProps/app.xml'
11:53:41.049 [main] DEBUG - Save part 'docProps/core.xml'
11:53:41.051 [main] DEBUG - Save part 'xl/sharedStrings.xml'
11:53:41.051 [main] DEBUG - Save part 'xl/styles.xml'
11:53:41.051 [main] DEBUG - Save part 'xl/theme/theme1.xml'
11:53:41.052 [main] DEBUG - Save part 'xl/workbook.xml'
11:53:41.054 [main] DEBUG - Save part 'xl/worksheets/sheet1.xml'
11:53:41.057 [main] DEBUG - Save part 'xl/worksheets/sheet2.xml'
11:53:41.057 [main] DEBUG - Save part 'xl/worksheets/sheet3.xml'
11:53:41.057 [main] DEBUG - Save part 'xl/worksheets/sheet4.xml'
11:53:41.058 [main] DEBUG - Save part 'xl/worksheets/sheet5.xml'
11:53:41.059 [main] INFO  - Extracting Languages
11:53:41.187 [main] INFO  - Closing See All section
11:53:41.359 [main] DEBUG - Parsing relationship: /xl/_rels/workbook.xml.rels
11:53:41.360 [main] DEBUG - Parsing relationship: /xl/worksheets/_rels/sheet1.xml.rels
11:53:41.360 [main] DEBUG - Parsing relationship: /_rels/.rels
11:53:41.379 [main] DEBUG - Save content types part
11:53:41.380 [main] DEBUG - Save package relationships
11:53:41.381 [main] DEBUG - Save part 'docProps/app.xml'
11:53:41.382 [main] DEBUG - Save part 'docProps/core.xml'
11:53:41.384 [main] DEBUG - Save part 'xl/sharedStrings.xml'
11:53:41.384 [main] DEBUG - Save part 'xl/styles.xml'
11:53:41.384 [main] DEBUG - Save part 'xl/theme/theme1.xml'
11:53:41.385 [main] DEBUG - Save part 'xl/workbook.xml'
11:53:41.386 [main] DEBUG - Save part 'xl/worksheets/sheet1.xml'
11:53:41.388 [main] DEBUG - Save part 'xl/worksheets/sheet2.xml'
11:53:41.388 [main] DEBUG - Save part 'xl/worksheets/sheet3.xml'
11:53:41.388 [main] DEBUG - Save part 'xl/worksheets/sheet4.xml'
11:53:41.388 [main] DEBUG - Save part 'xl/worksheets/sheet5.xml'
11:53:41.411 [main] DEBUG - Parsing relationship: /xl/_rels/workbook.xml.rels
11:53:41.412 [main] DEBUG - Parsing relationship: /xl/worksheets/_rels/sheet1.xml.rels
11:53:41.412 [main] DEBUG - Parsing relationship: /_rels/.rels
11:53:41.433 [main] DEBUG - Save content types part
11:53:41.434 [main] DEBUG - Save package relationships
11:53:41.435 [main] DEBUG - Save part 'docProps/app.xml'
11:53:41.435 [main] DEBUG - Save part 'docProps/core.xml'
11:53:41.436 [main] DEBUG - Save part 'xl/sharedStrings.xml'
11:53:41.436 [main] DEBUG - Save part 'xl/styles.xml'
11:53:41.437 [main] DEBUG - Save part 'xl/theme/theme1.xml'
11:53:41.437 [main] DEBUG - Save part 'xl/workbook.xml'
11:53:41.438 [main] DEBUG - Save part 'xl/worksheets/sheet1.xml'
11:53:41.440 [main] DEBUG - Save part 'xl/worksheets/sheet2.xml'
11:53:41.440 [main] DEBUG - Save part 'xl/worksheets/sheet3.xml'
11:53:41.440 [main] DEBUG - Save part 'xl/worksheets/sheet4.xml'
11:53:41.440 [main] DEBUG - Save part 'xl/worksheets/sheet5.xml'
11:53:41.461 [main] DEBUG - Parsing relationship: /xl/_rels/workbook.xml.rels
11:53:41.462 [main] DEBUG - Parsing relationship: /xl/worksheets/_rels/sheet1.xml.rels
11:53:41.462 [main] DEBUG - Parsing relationship: /_rels/.rels
11:53:41.479 [main] DEBUG - Save content types part
11:53:41.481 [main] DEBUG - Save package relationships
11:53:41.482 [main] DEBUG - Save part 'docProps/app.xml'
11:53:41.482 [main] DEBUG - Save part 'docProps/core.xml'
11:53:41.483 [main] DEBUG - Save part 'xl/sharedStrings.xml'
11:53:41.483 [main] DEBUG - Save part 'xl/styles.xml'
11:53:41.484 [main] DEBUG - Save part 'xl/theme/theme1.xml'
11:53:41.484 [main] DEBUG - Save part 'xl/workbook.xml'
11:53:41.485 [main] DEBUG - Save part 'xl/worksheets/sheet1.xml'
11:53:41.486 [main] DEBUG - Save part 'xl/worksheets/sheet2.xml'
11:53:41.486 [main] DEBUG - Save part 'xl/worksheets/sheet3.xml'
11:53:41.486 [main] DEBUG - Save part 'xl/worksheets/sheet4.xml'
11:53:41.486 [main] DEBUG - Save part 'xl/worksheets/sheet5.xml'
11:53:41.508 [main] DEBUG - Parsing relationship: /xl/_rels/workbook.xml.rels
11:53:41.509 [main] DEBUG - Parsing relationship: /xl/worksheets/_rels/sheet1.xml.rels
11:53:41.509 [main] DEBUG - Parsing relationship: /_rels/.rels
11:53:41.530 [main] DEBUG - Save content types part
11:53:41.532 [main] DEBUG - Save package relationships
11:53:41.533 [main] DEBUG - Save part 'docProps/app.xml'
11:53:41.533 [main] DEBUG - Save part 'docProps/core.xml'
11:53:41.534 [main] DEBUG - Save part 'xl/sharedStrings.xml'
11:53:41.534 [main] DEBUG - Save part 'xl/styles.xml'
11:53:41.535 [main] DEBUG - Save part 'xl/theme/theme1.xml'
11:53:41.535 [main] DEBUG - Save part 'xl/workbook.xml'
11:53:41.537 [main] DEBUG - Save part 'xl/worksheets/sheet1.xml'
11:53:41.538 [main] DEBUG - Save part 'xl/worksheets/sheet2.xml'
11:53:41.538 [main] DEBUG - Save part 'xl/worksheets/sheet3.xml'
11:53:41.538 [main] DEBUG - Save part 'xl/worksheets/sheet4.xml'
11:53:41.539 [main] DEBUG - Save part 'xl/worksheets/sheet5.xml'
11:53:41.567 [main] DEBUG - Parsing relationship: /xl/_rels/workbook.xml.rels
11:53:41.568 [main] DEBUG - Parsing relationship: /xl/worksheets/_rels/sheet1.xml.rels
11:53:41.568 [main] DEBUG - Parsing relationship: /_rels/.rels
11:53:41.582 [main] DEBUG - Save content types part
11:53:41.582 [main] DEBUG - Save package relationships
11:53:41.583 [main] DEBUG - Save part 'docProps/app.xml'
11:53:41.583 [main] DEBUG - Save part 'docProps/core.xml'
11:53:41.584 [main] DEBUG - Save part 'xl/sharedStrings.xml'
11:53:41.584 [main] DEBUG - Save part 'xl/styles.xml'
11:53:41.584 [main] DEBUG - Save part 'xl/theme/theme1.xml'
11:53:41.585 [main] DEBUG - Save part 'xl/workbook.xml'
11:53:41.586 [main] DEBUG - Save part 'xl/worksheets/sheet1.xml'
11:53:41.587 [main] DEBUG - Save part 'xl/worksheets/sheet2.xml'
11:53:41.587 [main] DEBUG - Save part 'xl/worksheets/sheet3.xml'
11:53:41.587 [main] DEBUG - Save part 'xl/worksheets/sheet4.xml'
11:53:41.588 [main] DEBUG - Save part 'xl/worksheets/sheet5.xml'
11:53:41.617 [main] DEBUG - Parsing relationship: /xl/_rels/workbook.xml.rels
11:53:41.618 [main] DEBUG - Parsing relationship: /xl/worksheets/_rels/sheet1.xml.rels
11:53:41.618 [main] DEBUG - Parsing relationship: /_rels/.rels
11:53:41.651 [main] DEBUG - Save content types part
11:53:41.652 [main] DEBUG - Save package relationships
11:53:41.653 [main] DEBUG - Save part 'docProps/app.xml'
11:53:41.653 [main] DEBUG - Save part 'docProps/core.xml'
11:53:41.654 [main] DEBUG - Save part 'xl/sharedStrings.xml'
11:53:41.654 [main] DEBUG - Save part 'xl/styles.xml'
11:53:41.655 [main] DEBUG - Save part 'xl/theme/theme1.xml'
11:53:41.655 [main] DEBUG - Save part 'xl/workbook.xml'
11:53:41.656 [main] DEBUG - Save part 'xl/worksheets/sheet1.xml'
11:53:41.658 [main] DEBUG - Save part 'xl/worksheets/sheet2.xml'
11:53:41.658 [main] DEBUG - Save part 'xl/worksheets/sheet3.xml'
11:53:41.658 [main] DEBUG - Save part 'xl/worksheets/sheet4.xml'
11:53:41.658 [main] DEBUG - Save part 'xl/worksheets/sheet5.xml'
11:53:41.765 [main] DEBUG - Parsing relationship: /xl/_rels/workbook.xml.rels
11:53:41.766 [main] DEBUG - Parsing relationship: /xl/worksheets/_rels/sheet1.xml.rels
11:53:41.767 [main] DEBUG - Parsing relationship: /_rels/.rels
11:53:41.805 [main] DEBUG - Save content types part
11:53:41.807 [main] DEBUG - Save package relationships
11:53:41.809 [main] DEBUG - Save part 'docProps/app.xml'
11:53:41.809 [main] DEBUG - Save part 'docProps/core.xml'
11:53:41.813 [main] DEBUG - Save part 'xl/sharedStrings.xml'
11:53:41.813 [main] DEBUG - Save part 'xl/styles.xml'
11:53:41.813 [main] DEBUG - Save part 'xl/theme/theme1.xml'
11:53:41.814 [main] DEBUG - Save part 'xl/workbook.xml'
11:53:41.815 [main] DEBUG - Save part 'xl/worksheets/sheet1.xml'
11:53:41.819 [main] DEBUG - Save part 'xl/worksheets/sheet2.xml'
11:53:41.819 [main] DEBUG - Save part 'xl/worksheets/sheet3.xml'
11:53:41.820 [main] DEBUG - Save part 'xl/worksheets/sheet4.xml'
11:53:41.820 [main] DEBUG - Save part 'xl/worksheets/sheet5.xml'
11:53:41.857 [main] DEBUG - Parsing relationship: /xl/_rels/workbook.xml.rels
11:53:41.858 [main] DEBUG - Parsing relationship: /xl/worksheets/_rels/sheet1.xml.rels
11:53:41.858 [main] DEBUG - Parsing relationship: /_rels/.rels
11:53:41.895 [main] DEBUG - Save content types part
11:53:41.897 [main] DEBUG - Save package relationships
11:53:41.898 [main] DEBUG - Save part 'docProps/app.xml'
11:53:41.899 [main] DEBUG - Save part 'docProps/core.xml'
11:53:41.900 [main] DEBUG - Save part 'xl/sharedStrings.xml'
11:53:41.901 [main] DEBUG - Save part 'xl/styles.xml'
11:53:41.902 [main] DEBUG - Save part 'xl/theme/theme1.xml'
11:53:41.902 [main] DEBUG - Save part 'xl/workbook.xml'
11:53:41.904 [main] DEBUG - Save part 'xl/worksheets/sheet1.xml'
11:53:41.906 [main] DEBUG - Save part 'xl/worksheets/sheet2.xml'
11:53:41.906 [main] DEBUG - Save part 'xl/worksheets/sheet3.xml'
11:53:41.906 [main] DEBUG - Save part 'xl/worksheets/sheet4.xml'
11:53:41.906 [main] DEBUG - Save part 'xl/worksheets/sheet5.xml'
11:53:41.907 [main] INFO  - Extracting Difficulty levels
11:53:41.909 [main] INFO  - Clicking Home Button
11:54:54.328 [main] DEBUG - Parsing relationship: /xl/_rels/workbook.xml.rels
11:54:54.328 [main] DEBUG - Parsing relationship: /xl/worksheets/_rels/sheet1.xml.rels
11:54:54.330 [main] DEBUG - Parsing relationship: /_rels/.rels
11:54:54.365 [main] DEBUG - Save content types part
11:54:54.368 [main] DEBUG - Save package relationships
11:54:54.370 [main] DEBUG - Save part 'docProps/app.xml'
11:54:54.370 [main] DEBUG - Save part 'docProps/core.xml'
11:54:54.372 [main] DEBUG - Save part 'xl/sharedStrings.xml'
11:54:54.372 [main] DEBUG - Save part 'xl/styles.xml'
11:54:54.373 [main] DEBUG - Save part 'xl/theme/theme1.xml'
11:54:54.373 [main] DEBUG - Save part 'xl/workbook.xml'
11:54:54.375 [main] DEBUG - Save part 'xl/worksheets/sheet1.xml'
11:54:54.377 [main] DEBUG - Save part 'xl/worksheets/sheet2.xml'
11:54:54.377 [main] DEBUG - Save part 'xl/worksheets/sheet3.xml'
11:54:54.377 [main] DEBUG - Save part 'xl/worksheets/sheet4.xml'
11:54:54.378 [main] DEBUG - Save part 'xl/worksheets/sheet5.xml'
11:54:54.462 [main] DEBUG - Parsing relationship: /xl/_rels/workbook.xml.rels
11:54:54.462 [main] DEBUG - Parsing relationship: /xl/worksheets/_rels/sheet1.xml.rels
11:54:54.463 [main] DEBUG - Parsing relationship: /_rels/.rels
11:54:54.506 [main] DEBUG - Save content types part
11:54:54.507 [main] DEBUG - Save package relationships
11:54:54.508 [main] DEBUG - Save part 'docProps/app.xml'
11:54:54.508 [main] DEBUG - Save part 'docProps/core.xml'
11:54:54.509 [main] DEBUG - Save part 'xl/sharedStrings.xml'
11:54:54.509 [main] DEBUG - Save part 'xl/styles.xml'
11:54:54.510 [main] DEBUG - Save part 'xl/theme/theme1.xml'
11:54:54.510 [main] DEBUG - Save part 'xl/workbook.xml'
11:54:54.512 [main] DEBUG - Save part 'xl/worksheets/sheet1.xml'
11:54:54.513 [main] DEBUG - Save part 'xl/worksheets/sheet2.xml'
11:54:54.513 [main] DEBUG - Save part 'xl/worksheets/sheet3.xml'
11:54:54.513 [main] DEBUG - Save part 'xl/worksheets/sheet4.xml'
11:54:54.513 [main] DEBUG - Save part 'xl/worksheets/sheet5.xml'
11:54:54.774 [main] INFO  - Taking screenshot
11:54:54.775 [main] INFO  - Quitting the website
12:08:44.815 [main] INFO  - Website is opened
12:08:59.376 [main] INFO  - Taking screenshot
12:08:59.378 [main] INFO  - Quitting the website
12:09:26.401 [main] INFO  - Website is opened
12:09:31.096 [main] INFO  - Clicking search button
12:10:13.263 [main] INFO  - Clicking English checkbox
12:10:19.320 [main] INFO  - Quitting the website
12:10:44.355 [main] INFO  - Website is opened
12:10:48.983 [main] INFO  - Clicking search button
12:11:34.389 [main] INFO  - Clicking English checkbox
12:11:39.365 [main] INFO  - Clicking English check box
12:11:39.382 [main] INFO  - Clicking Beginner checkbox
12:11:44.408 [main] INFO  - Scrolling and clicking beginner box
12:11:50.658 [main] INFO  - Clicking First Course
12:12:01.664 [main] INFO  - Taking screenshot
12:12:01.668 [main] INFO  - Quitting the website
12:13:32.005 [main] INFO  - Website is opened
12:13:40.093 [main] INFO  - Clicking search button
12:14:27.806 [main] INFO  - Clicking English checkbox
12:14:34.584 [main] INFO  - Clicking English check box
12:14:34.622 [main] INFO  - Clicking Beginner checkbox
12:14:46.552 [main] INFO  - Scrolling and clicking beginner box
12:14:54.646 [main] INFO  - Clicking First Course
12:15:04.472 [main] INFO  - Quitting the website
