17:47:10.939 [main] DEBUG - Save part 'xl/worksheets/sheet5.xml'
17:47:10.975 [main] DEBUG - Parsing relationship: /xl/_rels/workbook.xml.rels
17:47:10.977 [main] DEBUG - Parsing relationship: /xl/worksheets/_rels/sheet1.xml.rels
17:47:10.979 [main] DEBUG - Parsing relationship: /_rels/.rels
17:47:11.086 [main] DEBUG - Save content types part
17:47:11.090 [main] DEBUG - Save package relationships
17:47:11.092 [main] DEBUG - Save part 'docProps/app.xml'
17:47:11.093 [main] DEBUG - Save part 'docProps/core.xml'
17:47:11.097 [main] DEBUG - Save part 'xl/sharedStrings.xml'
17:47:11.097 [main] DEBUG - Save part 'xl/styles.xml'
17:47:11.107 [main] DEBUG - Save part 'xl/theme/theme1.xml'
17:47:11.108 [main] DEBUG - Save part 'xl/workbook.xml'
17:47:11.111 [main] DEBUG - Save part 'xl/worksheets/sheet1.xml'
17:47:11.114 [main] DEBUG - Save part 'xl/worksheets/sheet2.xml'
17:47:11.115 [main] DEBUG - Save part 'xl/worksheets/sheet3.xml'
17:47:11.115 [main] DEBUG - Save part 'xl/worksheets/sheet4.xml'
17:47:11.116 [main] DEBUG - Save part 'xl/worksheets/sheet5.xml'
17:47:13.264 [main] INFO  - Returning to Parent Window
17:47:13.460 [main] INFO  - Clearing search box
17:47:13.992 [main] INFO  - Searching values
17:47:13.994 [main] INFO  - Clicking search button
17:47:14.777 [main] INFO  - Clicking See All link
17:47:15.264 [main] DEBUG - Parsing relationship: /xl/_rels/workbook.xml.rels
17:47:15.266 [main] DEBUG - Parsing relationship: /xl/worksheets/_rels/sheet1.xml.rels
17:47:15.267 [main] DEBUG - Parsing relationship: /_rels/.rels
17:47:15.437 [main] DEBUG - Save content types part
17:47:15.440 [main] DEBUG - Save package relationships
17:47:15.444 [main] DEBUG - Save part 'docProps/app.xml'
17:47:15.445 [main] DEBUG - Save part 'docProps/core.xml'
17:47:15.449 [main] DEBUG - Save part 'xl/sharedStrings.xml'
17:47:15.449 [main] DEBUG - Save part 'xl/styles.xml'
17:47:15.450 [main] DEBUG - Save part 'xl/theme/theme1.xml'
17:47:15.451 [main] DEBUG - Save part 'xl/workbook.xml'
17:47:15.455 [main] DEBUG - Save part 'xl/worksheets/sheet1.xml'
17:47:15.458 [main] DEBUG - Save part 'xl/worksheets/sheet2.xml'
17:47:15.459 [main] DEBUG - Save part 'xl/worksheets/sheet3.xml'
17:47:15.459 [main] DEBUG - Save part 'xl/worksheets/sheet4.xml'
17:47:15.460 [main] DEBUG - Save part 'xl/worksheets/sheet5.xml'
17:47:15.474 [main] DEBUG - Parsing relationship: /xl/_rels/workbook.xml.rels
17:47:15.476 [main] DEBUG - Parsing relationship: /xl/worksheets/_rels/sheet1.xml.rels
17:47:15.478 [main] DEBUG - Parsing relationship: /_rels/.rels
17:47:15.574 [main] DEBUG - Save content types part
17:47:15.578 [main] DEBUG - Save package relationships
17:47:15.580 [main] DEBUG - Save part 'docProps/app.xml'
17:47:15.581 [main] DEBUG - Save part 'docProps/core.xml'
17:47:15.585 [main] DEBUG - Save part 'xl/sharedStrings.xml'
17:47:15.586 [main] DEBUG - Save part 'xl/styles.xml'
17:47:15.587 [main] DEBUG - Save part 'xl/theme/theme1.xml'
17:47:15.589 [main] DEBUG - Save part 'xl/workbook.xml'
17:47:15.594 [main] DEBUG - Save part 'xl/worksheets/sheet1.xml'
17:47:15.597 [main] DEBUG - Save part 'xl/worksheets/sheet2.xml'
17:47:15.598 [main] DEBUG - Save part 'xl/worksheets/sheet3.xml'
17:47:15.599 [main] DEBUG - Save part 'xl/worksheets/sheet4.xml'
17:47:15.599 [main] DEBUG - Save part 'xl/worksheets/sheet5.xml'
17:47:15.762 [main] DEBUG - Parsing relationship: /xl/_rels/workbook.xml.rels
17:47:15.763 [main] DEBUG - Parsing relationship: /xl/worksheets/_rels/sheet1.xml.rels
17:47:15.765 [main] DEBUG - Parsing relationship: /_rels/.rels
17:47:15.843 [main] DEBUG - Save content types part
17:47:15.847 [main] DEBUG - Save package relationships
17:47:15.849 [main] DEBUG - Save part 'docProps/app.xml'
17:47:15.851 [main] DEBUG - Save part 'docProps/core.xml'
17:47:15.854 [main] DEBUG - Save part 'xl/sharedStrings.xml'
17:47:15.855 [main] DEBUG - Save part 'xl/styles.xml'
17:47:15.856 [main] DEBUG - Save part 'xl/theme/theme1.xml'
17:47:15.857 [main] DEBUG - Save part 'xl/workbook.xml'
17:47:15.860 [main] DEBUG - Save part 'xl/worksheets/sheet1.xml'
17:47:15.863 [main] DEBUG - Save part 'xl/worksheets/sheet2.xml'
17:47:15.864 [main] DEBUG - Save part 'xl/worksheets/sheet3.xml'
17:47:15.864 [main] DEBUG - Save part 'xl/worksheets/sheet4.xml'
17:47:15.865 [main] DEBUG - Save part 'xl/worksheets/sheet5.xml'
17:47:15.878 [main] DEBUG - Parsing relationship: /xl/_rels/workbook.xml.rels
17:47:15.879 [main] DEBUG - Parsing relationship: /xl/worksheets/_rels/sheet1.xml.rels
17:47:15.880 [main] DEBUG - Parsing relationship: /_rels/.rels
17:47:15.951 [main] DEBUG - Save content types part
17:47:16.008 [main] DEBUG - Save package relationships
17:47:16.010 [main] DEBUG - Save part 'docProps/app.xml'
17:47:16.010 [main] DEBUG - Save part 'docProps/core.xml'
17:47:16.014 [main] DEBUG - Save part 'xl/sharedStrings.xml'
17:47:16.015 [main] DEBUG - Save part 'xl/styles.xml'
17:47:16.015 [main] DEBUG - Save part 'xl/theme/theme1.xml'
17:47:16.017 [main] DEBUG - Save part 'xl/workbook.xml'
17:47:16.088 [main] DEBUG - Save part 'xl/worksheets/sheet1.xml'
17:47:16.091 [main] DEBUG - Save part 'xl/worksheets/sheet2.xml'
17:47:16.091 [main] DEBUG - Save part 'xl/worksheets/sheet3.xml'
17:47:16.092 [main] DEBUG - Save part 'xl/worksheets/sheet4.xml'
17:47:16.092 [main] DEBUG - Save part 'xl/worksheets/sheet5.xml'
17:47:16.287 [main] DEBUG - Parsing relationship: /xl/_rels/workbook.xml.rels
17:47:16.288 [main] DEBUG - Parsing relationship: /xl/worksheets/_rels/sheet1.xml.rels
17:47:16.289 [main] DEBUG - Parsing relationship: /_rels/.rels
17:47:16.488 [main] DEBUG - Save content types part
17:47:16.490 [main] DEBUG - Save package relationships
17:47:16.491 [main] DEBUG - Save part 'docProps/app.xml'
17:47:16.491 [main] DEBUG - Save part 'docProps/core.xml'
17:47:16.494 [main] DEBUG - Save part 'xl/sharedStrings.xml'
17:47:16.494 [main] DEBUG - Save part 'xl/styles.xml'
17:47:16.495 [main] DEBUG - Save part 'xl/theme/theme1.xml'
17:47:16.496 [main] DEBUG - Save part 'xl/workbook.xml'
17:47:16.498 [main] DEBUG - Save part 'xl/worksheets/sheet1.xml'
17:47:16.500 [main] DEBUG - Save part 'xl/worksheets/sheet2.xml'
17:47:16.501 [main] DEBUG - Save part 'xl/worksheets/sheet3.xml'
17:47:16.502 [main] DEBUG - Save part 'xl/worksheets/sheet4.xml'
17:47:16.502 [main] DEBUG - Save part 'xl/worksheets/sheet5.xml'
17:47:16.854 [main] DEBUG - Parsing relationship: /xl/_rels/workbook.xml.rels
17:47:16.855 [main] DEBUG - Parsing relationship: /xl/worksheets/_rels/sheet1.xml.rels
17:47:16.857 [main] DEBUG - Parsing relationship: /_rels/.rels
17:47:17.357 [main] DEBUG - Save content types part
17:47:17.489 [main] DEBUG - Save package relationships
17:47:17.493 [main] DEBUG - Save part 'docProps/app.xml'
17:47:17.494 [main] DEBUG - Save part 'docProps/core.xml'
17:47:17.508 [main] DEBUG - Save part 'xl/sharedStrings.xml'
17:47:17.509 [main] DEBUG - Save part 'xl/styles.xml'
17:47:17.510 [main] DEBUG - Save part 'xl/theme/theme1.xml'
17:47:17.634 [main] DEBUG - Save part 'xl/workbook.xml'
17:47:17.638 [main] DEBUG - Save part 'xl/worksheets/sheet1.xml'
17:47:17.643 [main] DEBUG - Save part 'xl/worksheets/sheet2.xml'
17:47:17.644 [main] DEBUG - Save part 'xl/worksheets/sheet3.xml'
17:47:17.645 [main] DEBUG - Save part 'xl/worksheets/sheet4.xml'
17:47:17.645 [main] DEBUG - Save part 'xl/worksheets/sheet5.xml'
17:47:17.702 [main] DEBUG - Parsing relationship: /xl/_rels/workbook.xml.rels
17:47:17.703 [main] DEBUG - Parsing relationship: /xl/worksheets/_rels/sheet1.xml.rels
17:47:17.704 [main] DEBUG - Parsing relationship: /_rels/.rels
17:47:17.927 [main] DEBUG - Save content types part
17:47:17.932 [main] DEBUG - Save package relationships
17:47:17.944 [main] DEBUG - Save part 'docProps/app.xml'
17:47:17.944 [main] DEBUG - Save part 'docProps/core.xml'
17:47:17.947 [main] DEBUG - Save part 'xl/sharedStrings.xml'
17:47:17.951 [main] DEBUG - Save part 'xl/styles.xml'
17:47:17.952 [main] DEBUG - Save part 'xl/theme/theme1.xml'
17:47:17.953 [main] DEBUG - Save part 'xl/workbook.xml'
17:47:18.052 [main] DEBUG - Save part 'xl/worksheets/sheet1.xml'
17:47:18.054 [main] DEBUG - Save part 'xl/worksheets/sheet2.xml'
17:47:18.054 [main] DEBUG - Save part 'xl/worksheets/sheet3.xml'
17:47:18.055 [main] DEBUG - Save part 'xl/worksheets/sheet4.xml'
17:47:18.055 [main] DEBUG - Save part 'xl/worksheets/sheet5.xml'
17:47:18.067 [main] DEBUG - Parsing relationship: /xl/_rels/workbook.xml.rels
17:47:18.068 [main] DEBUG - Parsing relationship: /xl/worksheets/_rels/sheet1.xml.rels
17:47:18.069 [main] DEBUG - Parsing relationship: /_rels/.rels
17:47:18.247 [main] DEBUG - Save content types part
17:47:18.249 [main] DEBUG - Save package relationships
17:47:18.250 [main] DEBUG - Save part 'docProps/app.xml'
17:47:18.250 [main] DEBUG - Save part 'docProps/core.xml'
17:47:18.280 [main] DEBUG - Save part 'xl/sharedStrings.xml'
17:47:18.283 [main] DEBUG - Save part 'xl/styles.xml'
17:47:18.284 [main] DEBUG - Save part 'xl/theme/theme1.xml'
17:47:18.289 [main] DEBUG - Save part 'xl/workbook.xml'
17:47:18.460 [main] DEBUG - Save part 'xl/worksheets/sheet1.xml'
17:47:18.495 [main] DEBUG - Save part 'xl/worksheets/sheet2.xml'
17:47:18.497 [main] DEBUG - Save part 'xl/worksheets/sheet3.xml'
17:47:18.498 [main] DEBUG - Save part 'xl/worksheets/sheet4.xml'
17:47:18.498 [main] DEBUG - Save part 'xl/worksheets/sheet5.xml'
17:47:18.649 [main] DEBUG - Parsing relationship: /xl/_rels/workbook.xml.rels
17:47:18.650 [main] DEBUG - Parsing relationship: /xl/worksheets/_rels/sheet1.xml.rels
17:47:18.651 [main] DEBUG - Parsing relationship: /_rels/.rels
17:47:18.723 [main] DEBUG - Save content types part
17:47:18.727 [main] DEBUG - Save package relationships
17:47:18.729 [main] DEBUG - Save part 'docProps/app.xml'
17:47:18.731 [main] DEBUG - Save part 'docProps/core.xml'
17:47:18.735 [main] DEBUG - Save part 'xl/sharedStrings.xml'
17:47:18.737 [main] DEBUG - Save part 'xl/styles.xml'
17:47:18.737 [main] DEBUG - Save part 'xl/theme/theme1.xml'
17:47:18.738 [main] DEBUG - Save part 'xl/workbook.xml'
17:47:18.864 [main] DEBUG - Save part 'xl/worksheets/sheet1.xml'
17:47:18.866 [main] DEBUG - Save part 'xl/worksheets/sheet2.xml'
17:47:18.867 [main] DEBUG - Save part 'xl/worksheets/sheet3.xml'
17:47:18.868 [main] DEBUG - Save part 'xl/worksheets/sheet4.xml'
17:47:18.869 [main] DEBUG - Save part 'xl/worksheets/sheet5.xml'
17:47:18.893 [main] DEBUG - Parsing relationship: /xl/_rels/workbook.xml.rels
17:47:18.895 [main] DEBUG - Parsing relationship: /xl/worksheets/_rels/sheet1.xml.rels
17:47:18.912 [main] DEBUG - Parsing relationship: /_rels/.rels
17:47:19.191 [main] DEBUG - Save content types part
17:47:19.193 [main] DEBUG - Save package relationships
17:47:19.195 [main] DEBUG - Save part 'docProps/app.xml'
17:47:19.196 [main] DEBUG - Save part 'docProps/core.xml'
17:47:19.198 [main] DEBUG - Save part 'xl/sharedStrings.xml'
17:47:19.199 [main] DEBUG - Save part 'xl/styles.xml'
17:47:19.199 [main] DEBUG - Save part 'xl/theme/theme1.xml'
17:47:19.200 [main] DEBUG - Save part 'xl/workbook.xml'
17:47:19.202 [main] DEBUG - Save part 'xl/worksheets/sheet1.xml'
17:47:19.206 [main] DEBUG - Save part 'xl/worksheets/sheet2.xml'
17:47:19.207 [main] DEBUG - Save part 'xl/worksheets/sheet3.xml'
17:47:19.207 [main] DEBUG - Save part 'xl/worksheets/sheet4.xml'
17:47:19.208 [main] DEBUG - Save part 'xl/worksheets/sheet5.xml'
17:47:19.276 [main] DEBUG - Parsing relationship: /xl/_rels/workbook.xml.rels
17:47:19.278 [main] DEBUG - Parsing relationship: /xl/worksheets/_rels/sheet1.xml.rels
17:47:19.279 [main] DEBUG - Parsing relationship: /_rels/.rels
17:47:19.335 [main] DEBUG - Save content types part
17:47:19.340 [main] DEBUG - Save package relationships
17:47:19.347 [main] DEBUG - Save part 'docProps/app.xml'
17:47:19.347 [main] DEBUG - Save part 'docProps/core.xml'
17:47:19.352 [main] DEBUG - Save part 'xl/sharedStrings.xml'
17:47:19.353 [main] DEBUG - Save part 'xl/styles.xml'
17:47:19.354 [main] DEBUG - Save part 'xl/theme/theme1.xml'
17:47:19.356 [main] DEBUG - Save part 'xl/workbook.xml'
17:47:19.360 [main] DEBUG - Save part 'xl/worksheets/sheet1.xml'
17:47:19.363 [main] DEBUG - Save part 'xl/worksheets/sheet2.xml'
17:47:19.363 [main] DEBUG - Save part 'xl/worksheets/sheet3.xml'
17:47:19.364 [main] DEBUG - Save part 'xl/worksheets/sheet4.xml'
17:47:19.364 [main] DEBUG - Save part 'xl/worksheets/sheet5.xml'
17:47:19.374 [main] DEBUG - Parsing relationship: /xl/_rels/workbook.xml.rels
17:47:19.375 [main] DEBUG - Parsing relationship: /xl/worksheets/_rels/sheet1.xml.rels
17:47:19.376 [main] DEBUG - Parsing relationship: /_rels/.rels
17:47:19.422 [main] DEBUG - Save content types part
17:47:19.425 [main] DEBUG - Save package relationships
17:47:19.428 [main] DEBUG - Save part 'docProps/app.xml'
17:47:19.428 [main] DEBUG - Save part 'docProps/core.xml'
17:47:19.436 [main] DEBUG - Save part 'xl/sharedStrings.xml'
17:47:19.437 [main] DEBUG - Save part 'xl/styles.xml'
17:47:19.437 [main] DEBUG - Save part 'xl/theme/theme1.xml'
17:47:19.438 [main] DEBUG - Save part 'xl/workbook.xml'
17:47:19.441 [main] DEBUG - Save part 'xl/worksheets/sheet1.xml'
17:47:19.443 [main] DEBUG - Save part 'xl/worksheets/sheet2.xml'
17:47:19.444 [main] DEBUG - Save part 'xl/worksheets/sheet3.xml'
17:47:19.445 [main] DEBUG - Save part 'xl/worksheets/sheet4.xml'
17:47:19.445 [main] DEBUG - Save part 'xl/worksheets/sheet5.xml'
17:47:19.530 [main] DEBUG - Parsing relationship: /xl/_rels/workbook.xml.rels
17:47:19.532 [main] DEBUG - Parsing relationship: /xl/worksheets/_rels/sheet1.xml.rels
17:47:19.533 [main] DEBUG - Parsing relationship: /_rels/.rels
17:47:19.587 [main] DEBUG - Save content types part
17:47:19.590 [main] DEBUG - Save package relationships
17:47:19.592 [main] DEBUG - Save part 'docProps/app.xml'
17:47:19.593 [main] DEBUG - Save part 'docProps/core.xml'
17:47:19.596 [main] DEBUG - Save part 'xl/sharedStrings.xml'
17:47:19.597 [main] DEBUG - Save part 'xl/styles.xml'
17:47:19.597 [main] DEBUG - Save part 'xl/theme/theme1.xml'
17:47:19.598 [main] DEBUG - Save part 'xl/workbook.xml'
17:47:19.601 [main] DEBUG - Save part 'xl/worksheets/sheet1.xml'
17:47:19.604 [main] DEBUG - Save part 'xl/worksheets/sheet2.xml'
17:47:19.604 [main] DEBUG - Save part 'xl/worksheets/sheet3.xml'
17:47:19.605 [main] DEBUG - Save part 'xl/worksheets/sheet4.xml'
17:47:19.605 [main] DEBUG - Save part 'xl/worksheets/sheet5.xml'
17:47:19.622 [main] DEBUG - Parsing relationship: /xl/_rels/workbook.xml.rels
17:47:19.623 [main] DEBUG - Parsing relationship: /xl/worksheets/_rels/sheet1.xml.rels
17:47:19.625 [main] DEBUG - Parsing relationship: /_rels/.rels
17:47:19.675 [main] DEBUG - Save content types part
17:47:19.678 [main] DEBUG - Save package relationships
17:47:19.680 [main] DEBUG - Save part 'docProps/app.xml'
17:47:19.680 [main] DEBUG - Save part 'docProps/core.xml'
17:47:19.683 [main] DEBUG - Save part 'xl/sharedStrings.xml'
17:47:19.684 [main] DEBUG - Save part 'xl/styles.xml'
17:47:19.684 [main] DEBUG - Save part 'xl/theme/theme1.xml'
17:47:19.685 [main] DEBUG - Save part 'xl/workbook.xml'
17:47:19.688 [main] DEBUG - Save part 'xl/worksheets/sheet1.xml'
17:47:19.691 [main] DEBUG - Save part 'xl/worksheets/sheet2.xml'
17:47:19.691 [main] DEBUG - Save part 'xl/worksheets/sheet3.xml'
17:47:19.692 [main] DEBUG - Save part 'xl/worksheets/sheet4.xml'
17:47:19.692 [main] DEBUG - Save part 'xl/worksheets/sheet5.xml'
17:47:19.745 [main] DEBUG - Parsing relationship: /xl/_rels/workbook.xml.rels
17:47:19.747 [main] DEBUG - Parsing relationship: /xl/worksheets/_rels/sheet1.xml.rels
17:47:19.747 [main] DEBUG - Parsing relationship: /_rels/.rels
17:47:19.804 [main] DEBUG - Save content types part
17:47:19.807 [main] DEBUG - Save package relationships
17:47:19.811 [main] DEBUG - Save part 'docProps/app.xml'
17:47:19.812 [main] DEBUG - Save part 'docProps/core.xml'
17:47:19.818 [main] DEBUG - Save part 'xl/sharedStrings.xml'
17:47:19.819 [main] DEBUG - Save part 'xl/styles.xml'
17:47:19.820 [main] DEBUG - Save part 'xl/theme/theme1.xml'
17:47:19.821 [main] DEBUG - Save part 'xl/workbook.xml'
17:47:19.823 [main] DEBUG - Save part 'xl/worksheets/sheet1.xml'
17:47:19.826 [main] DEBUG - Save part 'xl/worksheets/sheet2.xml'
17:47:19.826 [main] DEBUG - Save part 'xl/worksheets/sheet3.xml'
17:47:19.827 [main] DEBUG - Save part 'xl/worksheets/sheet4.xml'
17:47:19.827 [main] DEBUG - Save part 'xl/worksheets/sheet5.xml'
17:47:19.837 [main] DEBUG - Parsing relationship: /xl/_rels/workbook.xml.rels
17:47:19.838 [main] DEBUG - Parsing relationship: /xl/worksheets/_rels/sheet1.xml.rels
17:47:19.839 [main] DEBUG - Parsing relationship: /_rels/.rels
17:47:19.884 [main] DEBUG - Save content types part
17:47:19.886 [main] DEBUG - Save package relationships
17:47:19.887 [main] DEBUG - Save part 'docProps/app.xml'
17:47:19.888 [main] DEBUG - Save part 'docProps/core.xml'
17:47:19.890 [main] DEBUG - Save part 'xl/sharedStrings.xml'
17:47:19.890 [main] DEBUG - Save part 'xl/styles.xml'
17:47:19.891 [main] DEBUG - Save part 'xl/theme/theme1.xml'
17:47:19.892 [main] DEBUG - Save part 'xl/workbook.xml'
17:47:19.894 [main] DEBUG - Save part 'xl/worksheets/sheet1.xml'
17:47:19.896 [main] DEBUG - Save part 'xl/worksheets/sheet2.xml'
17:47:19.897 [main] DEBUG - Save part 'xl/worksheets/sheet3.xml'
17:47:19.898 [main] DEBUG - Save part 'xl/worksheets/sheet4.xml'
17:47:19.898 [main] DEBUG - Save part 'xl/worksheets/sheet5.xml'
17:47:19.996 [main] DEBUG - Parsing relationship: /xl/_rels/workbook.xml.rels
17:47:19.997 [main] DEBUG - Parsing relationship: /xl/worksheets/_rels/sheet1.xml.rels
17:47:20.047 [main] DEBUG - Parsing relationship: /_rels/.rels
17:47:20.098 [main] DEBUG - Save content types part
17:47:20.101 [main] DEBUG - Save package relationships
17:47:20.102 [main] DEBUG - Save part 'docProps/app.xml'
17:47:20.103 [main] DEBUG - Save part 'docProps/core.xml'
17:47:20.106 [main] DEBUG - Save part 'xl/sharedStrings.xml'
17:47:20.106 [main] DEBUG - Save part 'xl/styles.xml'
17:47:20.107 [main] DEBUG - Save part 'xl/theme/theme1.xml'
17:47:20.107 [main] DEBUG - Save part 'xl/workbook.xml'
17:47:20.110 [main] DEBUG - Save part 'xl/worksheets/sheet1.xml'
17:47:20.112 [main] DEBUG - Save part 'xl/worksheets/sheet2.xml'
17:47:20.112 [main] DEBUG - Save part 'xl/worksheets/sheet3.xml'
17:47:20.113 [main] DEBUG - Save part 'xl/worksheets/sheet4.xml'
17:47:20.113 [main] DEBUG - Save part 'xl/worksheets/sheet5.xml'
17:47:20.126 [main] DEBUG - Parsing relationship: /xl/_rels/workbook.xml.rels
17:47:20.128 [main] DEBUG - Parsing relationship: /xl/worksheets/_rels/sheet1.xml.rels
17:47:20.128 [main] DEBUG - Parsing relationship: /_rels/.rels
17:47:20.311 [main] DEBUG - Save content types part
17:47:20.313 [main] DEBUG - Save package relationships
17:47:20.322 [main] DEBUG - Save part 'docProps/app.xml'
17:47:20.322 [main] DEBUG - Save part 'docProps/core.xml'
17:47:20.328 [main] DEBUG - Save part 'xl/sharedStrings.xml'
17:47:20.329 [main] DEBUG - Save part 'xl/styles.xml'
17:47:20.330 [main] DEBUG - Save part 'xl/theme/theme1.xml'
17:47:20.330 [main] DEBUG - Save part 'xl/workbook.xml'
17:47:20.332 [main] DEBUG - Save part 'xl/worksheets/sheet1.xml'
17:47:20.334 [main] DEBUG - Save part 'xl/worksheets/sheet2.xml'
17:47:20.334 [main] DEBUG - Save part 'xl/worksheets/sheet3.xml'
17:47:20.335 [main] DEBUG - Save part 'xl/worksheets/sheet4.xml'
17:47:20.335 [main] DEBUG - Save part 'xl/worksheets/sheet5.xml'
17:47:20.375 [main] DEBUG - Parsing relationship: /xl/_rels/workbook.xml.rels
17:47:20.377 [main] DEBUG - Parsing relationship: /xl/worksheets/_rels/sheet1.xml.rels
17:47:20.378 [main] DEBUG - Parsing relationship: /_rels/.rels
17:47:20.557 [main] DEBUG - Save content types part
17:47:20.567 [main] DEBUG - Save package relationships
17:47:20.569 [main] DEBUG - Save part 'docProps/app.xml'
17:47:20.569 [main] DEBUG - Save part 'docProps/core.xml'
17:47:20.571 [main] DEBUG - Save part 'xl/sharedStrings.xml'
17:47:20.571 [main] DEBUG - Save part 'xl/styles.xml'
17:47:20.572 [main] DEBUG - Save part 'xl/theme/theme1.xml'
17:47:20.573 [main] DEBUG - Save part 'xl/workbook.xml'
17:47:20.576 [main] DEBUG - Save part 'xl/worksheets/sheet1.xml'
17:47:20.578 [main] DEBUG - Save part 'xl/worksheets/sheet2.xml'
17:47:20.579 [main] DEBUG - Save part 'xl/worksheets/sheet3.xml'
17:47:20.579 [main] DEBUG - Save part 'xl/worksheets/sheet4.xml'
17:47:20.580 [main] DEBUG - Save part 'xl/worksheets/sheet5.xml'
17:47:20.591 [main] DEBUG - Parsing relationship: /xl/_rels/workbook.xml.rels
17:47:20.592 [main] DEBUG - Parsing relationship: /xl/worksheets/_rels/sheet1.xml.rels
17:47:20.593 [main] DEBUG - Parsing relationship: /_rels/.rels
17:47:20.654 [main] DEBUG - Save content types part
17:47:20.659 [main] DEBUG - Save package relationships
17:47:20.662 [main] DEBUG - Save part 'docProps/app.xml'
17:47:20.662 [main] DEBUG - Save part 'docProps/core.xml'
17:47:20.665 [main] DEBUG - Save part 'xl/sharedStrings.xml'
17:47:20.665 [main] DEBUG - Save part 'xl/styles.xml'
17:47:20.666 [main] DEBUG - Save part 'xl/theme/theme1.xml'
17:47:20.666 [main] DEBUG - Save part 'xl/workbook.xml'
17:47:20.669 [main] DEBUG - Save part 'xl/worksheets/sheet1.xml'
17:47:20.671 [main] DEBUG - Save part 'xl/worksheets/sheet2.xml'
17:47:20.672 [main] DEBUG - Save part 'xl/worksheets/sheet3.xml'
17:47:20.672 [main] DEBUG - Save part 'xl/worksheets/sheet4.xml'
17:47:20.673 [main] DEBUG - Save part 'xl/worksheets/sheet5.xml'
17:47:20.707 [main] DEBUG - Parsing relationship: /xl/_rels/workbook.xml.rels
17:47:20.708 [main] DEBUG - Parsing relationship: /xl/worksheets/_rels/sheet1.xml.rels
17:47:20.709 [main] DEBUG - Parsing relationship: /_rels/.rels
17:47:20.740 [main] DEBUG - Save content types part
17:47:20.742 [main] DEBUG - Save package relationships
17:47:20.743 [main] DEBUG - Save part 'docProps/app.xml'
17:47:20.743 [main] DEBUG - Save part 'docProps/core.xml'
17:47:20.744 [main] DEBUG - Save part 'xl/sharedStrings.xml'
17:47:20.745 [main] DEBUG - Save part 'xl/styles.xml'
17:47:20.745 [main] DEBUG - Save part 'xl/theme/theme1.xml'
17:47:20.746 [main] DEBUG - Save part 'xl/workbook.xml'
17:47:20.747 [main] DEBUG - Save part 'xl/worksheets/sheet1.xml'
17:47:20.748 [main] DEBUG - Save part 'xl/worksheets/sheet2.xml'
17:47:20.749 [main] DEBUG - Save part 'xl/worksheets/sheet3.xml'
17:47:20.750 [main] DEBUG - Save part 'xl/worksheets/sheet4.xml'
17:47:20.750 [main] DEBUG - Save part 'xl/worksheets/sheet5.xml'
17:47:20.757 [main] DEBUG - Parsing relationship: /xl/_rels/workbook.xml.rels
17:47:20.758 [main] DEBUG - Parsing relationship: /xl/worksheets/_rels/sheet1.xml.rels
17:47:20.760 [main] DEBUG - Parsing relationship: /_rels/.rels
17:47:20.816 [main] DEBUG - Save content types part
17:47:20.821 [main] DEBUG - Save package relationships
17:47:20.823 [main] DEBUG - Save part 'docProps/app.xml'
17:47:20.824 [main] DEBUG - Save part 'docProps/core.xml'
17:47:20.825 [main] DEBUG - Save part 'xl/sharedStrings.xml'
17:47:20.826 [main] DEBUG - Save part 'xl/styles.xml'
17:47:20.826 [main] DEBUG - Save part 'xl/theme/theme1.xml'
17:47:20.827 [main] DEBUG - Save part 'xl/workbook.xml'
17:47:20.908 [main] DEBUG - Save part 'xl/worksheets/sheet1.xml'
17:47:20.912 [main] DEBUG - Save part 'xl/worksheets/sheet2.xml'
17:47:20.915 [main] DEBUG - Save part 'xl/worksheets/sheet3.xml'
17:47:20.916 [main] DEBUG - Save part 'xl/worksheets/sheet4.xml'
17:47:20.916 [main] DEBUG - Save part 'xl/worksheets/sheet5.xml'
17:47:20.957 [main] DEBUG - Parsing relationship: /xl/_rels/workbook.xml.rels
17:47:20.957 [main] DEBUG - Parsing relationship: /xl/worksheets/_rels/sheet1.xml.rels
17:47:20.958 [main] DEBUG - Parsing relationship: /_rels/.rels
17:47:21.108 [main] DEBUG - Save content types part
17:47:21.114 [main] DEBUG - Save package relationships
17:47:21.115 [main] DEBUG - Save part 'docProps/app.xml'
17:47:21.116 [main] DEBUG - Save part 'docProps/core.xml'
17:47:21.118 [main] DEBUG - Save part 'xl/sharedStrings.xml'
17:47:21.118 [main] DEBUG - Save part 'xl/styles.xml'
17:47:21.118 [main] DEBUG - Save part 'xl/theme/theme1.xml'
17:47:21.119 [main] DEBUG - Save part 'xl/workbook.xml'
17:47:21.123 [main] DEBUG - Save part 'xl/worksheets/sheet1.xml'
17:47:21.126 [main] DEBUG - Save part 'xl/worksheets/sheet2.xml'
17:47:21.127 [main] DEBUG - Save part 'xl/worksheets/sheet3.xml'
17:47:21.128 [main] DEBUG - Save part 'xl/worksheets/sheet4.xml'
17:47:21.128 [main] DEBUG - Save part 'xl/worksheets/sheet5.xml'
17:47:21.135 [main] DEBUG - Parsing relationship: /xl/_rels/workbook.xml.rels
17:47:21.136 [main] DEBUG - Parsing relationship: /xl/worksheets/_rels/sheet1.xml.rels
17:47:21.137 [main] DEBUG - Parsing relationship: /_rels/.rels
17:47:21.169 [main] DEBUG - Save content types part
17:47:21.171 [main] DEBUG - Save package relationships
17:47:21.173 [main] DEBUG - Save part 'docProps/app.xml'
17:47:21.173 [main] DEBUG - Save part 'docProps/core.xml'
17:47:21.176 [main] DEBUG - Save part 'xl/sharedStrings.xml'
17:47:21.176 [main] DEBUG - Save part 'xl/styles.xml'
17:47:21.177 [main] DEBUG - Save part 'xl/theme/theme1.xml'
17:47:21.177 [main] DEBUG - Save part 'xl/workbook.xml'
17:47:21.180 [main] DEBUG - Save part 'xl/worksheets/sheet1.xml'
17:47:21.183 [main] DEBUG - Save part 'xl/worksheets/sheet2.xml'
17:47:21.184 [main] DEBUG - Save part 'xl/worksheets/sheet3.xml'
17:47:21.184 [main] DEBUG - Save part 'xl/worksheets/sheet4.xml'
17:47:21.184 [main] DEBUG - Save part 'xl/worksheets/sheet5.xml'
17:47:21.221 [main] DEBUG - Parsing relationship: /xl/_rels/workbook.xml.rels
17:47:21.222 [main] DEBUG - Parsing relationship: /xl/worksheets/_rels/sheet1.xml.rels
17:47:21.223 [main] DEBUG - Parsing relationship: /_rels/.rels
17:47:21.257 [main] DEBUG - Save content types part
17:47:21.259 [main] DEBUG - Save package relationships
17:47:21.260 [main] DEBUG - Save part 'docProps/app.xml'
17:47:21.261 [main] DEBUG - Save part 'docProps/core.xml'
17:47:21.263 [main] DEBUG - Save part 'xl/sharedStrings.xml'
17:47:21.263 [main] DEBUG - Save part 'xl/styles.xml'
17:47:21.264 [main] DEBUG - Save part 'xl/theme/theme1.xml'
17:47:21.265 [main] DEBUG - Save part 'xl/workbook.xml'
17:47:21.266 [main] DEBUG - Save part 'xl/worksheets/sheet1.xml'
17:47:21.269 [main] DEBUG - Save part 'xl/worksheets/sheet2.xml'
17:47:21.269 [main] DEBUG - Save part 'xl/worksheets/sheet3.xml'
17:47:21.270 [main] DEBUG - Save part 'xl/worksheets/sheet4.xml'
17:47:21.270 [main] DEBUG - Save part 'xl/worksheets/sheet5.xml'
17:47:21.278 [main] DEBUG - Parsing relationship: /xl/_rels/workbook.xml.rels
17:47:21.279 [main] DEBUG - Parsing relationship: /xl/worksheets/_rels/sheet1.xml.rels
17:47:21.280 [main] DEBUG - Parsing relationship: /_rels/.rels
17:47:21.321 [main] DEBUG - Save content types part
17:47:21.324 [main] DEBUG - Save package relationships
17:47:21.326 [main] DEBUG - Save part 'docProps/app.xml'
17:47:21.326 [main] DEBUG - Save part 'docProps/core.xml'
17:47:21.336 [main] DEBUG - Save part 'xl/sharedStrings.xml'
17:47:21.336 [main] DEBUG - Save part 'xl/styles.xml'
17:47:21.337 [main] DEBUG - Save part 'xl/theme/theme1.xml'
17:47:21.338 [main] DEBUG - Save part 'xl/workbook.xml'
17:47:21.345 [main] DEBUG - Save part 'xl/worksheets/sheet1.xml'
17:47:21.352 [main] DEBUG - Save part 'xl/worksheets/sheet2.xml'
17:47:21.353 [main] DEBUG - Save part 'xl/worksheets/sheet3.xml'
17:47:21.353 [main] DEBUG - Save part 'xl/worksheets/sheet4.xml'
17:47:21.354 [main] DEBUG - Save part 'xl/worksheets/sheet5.xml'
17:47:21.485 [main] DEBUG - Parsing relationship: /xl/_rels/workbook.xml.rels
17:47:21.487 [main] DEBUG - Parsing relationship: /xl/worksheets/_rels/sheet1.xml.rels
17:47:21.488 [main] DEBUG - Parsing relationship: /_rels/.rels
17:47:21.578 [main] DEBUG - Save content types part
17:47:21.580 [main] DEBUG - Save package relationships
17:47:21.581 [main] DEBUG - Save part 'docProps/app.xml'
17:47:21.582 [main] DEBUG - Save part 'docProps/core.xml'
17:47:21.583 [main] DEBUG - Save part 'xl/sharedStrings.xml'
17:47:21.584 [main] DEBUG - Save part 'xl/styles.xml'
17:47:21.584 [main] DEBUG - Save part 'xl/theme/theme1.xml'
17:47:21.585 [main] DEBUG - Save part 'xl/workbook.xml'
17:47:21.587 [main] DEBUG - Save part 'xl/worksheets/sheet1.xml'
17:47:21.589 [main] DEBUG - Save part 'xl/worksheets/sheet2.xml'
17:47:21.589 [main] DEBUG - Save part 'xl/worksheets/sheet3.xml'
17:47:21.590 [main] DEBUG - Save part 'xl/worksheets/sheet4.xml'
17:47:21.590 [main] DEBUG - Save part 'xl/worksheets/sheet5.xml'
17:47:21.596 [main] DEBUG - Parsing relationship: /xl/_rels/workbook.xml.rels
17:47:21.602 [main] DEBUG - Parsing relationship: /xl/worksheets/_rels/sheet1.xml.rels
17:47:21.603 [main] DEBUG - Parsing relationship: /_rels/.rels
17:47:21.856 [main] DEBUG - Save content types part
17:47:21.860 [main] DEBUG - Save package relationships
17:47:21.861 [main] DEBUG - Save part 'docProps/app.xml'
17:47:21.863 [main] DEBUG - Save part 'docProps/core.xml'
17:47:21.865 [main] DEBUG - Save part 'xl/sharedStrings.xml'
17:47:21.867 [main] DEBUG - Save part 'xl/styles.xml'
17:47:21.867 [main] DEBUG - Save part 'xl/theme/theme1.xml'
17:47:21.869 [main] DEBUG - Save part 'xl/workbook.xml'
17:47:21.873 [main] DEBUG - Save part 'xl/worksheets/sheet1.xml'
17:47:21.875 [main] DEBUG - Save part 'xl/worksheets/sheet2.xml'
17:47:21.875 [main] DEBUG - Save part 'xl/worksheets/sheet3.xml'
17:47:21.876 [main] DEBUG - Save part 'xl/worksheets/sheet4.xml'
17:47:21.876 [main] DEBUG - Save part 'xl/worksheets/sheet5.xml'
17:47:21.916 [main] DEBUG - Parsing relationship: /xl/_rels/workbook.xml.rels
17:47:21.917 [main] DEBUG - Parsing relationship: /xl/worksheets/_rels/sheet1.xml.rels
17:47:21.917 [main] DEBUG - Parsing relationship: /_rels/.rels
17:47:21.991 [main] DEBUG - Save content types part
17:47:21.993 [main] DEBUG - Save package relationships
17:47:21.995 [main] DEBUG - Save part 'docProps/app.xml'
17:47:21.996 [main] DEBUG - Save part 'docProps/core.xml'
17:47:21.997 [main] DEBUG - Save part 'xl/sharedStrings.xml'
17:47:21.998 [main] DEBUG - Save part 'xl/styles.xml'
17:47:21.998 [main] DEBUG - Save part 'xl/theme/theme1.xml'
17:47:21.999 [main] DEBUG - Save part 'xl/workbook.xml'
17:47:22.001 [main] DEBUG - Save part 'xl/worksheets/sheet1.xml'
17:47:22.003 [main] DEBUG - Save part 'xl/worksheets/sheet2.xml'
17:47:22.003 [main] DEBUG - Save part 'xl/worksheets/sheet3.xml'
17:47:22.004 [main] DEBUG - Save part 'xl/worksheets/sheet4.xml'
17:47:22.004 [main] DEBUG - Save part 'xl/worksheets/sheet5.xml'
17:47:22.016 [main] DEBUG - Parsing relationship: /xl/_rels/workbook.xml.rels
17:47:22.017 [main] DEBUG - Parsing relationship: /xl/worksheets/_rels/sheet1.xml.rels
17:47:22.017 [main] DEBUG - Parsing relationship: /_rels/.rels
17:47:22.067 [main] DEBUG - Save content types part
17:47:22.072 [main] DEBUG - Save package relationships
17:47:22.074 [main] DEBUG - Save part 'docProps/app.xml'
17:47:22.074 [main] DEBUG - Save part 'docProps/core.xml'
17:47:22.164 [main] DEBUG - Save part 'xl/sharedStrings.xml'
17:47:22.165 [main] DEBUG - Save part 'xl/styles.xml'
17:47:22.165 [main] DEBUG - Save part 'xl/theme/theme1.xml'
17:47:22.166 [main] DEBUG - Save part 'xl/workbook.xml'
17:47:22.167 [main] DEBUG - Save part 'xl/worksheets/sheet1.xml'
17:47:22.169 [main] DEBUG - Save part 'xl/worksheets/sheet2.xml'
17:47:22.170 [main] DEBUG - Save part 'xl/worksheets/sheet3.xml'
17:47:22.170 [main] DEBUG - Save part 'xl/worksheets/sheet4.xml'
17:47:22.170 [main] DEBUG - Save part 'xl/worksheets/sheet5.xml'
17:47:22.212 [main] DEBUG - Parsing relationship: /xl/_rels/workbook.xml.rels
17:47:22.213 [main] DEBUG - Parsing relationship: /xl/worksheets/_rels/sheet1.xml.rels
17:47:22.214 [main] DEBUG - Parsing relationship: /_rels/.rels
17:47:22.250 [main] DEBUG - Save content types part
17:47:22.252 [main] DEBUG - Save package relationships
17:47:22.253 [main] DEBUG - Save part 'docProps/app.xml'
17:47:22.254 [main] DEBUG - Save part 'docProps/core.xml'
17:47:22.255 [main] DEBUG - Save part 'xl/sharedStrings.xml'
17:47:22.256 [main] DEBUG - Save part 'xl/styles.xml'
17:47:22.256 [main] DEBUG - Save part 'xl/theme/theme1.xml'
17:47:22.257 [main] DEBUG - Save part 'xl/workbook.xml'
17:47:22.259 [main] DEBUG - Save part 'xl/worksheets/sheet1.xml'
17:47:22.260 [main] DEBUG - Save part 'xl/worksheets/sheet2.xml'
17:47:22.261 [main] DEBUG - Save part 'xl/worksheets/sheet3.xml'
17:47:22.261 [main] DEBUG - Save part 'xl/worksheets/sheet4.xml'
17:47:22.262 [main] DEBUG - Save part 'xl/worksheets/sheet5.xml'
17:47:22.268 [main] DEBUG - Parsing relationship: /xl/_rels/workbook.xml.rels
17:47:22.269 [main] DEBUG - Parsing relationship: /xl/worksheets/_rels/sheet1.xml.rels
17:47:22.270 [main] DEBUG - Parsing relationship: /_rels/.rels
17:47:22.298 [main] DEBUG - Save content types part
17:47:22.300 [main] DEBUG - Save package relationships
17:47:22.301 [main] DEBUG - Save part 'docProps/app.xml'
17:47:22.302 [main] DEBUG - Save part 'docProps/core.xml'
17:47:22.303 [main] DEBUG - Save part 'xl/sharedStrings.xml'
17:47:22.304 [main] DEBUG - Save part 'xl/styles.xml'
17:47:22.304 [main] DEBUG - Save part 'xl/theme/theme1.xml'
17:47:22.305 [main] DEBUG - Save part 'xl/workbook.xml'
17:47:22.306 [main] DEBUG - Save part 'xl/worksheets/sheet1.xml'
17:47:22.307 [main] DEBUG - Save part 'xl/worksheets/sheet2.xml'
17:47:22.307 [main] DEBUG - Save part 'xl/worksheets/sheet3.xml'
17:47:22.308 [main] DEBUG - Save part 'xl/worksheets/sheet4.xml'
17:47:22.308 [main] DEBUG - Save part 'xl/worksheets/sheet5.xml'
17:47:22.345 [main] DEBUG - Parsing relationship: /xl/_rels/workbook.xml.rels
17:47:22.346 [main] DEBUG - Parsing relationship: /xl/worksheets/_rels/sheet1.xml.rels
17:47:22.347 [main] DEBUG - Parsing relationship: /_rels/.rels
17:47:22.387 [main] DEBUG - Save content types part
17:47:22.389 [main] DEBUG - Save package relationships
17:47:22.390 [main] DEBUG - Save part 'docProps/app.xml'
17:47:22.390 [main] DEBUG - Save part 'docProps/core.xml'
17:47:22.392 [main] DEBUG - Save part 'xl/sharedStrings.xml'
17:47:22.393 [main] DEBUG - Save part 'xl/styles.xml'
17:47:22.393 [main] DEBUG - Save part 'xl/theme/theme1.xml'
17:47:22.394 [main] DEBUG - Save part 'xl/workbook.xml'
17:47:22.396 [main] DEBUG - Save part 'xl/worksheets/sheet1.xml'
17:47:22.397 [main] DEBUG - Save part 'xl/worksheets/sheet2.xml'
17:47:22.398 [main] DEBUG - Save part 'xl/worksheets/sheet3.xml'
17:47:22.398 [main] DEBUG - Save part 'xl/worksheets/sheet4.xml'
17:47:22.399 [main] DEBUG - Save part 'xl/worksheets/sheet5.xml'
17:47:22.406 [main] DEBUG - Parsing relationship: /xl/_rels/workbook.xml.rels
17:47:22.407 [main] DEBUG - Parsing relationship: /xl/worksheets/_rels/sheet1.xml.rels
17:47:22.408 [main] DEBUG - Parsing relationship: /_rels/.rels
17:47:22.446 [main] DEBUG - Save content types part
17:47:22.447 [main] DEBUG - Save package relationships
17:47:22.449 [main] DEBUG - Save part 'docProps/app.xml'
17:47:22.450 [main] DEBUG - Save part 'docProps/core.xml'
17:47:22.450 [main] DEBUG - Save part 'xl/sharedStrings.xml'
17:47:22.450 [main] DEBUG - Save part 'xl/styles.xml'
17:47:22.451 [main] DEBUG - Save part 'xl/theme/theme1.xml'
17:47:22.452 [main] DEBUG - Save part 'xl/workbook.xml'
17:47:22.454 [main] DEBUG - Save part 'xl/worksheets/sheet1.xml'
17:47:22.455 [main] DEBUG - Save part 'xl/worksheets/sheet2.xml'
17:47:22.456 [main] DEBUG - Save part 'xl/worksheets/sheet3.xml'
17:47:22.456 [main] DEBUG - Save part 'xl/worksheets/sheet4.xml'
17:47:22.456 [main] DEBUG - Save part 'xl/worksheets/sheet5.xml'
17:47:22.495 [main] DEBUG - Parsing relationship: /xl/_rels/workbook.xml.rels
17:47:22.496 [main] DEBUG - Parsing relationship: /xl/worksheets/_rels/sheet1.xml.rels
17:47:22.497 [main] DEBUG - Parsing relationship: /_rels/.rels
17:47:22.526 [main] DEBUG - Save content types part
17:47:22.528 [main] DEBUG - Save package relationships
17:47:22.530 [main] DEBUG - Save part 'docProps/app.xml'
17:47:22.530 [main] DEBUG - Save part 'docProps/core.xml'
17:47:22.533 [main] DEBUG - Save part 'xl/sharedStrings.xml'
17:47:22.534 [main] DEBUG - Save part 'xl/styles.xml'
17:47:22.534 [main] DEBUG - Save part 'xl/theme/theme1.xml'
17:47:22.535 [main] DEBUG - Save part 'xl/workbook.xml'
17:47:22.537 [main] DEBUG - Save part 'xl/worksheets/sheet1.xml'
17:47:22.539 [main] DEBUG - Save part 'xl/worksheets/sheet2.xml'
17:47:22.539 [main] DEBUG - Save part 'xl/worksheets/sheet3.xml'
17:47:22.540 [main] DEBUG - Save part 'xl/worksheets/sheet4.xml'
17:47:22.540 [main] DEBUG - Save part 'xl/worksheets/sheet5.xml'
17:47:22.553 [main] DEBUG - Parsing relationship: /xl/_rels/workbook.xml.rels
17:47:22.554 [main] DEBUG - Parsing relationship: /xl/worksheets/_rels/sheet1.xml.rels
17:47:22.555 [main] DEBUG - Parsing relationship: /_rels/.rels
17:47:22.678 [main] DEBUG - Save content types part
17:47:22.701 [main] DEBUG - Save package relationships
17:47:22.704 [main] DEBUG - Save part 'docProps/app.xml'
17:47:22.705 [main] DEBUG - Save part 'docProps/core.xml'
17:47:22.707 [main] DEBUG - Save part 'xl/sharedStrings.xml'
17:47:22.707 [main] DEBUG - Save part 'xl/styles.xml'
17:47:22.708 [main] DEBUG - Save part 'xl/theme/theme1.xml'
17:47:22.708 [main] DEBUG - Save part 'xl/workbook.xml'
17:47:22.710 [main] DEBUG - Save part 'xl/worksheets/sheet1.xml'
17:47:22.712 [main] DEBUG - Save part 'xl/worksheets/sheet2.xml'
17:47:22.713 [main] DEBUG - Save part 'xl/worksheets/sheet3.xml'
17:47:22.713 [main] DEBUG - Save part 'xl/worksheets/sheet4.xml'
17:47:22.715 [main] DEBUG - Save part 'xl/worksheets/sheet5.xml'
17:47:22.855 [main] DEBUG - Parsing relationship: /xl/_rels/workbook.xml.rels
17:47:22.857 [main] DEBUG - Parsing relationship: /xl/worksheets/_rels/sheet1.xml.rels
17:47:22.858 [main] DEBUG - Parsing relationship: /_rels/.rels
17:47:22.907 [main] DEBUG - Save content types part
17:47:22.909 [main] DEBUG - Save package relationships
17:47:23.004 [main] DEBUG - Save part 'docProps/app.xml'
17:47:23.004 [main] DEBUG - Save part 'docProps/core.xml'
17:47:23.034 [main] DEBUG - Save part 'xl/sharedStrings.xml'
17:47:23.034 [main] DEBUG - Save part 'xl/styles.xml'
17:47:23.035 [main] DEBUG - Save part 'xl/theme/theme1.xml'
17:47:23.036 [main] DEBUG - Save part 'xl/workbook.xml'
17:47:23.038 [main] DEBUG - Save part 'xl/worksheets/sheet1.xml'
17:47:23.043 [main] DEBUG - Save part 'xl/worksheets/sheet2.xml'
17:47:23.044 [main] DEBUG - Save part 'xl/worksheets/sheet3.xml'
17:47:23.045 [main] DEBUG - Save part 'xl/worksheets/sheet4.xml'
17:47:23.045 [main] DEBUG - Save part 'xl/worksheets/sheet5.xml'
17:47:23.068 [main] DEBUG - Parsing relationship: /xl/_rels/workbook.xml.rels
17:47:23.069 [main] DEBUG - Parsing relationship: /xl/worksheets/_rels/sheet1.xml.rels
17:47:23.069 [main] DEBUG - Parsing relationship: /_rels/.rels
17:47:23.105 [main] DEBUG - Save content types part
17:47:23.108 [main] DEBUG - Save package relationships
17:47:23.109 [main] DEBUG - Save part 'docProps/app.xml'
17:47:23.110 [main] DEBUG - Save part 'docProps/core.xml'
17:47:23.111 [main] DEBUG - Save part 'xl/sharedStrings.xml'
17:47:23.112 [main] DEBUG - Save part 'xl/styles.xml'
17:47:23.112 [main] DEBUG - Save part 'xl/theme/theme1.xml'
17:47:23.113 [main] DEBUG - Save part 'xl/workbook.xml'
17:47:23.115 [main] DEBUG - Save part 'xl/worksheets/sheet1.xml'
17:47:23.117 [main] DEBUG - Save part 'xl/worksheets/sheet2.xml'
17:47:23.118 [main] DEBUG - Save part 'xl/worksheets/sheet3.xml'
17:47:23.118 [main] DEBUG - Save part 'xl/worksheets/sheet4.xml'
17:47:23.119 [main] DEBUG - Save part 'xl/worksheets/sheet5.xml'
17:47:23.157 [main] DEBUG - Parsing relationship: /xl/_rels/workbook.xml.rels
17:47:23.158 [main] DEBUG - Parsing relationship: /xl/worksheets/_rels/sheet1.xml.rels
17:47:23.159 [main] DEBUG - Parsing relationship: /_rels/.rels
17:47:23.195 [main] DEBUG - Save content types part
17:47:23.197 [main] DEBUG - Save package relationships
17:47:23.199 [main] DEBUG - Save part 'docProps/app.xml'
17:47:23.199 [main] DEBUG - Save part 'docProps/core.xml'
17:47:23.201 [main] DEBUG - Save part 'xl/sharedStrings.xml'
17:47:23.201 [main] DEBUG - Save part 'xl/styles.xml'
17:47:23.202 [main] DEBUG - Save part 'xl/theme/theme1.xml'
17:47:23.202 [main] DEBUG - Save part 'xl/workbook.xml'
17:47:23.204 [main] DEBUG - Save part 'xl/worksheets/sheet1.xml'
17:47:23.205 [main] DEBUG - Save part 'xl/worksheets/sheet2.xml'
17:47:23.206 [main] DEBUG - Save part 'xl/worksheets/sheet3.xml'
17:47:23.206 [main] DEBUG - Save part 'xl/worksheets/sheet4.xml'
17:47:23.207 [main] DEBUG - Save part 'xl/worksheets/sheet5.xml'
17:47:23.214 [main] DEBUG - Parsing relationship: /xl/_rels/workbook.xml.rels
17:47:23.215 [main] DEBUG - Parsing relationship: /xl/worksheets/_rels/sheet1.xml.rels
17:47:23.215 [main] DEBUG - Parsing relationship: /_rels/.rels
17:47:23.254 [main] DEBUG - Save content types part
17:47:23.256 [main] DEBUG - Save package relationships
17:47:23.258 [main] DEBUG - Save part 'docProps/app.xml'
17:47:23.258 [main] DEBUG - Save part 'docProps/core.xml'
17:47:23.260 [main] DEBUG - Save part 'xl/sharedStrings.xml'
17:47:23.260 [main] DEBUG - Save part 'xl/styles.xml'
17:47:23.261 [main] DEBUG - Save part 'xl/theme/theme1.xml'
17:47:23.261 [main] DEBUG - Save part 'xl/workbook.xml'
17:47:23.263 [main] DEBUG - Save part 'xl/worksheets/sheet1.xml'
17:47:23.265 [main] DEBUG - Save part 'xl/worksheets/sheet2.xml'
17:47:23.266 [main] DEBUG - Save part 'xl/worksheets/sheet3.xml'
17:47:23.267 [main] DEBUG - Save part 'xl/worksheets/sheet4.xml'
17:47:23.267 [main] DEBUG - Save part 'xl/worksheets/sheet5.xml'
17:47:23.307 [main] DEBUG - Parsing relationship: /xl/_rels/workbook.xml.rels
17:47:23.309 [main] DEBUG - Parsing relationship: /xl/worksheets/_rels/sheet1.xml.rels
17:47:23.310 [main] DEBUG - Parsing relationship: /_rels/.rels
17:47:23.359 [main] DEBUG - Save content types part
17:47:23.362 [main] DEBUG - Save package relationships
17:47:23.364 [main] DEBUG - Save part 'docProps/app.xml'
17:47:23.364 [main] DEBUG - Save part 'docProps/core.xml'
17:47:23.483 [main] DEBUG - Save part 'xl/sharedStrings.xml'
17:47:23.484 [main] DEBUG - Save part 'xl/styles.xml'
17:47:23.484 [main] DEBUG - Save part 'xl/theme/theme1.xml'
17:47:23.485 [main] DEBUG - Save part 'xl/workbook.xml'
17:47:23.488 [main] DEBUG - Save part 'xl/worksheets/sheet1.xml'
17:47:23.490 [main] DEBUG - Save part 'xl/worksheets/sheet2.xml'
17:47:23.491 [main] DEBUG - Save part 'xl/worksheets/sheet3.xml'
17:47:23.491 [main] DEBUG - Save part 'xl/worksheets/sheet4.xml'
17:47:23.491 [main] DEBUG - Save part 'xl/worksheets/sheet5.xml'
17:47:23.501 [main] DEBUG - Parsing relationship: /xl/_rels/workbook.xml.rels
17:47:23.502 [main] DEBUG - Parsing relationship: /xl/worksheets/_rels/sheet1.xml.rels
17:47:23.503 [main] DEBUG - Parsing relationship: /_rels/.rels
17:47:23.688 [main] DEBUG - Save content types part
17:47:23.690 [main] DEBUG - Save package relationships
17:47:23.693 [main] DEBUG - Save part 'docProps/app.xml'
17:47:23.693 [main] DEBUG - Save part 'docProps/core.xml'
17:47:23.695 [main] DEBUG - Save part 'xl/sharedStrings.xml'
17:47:23.695 [main] DEBUG - Save part 'xl/styles.xml'
17:47:23.696 [main] DEBUG - Save part 'xl/theme/theme1.xml'
17:47:23.696 [main] DEBUG - Save part 'xl/workbook.xml'
17:47:23.698 [main] DEBUG - Save part 'xl/worksheets/sheet1.xml'
17:47:23.701 [main] DEBUG - Save part 'xl/worksheets/sheet2.xml'
17:47:23.702 [main] DEBUG - Save part 'xl/worksheets/sheet3.xml'
17:47:23.702 [main] DEBUG - Save part 'xl/worksheets/sheet4.xml'
17:47:23.703 [main] DEBUG - Save part 'xl/worksheets/sheet5.xml'
17:47:23.704 [main] INFO  - Extracting Languages
17:47:23.901 [main] INFO  - Closing See All section
17:47:24.078 [main] DEBUG - Parsing relationship: /xl/_rels/workbook.xml.rels
17:47:24.079 [main] DEBUG - Parsing relationship: /xl/worksheets/_rels/sheet1.xml.rels
17:47:24.080 [main] DEBUG - Parsing relationship: /_rels/.rels
17:47:24.114 [main] DEBUG - Save content types part
17:47:24.116 [main] DEBUG - Save package relationships
17:47:24.118 [main] DEBUG - Save part 'docProps/app.xml'
17:47:24.118 [main] DEBUG - Save part 'docProps/core.xml'
17:47:24.120 [main] DEBUG - Save part 'xl/sharedStrings.xml'
17:47:24.121 [main] DEBUG - Save part 'xl/styles.xml'
17:47:24.122 [main] DEBUG - Save part 'xl/theme/theme1.xml'
17:47:24.122 [main] DEBUG - Save part 'xl/workbook.xml'
17:47:24.124 [main] DEBUG - Save part 'xl/worksheets/sheet1.xml'
17:47:24.126 [main] DEBUG - Save part 'xl/worksheets/sheet2.xml'
17:47:24.126 [main] DEBUG - Save part 'xl/worksheets/sheet3.xml'
17:47:24.127 [main] DEBUG - Save part 'xl/worksheets/sheet4.xml'
17:47:24.127 [main] DEBUG - Save part 'xl/worksheets/sheet5.xml'
17:47:24.132 [main] DEBUG - Parsing relationship: /xl/_rels/workbook.xml.rels
17:47:24.133 [main] DEBUG - Parsing relationship: /xl/worksheets/_rels/sheet1.xml.rels
17:47:24.133 [main] DEBUG - Parsing relationship: /_rels/.rels
17:47:24.166 [main] DEBUG - Save content types part
17:47:24.169 [main] DEBUG - Save package relationships
17:47:24.170 [main] DEBUG - Save part 'docProps/app.xml'
17:47:24.170 [main] DEBUG - Save part 'docProps/core.xml'
17:47:24.172 [main] DEBUG - Save part 'xl/sharedStrings.xml'
17:47:24.172 [main] DEBUG - Save part 'xl/styles.xml'
17:47:24.173 [main] DEBUG - Save part 'xl/theme/theme1.xml'
17:47:24.173 [main] DEBUG - Save part 'xl/workbook.xml'
17:47:24.175 [main] DEBUG - Save part 'xl/worksheets/sheet1.xml'
17:47:24.177 [main] DEBUG - Save part 'xl/worksheets/sheet2.xml'
17:47:24.177 [main] DEBUG - Save part 'xl/worksheets/sheet3.xml'
17:47:24.178 [main] DEBUG - Save part 'xl/worksheets/sheet4.xml'
17:47:24.178 [main] DEBUG - Save part 'xl/worksheets/sheet5.xml'
17:47:24.185 [main] DEBUG - Parsing relationship: /xl/_rels/workbook.xml.rels
17:47:24.186 [main] DEBUG - Parsing relationship: /xl/worksheets/_rels/sheet1.xml.rels
17:47:24.187 [main] DEBUG - Parsing relationship: /_rels/.rels
17:47:24.220 [main] DEBUG - Save content types part
17:47:24.222 [main] DEBUG - Save package relationships
17:47:24.223 [main] DEBUG - Save part 'docProps/app.xml'
17:47:24.223 [main] DEBUG - Save part 'docProps/core.xml'
17:47:24.224 [main] DEBUG - Save part 'xl/sharedStrings.xml'
17:47:24.225 [main] DEBUG - Save part 'xl/styles.xml'
17:47:24.225 [main] DEBUG - Save part 'xl/theme/theme1.xml'
17:47:24.226 [main] DEBUG - Save part 'xl/workbook.xml'
17:47:24.228 [main] DEBUG - Save part 'xl/worksheets/sheet1.xml'
17:47:24.229 [main] DEBUG - Save part 'xl/worksheets/sheet2.xml'
17:47:24.230 [main] DEBUG - Save part 'xl/worksheets/sheet3.xml'
17:47:24.230 [main] DEBUG - Save part 'xl/worksheets/sheet4.xml'
17:47:24.231 [main] DEBUG - Save part 'xl/worksheets/sheet5.xml'
17:47:24.239 [main] DEBUG - Parsing relationship: /xl/_rels/workbook.xml.rels
17:47:24.240 [main] DEBUG - Parsing relationship: /xl/worksheets/_rels/sheet1.xml.rels
17:47:24.241 [main] DEBUG - Parsing relationship: /_rels/.rels
17:47:24.276 [main] DEBUG - Save content types part
17:47:24.279 [main] DEBUG - Save package relationships
17:47:24.280 [main] DEBUG - Save part 'docProps/app.xml'
17:47:24.280 [main] DEBUG - Save part 'docProps/core.xml'
17:47:24.280 [main] DEBUG - Save part 'xl/sharedStrings.xml'
17:47:24.281 [main] DEBUG - Save part 'xl/styles.xml'
17:47:24.281 [main] DEBUG - Save part 'xl/theme/theme1.xml'
17:47:24.282 [main] DEBUG - Save part 'xl/workbook.xml'
17:47:24.284 [main] DEBUG - Save part 'xl/worksheets/sheet1.xml'
17:47:24.285 [main] DEBUG - Save part 'xl/worksheets/sheet2.xml'
17:47:24.285 [main] DEBUG - Save part 'xl/worksheets/sheet3.xml'
17:47:24.286 [main] DEBUG - Save part 'xl/worksheets/sheet4.xml'
17:47:24.286 [main] DEBUG - Save part 'xl/worksheets/sheet5.xml'
17:47:24.292 [main] DEBUG - Parsing relationship: /xl/_rels/workbook.xml.rels
17:47:24.292 [main] DEBUG - Parsing relationship: /xl/worksheets/_rels/sheet1.xml.rels
17:47:24.293 [main] DEBUG - Parsing relationship: /_rels/.rels
17:47:24.321 [main] DEBUG - Save content types part
17:47:24.322 [main] DEBUG - Save package relationships
17:47:24.324 [main] DEBUG - Save part 'docProps/app.xml'
17:47:24.325 [main] DEBUG - Save part 'docProps/core.xml'
17:47:24.327 [main] DEBUG - Save part 'xl/sharedStrings.xml'
17:47:24.327 [main] DEBUG - Save part 'xl/styles.xml'
17:47:24.328 [main] DEBUG - Save part 'xl/theme/theme1.xml'
17:47:24.329 [main] DEBUG - Save part 'xl/workbook.xml'
17:47:24.330 [main] DEBUG - Save part 'xl/worksheets/sheet1.xml'
17:47:24.332 [main] DEBUG - Save part 'xl/worksheets/sheet2.xml'
17:47:24.333 [main] DEBUG - Save part 'xl/worksheets/sheet3.xml'
17:47:24.333 [main] DEBUG - Save part 'xl/worksheets/sheet4.xml'
17:47:24.333 [main] DEBUG - Save part 'xl/worksheets/sheet5.xml'
17:47:24.339 [main] DEBUG - Parsing relationship: /xl/_rels/workbook.xml.rels
17:47:24.340 [main] DEBUG - Parsing relationship: /xl/worksheets/_rels/sheet1.xml.rels
17:47:24.341 [main] DEBUG - Parsing relationship: /_rels/.rels
17:47:24.368 [main] DEBUG - Save content types part
17:47:24.371 [main] DEBUG - Save package relationships
17:47:24.372 [main] DEBUG - Save part 'docProps/app.xml'
17:47:24.373 [main] DEBUG - Save part 'docProps/core.xml'
17:47:24.374 [main] DEBUG - Save part 'xl/sharedStrings.xml'
17:47:24.374 [main] DEBUG - Save part 'xl/styles.xml'
