11:04:04.818 [main] DEBUG - Save part 'xl/workbook.xml'
11:04:04.828 [main] DEBUG - Save part 'xl/worksheets/sheet1.xml'
11:04:04.829 [main] DEBUG - Save part 'xl/worksheets/sheet2.xml'
11:04:04.829 [main] DEBUG - Save part 'xl/worksheets/sheet3.xml'
11:04:04.829 [main] DEBUG - Save part 'xl/worksheets/sheet4.xml'
11:04:04.829 [main] DEBUG - Save part 'xl/worksheets/sheet5.xml'
11:04:04.846 [main] DEBUG - Parsing relationship: /xl/_rels/workbook.xml.rels
11:04:04.846 [main] DEBUG - Parsing relationship: /xl/worksheets/_rels/sheet1.xml.rels
11:04:04.847 [main] DEBUG - Parsing relationship: /_rels/.rels
11:04:04.861 [main] DEBUG - Save content types part
11:04:04.862 [main] DEBUG - Save package relationships
11:04:04.863 [main] DEBUG - Save part 'docProps/app.xml'
11:04:04.863 [main] DEBUG - Save part 'docProps/core.xml'
11:04:04.864 [main] DEBUG - Save part 'xl/sharedStrings.xml'
11:04:04.864 [main] DEBUG - Save part 'xl/styles.xml'
11:04:04.864 [main] DEBUG - Save part 'xl/theme/theme1.xml'
11:04:04.864 [main] DEBUG - Save part 'xl/workbook.xml'
11:04:04.865 [main] DEBUG - Save part 'xl/worksheets/sheet1.xml'
11:04:04.865 [main] DEBUG - Save part 'xl/worksheets/sheet2.xml'
11:04:04.865 [main] DEBUG - Save part 'xl/worksheets/sheet3.xml'
11:04:04.865 [main] DEBUG - Save part 'xl/worksheets/sheet4.xml'
11:04:04.865 [main] DEBUG - Save part 'xl/worksheets/sheet5.xml'
11:04:04.886 [main] DEBUG - Parsing relationship: /xl/_rels/workbook.xml.rels
11:04:04.886 [main] DEBUG - Parsing relationship: /xl/worksheets/_rels/sheet1.xml.rels
11:04:04.886 [main] DEBUG - Parsing relationship: /_rels/.rels
11:04:04.896 [main] DEBUG - Save content types part
11:04:04.897 [main] DEBUG - Save package relationships
11:04:04.898 [main] DEBUG - Save part 'docProps/app.xml'
11:04:04.898 [main] DEBUG - Save part 'docProps/core.xml'
11:04:04.898 [main] DEBUG - Save part 'xl/sharedStrings.xml'
11:04:04.898 [main] DEBUG - Save part 'xl/styles.xml'
11:04:04.898 [main] DEBUG - Save part 'xl/theme/theme1.xml'
11:04:04.899 [main] DEBUG - Save part 'xl/workbook.xml'
11:04:04.899 [main] DEBUG - Save part 'xl/worksheets/sheet1.xml'
11:04:04.900 [main] DEBUG - Save part 'xl/worksheets/sheet2.xml'
11:04:04.900 [main] DEBUG - Save part 'xl/worksheets/sheet3.xml'
11:04:04.900 [main] DEBUG - Save part 'xl/worksheets/sheet4.xml'
11:04:04.900 [main] DEBUG - Save part 'xl/worksheets/sheet5.xml'
11:04:04.921 [main] DEBUG - Parsing relationship: /xl/_rels/workbook.xml.rels
11:04:04.921 [main] DEBUG - Parsing relationship: /xl/worksheets/_rels/sheet1.xml.rels
11:04:04.922 [main] DEBUG - Parsing relationship: /_rels/.rels
11:04:04.932 [main] DEBUG - Save content types part
11:04:04.933 [main] DEBUG - Save package relationships
11:04:04.933 [main] DEBUG - Save part 'docProps/app.xml'
11:04:04.933 [main] DEBUG - Save part 'docProps/core.xml'
11:04:04.934 [main] DEBUG - Save part 'xl/sharedStrings.xml'
11:04:04.934 [main] DEBUG - Save part 'xl/styles.xml'
11:04:04.934 [main] DEBUG - Save part 'xl/theme/theme1.xml'
11:04:04.934 [main] DEBUG - Save part 'xl/workbook.xml'
11:04:04.935 [main] DEBUG - Save part 'xl/worksheets/sheet1.xml'
11:04:04.935 [main] DEBUG - Save part 'xl/worksheets/sheet2.xml'
11:04:04.935 [main] DEBUG - Save part 'xl/worksheets/sheet3.xml'
11:04:04.936 [main] DEBUG - Save part 'xl/worksheets/sheet4.xml'
11:04:04.936 [main] DEBUG - Save part 'xl/worksheets/sheet5.xml'
11:04:04.956 [main] DEBUG - Parsing relationship: /xl/_rels/workbook.xml.rels
11:04:04.956 [main] DEBUG - Parsing relationship: /xl/worksheets/_rels/sheet1.xml.rels
11:04:04.956 [main] DEBUG - Parsing relationship: /_rels/.rels
11:04:04.967 [main] DEBUG - Save content types part
11:04:04.967 [main] DEBUG - Save package relationships
11:04:04.968 [main] DEBUG - Save part 'docProps/app.xml'
11:04:04.968 [main] DEBUG - Save part 'docProps/core.xml'
11:04:04.968 [main] DEBUG - Save part 'xl/sharedStrings.xml'
11:04:04.969 [main] DEBUG - Save part 'xl/styles.xml'
11:04:04.969 [main] DEBUG - Save part 'xl/theme/theme1.xml'
11:04:04.969 [main] DEBUG - Save part 'xl/workbook.xml'
11:04:04.969 [main] DEBUG - Save part 'xl/worksheets/sheet1.xml'
11:04:04.970 [main] DEBUG - Save part 'xl/worksheets/sheet2.xml'
11:04:04.970 [main] DEBUG - Save part 'xl/worksheets/sheet3.xml'
11:04:04.970 [main] DEBUG - Save part 'xl/worksheets/sheet4.xml'
11:04:04.970 [main] DEBUG - Save part 'xl/worksheets/sheet5.xml'
11:04:04.988 [main] DEBUG - Parsing relationship: /xl/_rels/workbook.xml.rels
11:04:04.992 [main] DEBUG - Parsing relationship: /xl/worksheets/_rels/sheet1.xml.rels
11:04:04.992 [main] DEBUG - Parsing relationship: /_rels/.rels
11:04:05.005 [main] DEBUG - Save content types part
11:04:05.005 [main] DEBUG - Save package relationships
11:04:05.006 [main] DEBUG - Save part 'docProps/app.xml'
11:04:05.006 [main] DEBUG - Save part 'docProps/core.xml'
11:04:05.006 [main] DEBUG - Save part 'xl/sharedStrings.xml'
11:04:05.006 [main] DEBUG - Save part 'xl/styles.xml'
11:04:05.006 [main] DEBUG - Save part 'xl/theme/theme1.xml'
11:04:05.006 [main] DEBUG - Save part 'xl/workbook.xml'
11:04:05.006 [main] DEBUG - Save part 'xl/worksheets/sheet1.xml'
11:04:05.007 [main] DEBUG - Save part 'xl/worksheets/sheet2.xml'
11:04:05.007 [main] DEBUG - Save part 'xl/worksheets/sheet3.xml'
11:04:05.007 [main] DEBUG - Save part 'xl/worksheets/sheet4.xml'
11:04:05.007 [main] DEBUG - Save part 'xl/worksheets/sheet5.xml'
11:04:05.026 [main] DEBUG - Parsing relationship: /xl/_rels/workbook.xml.rels
11:04:05.026 [main] DEBUG - Parsing relationship: /xl/worksheets/_rels/sheet1.xml.rels
11:04:05.026 [main] DEBUG - Parsing relationship: /_rels/.rels
11:04:05.036 [main] DEBUG - Save content types part
11:04:05.037 [main] DEBUG - Save package relationships
11:04:05.037 [main] DEBUG - Save part 'docProps/app.xml'
11:04:05.037 [main] DEBUG - Save part 'docProps/core.xml'
11:04:05.038 [main] DEBUG - Save part 'xl/sharedStrings.xml'
11:04:05.038 [main] DEBUG - Save part 'xl/styles.xml'
11:04:05.038 [main] DEBUG - Save part 'xl/theme/theme1.xml'
11:04:05.038 [main] DEBUG - Save part 'xl/workbook.xml'
11:04:05.039 [main] DEBUG - Save part 'xl/worksheets/sheet1.xml'
11:04:05.039 [main] DEBUG - Save part 'xl/worksheets/sheet2.xml'
11:04:05.039 [main] DEBUG - Save part 'xl/worksheets/sheet3.xml'
11:04:05.039 [main] DEBUG - Save part 'xl/worksheets/sheet4.xml'
11:04:05.039 [main] DEBUG - Save part 'xl/worksheets/sheet5.xml'
11:04:05.061 [main] DEBUG - Parsing relationship: /xl/_rels/workbook.xml.rels
11:04:05.061 [main] DEBUG - Parsing relationship: /xl/worksheets/_rels/sheet1.xml.rels
11:04:05.061 [main] DEBUG - Parsing relationship: /_rels/.rels
11:04:05.073 [main] DEBUG - Save content types part
11:04:05.074 [main] DEBUG - Save package relationships
11:04:05.074 [main] DEBUG - Save part 'docProps/app.xml'
11:04:05.074 [main] DEBUG - Save part 'docProps/core.xml'
11:04:05.075 [main] DEBUG - Save part 'xl/sharedStrings.xml'
11:04:05.075 [main] DEBUG - Save part 'xl/styles.xml'
11:04:05.075 [main] DEBUG - Save part 'xl/theme/theme1.xml'
11:04:05.075 [main] DEBUG - Save part 'xl/workbook.xml'
11:04:05.076 [main] DEBUG - Save part 'xl/worksheets/sheet1.xml'
11:04:05.076 [main] DEBUG - Save part 'xl/worksheets/sheet2.xml'
11:04:05.076 [main] DEBUG - Save part 'xl/worksheets/sheet3.xml'
11:04:05.076 [main] DEBUG - Save part 'xl/worksheets/sheet4.xml'
11:04:05.077 [main] DEBUG - Save part 'xl/worksheets/sheet5.xml'
11:04:05.106 [main] DEBUG - Parsing relationship: /xl/_rels/workbook.xml.rels
11:04:05.107 [main] DEBUG - Parsing relationship: /xl/worksheets/_rels/sheet1.xml.rels
11:04:05.107 [main] DEBUG - Parsing relationship: /_rels/.rels
11:04:05.126 [main] DEBUG - Save content types part
11:04:05.128 [main] DEBUG - Save package relationships
11:04:05.128 [main] DEBUG - Save part 'docProps/app.xml'
11:04:05.129 [main] DEBUG - Save part 'docProps/core.xml'
11:04:05.130 [main] DEBUG - Save part 'xl/sharedStrings.xml'
11:04:05.130 [main] DEBUG - Save part 'xl/styles.xml'
11:04:05.130 [main] DEBUG - Save part 'xl/theme/theme1.xml'
11:04:05.130 [main] DEBUG - Save part 'xl/workbook.xml'
11:04:05.131 [main] DEBUG - Save part 'xl/worksheets/sheet1.xml'
11:04:05.132 [main] DEBUG - Save part 'xl/worksheets/sheet2.xml'
11:04:05.132 [main] DEBUG - Save part 'xl/worksheets/sheet3.xml'
11:04:05.132 [main] DEBUG - Save part 'xl/worksheets/sheet4.xml'
11:04:05.132 [main] DEBUG - Save part 'xl/worksheets/sheet5.xml'
11:04:05.153 [main] DEBUG - Parsing relationship: /xl/_rels/workbook.xml.rels
11:04:05.154 [main] DEBUG - Parsing relationship: /xl/worksheets/_rels/sheet1.xml.rels
11:04:05.154 [main] DEBUG - Parsing relationship: /_rels/.rels
11:04:05.167 [main] DEBUG - Save content types part
11:04:05.169 [main] DEBUG - Save package relationships
11:04:05.170 [main] DEBUG - Save part 'docProps/app.xml'
11:04:05.170 [main] DEBUG - Save part 'docProps/core.xml'
11:04:05.170 [main] DEBUG - Save part 'xl/sharedStrings.xml'
11:04:05.171 [main] DEBUG - Save part 'xl/styles.xml'
11:04:05.171 [main] DEBUG - Save part 'xl/theme/theme1.xml'
11:04:05.171 [main] DEBUG - Save part 'xl/workbook.xml'
11:04:05.171 [main] DEBUG - Save part 'xl/worksheets/sheet1.xml'
11:04:05.172 [main] DEBUG - Save part 'xl/worksheets/sheet2.xml'
11:04:05.172 [main] DEBUG - Save part 'xl/worksheets/sheet3.xml'
11:04:05.172 [main] DEBUG - Save part 'xl/worksheets/sheet4.xml'
11:04:05.172 [main] DEBUG - Save part 'xl/worksheets/sheet5.xml'
11:04:05.195 [main] DEBUG - Parsing relationship: /xl/_rels/workbook.xml.rels
11:04:05.196 [main] DEBUG - Parsing relationship: /xl/worksheets/_rels/sheet1.xml.rels
11:04:05.196 [main] DEBUG - Parsing relationship: /_rels/.rels
11:04:05.208 [main] DEBUG - Save content types part
11:04:05.208 [main] DEBUG - Save package relationships
11:04:05.209 [main] DEBUG - Save part 'docProps/app.xml'
11:04:05.209 [main] DEBUG - Save part 'docProps/core.xml'
11:04:05.209 [main] DEBUG - Save part 'xl/sharedStrings.xml'
11:04:05.209 [main] DEBUG - Save part 'xl/styles.xml'
11:04:05.209 [main] DEBUG - Save part 'xl/theme/theme1.xml'
11:04:05.210 [main] DEBUG - Save part 'xl/workbook.xml'
11:04:05.210 [main] DEBUG - Save part 'xl/worksheets/sheet1.xml'
11:04:05.211 [main] DEBUG - Save part 'xl/worksheets/sheet2.xml'
11:04:05.211 [main] DEBUG - Save part 'xl/worksheets/sheet3.xml'
11:04:05.211 [main] DEBUG - Save part 'xl/worksheets/sheet4.xml'
11:04:05.211 [main] DEBUG - Save part 'xl/worksheets/sheet5.xml'
11:04:05.231 [main] DEBUG - Parsing relationship: /xl/_rels/workbook.xml.rels
11:04:05.231 [main] DEBUG - Parsing relationship: /xl/worksheets/_rels/sheet1.xml.rels
11:04:05.231 [main] DEBUG - Parsing relationship: /_rels/.rels
11:04:05.243 [main] DEBUG - Save content types part
11:04:05.244 [main] DEBUG - Save package relationships
11:04:05.245 [main] DEBUG - Save part 'docProps/app.xml'
11:04:05.245 [main] DEBUG - Save part 'docProps/core.xml'
11:04:05.246 [main] DEBUG - Save part 'xl/sharedStrings.xml'
11:04:05.246 [main] DEBUG - Save part 'xl/styles.xml'
11:04:05.246 [main] DEBUG - Save part 'xl/theme/theme1.xml'
11:04:05.246 [main] DEBUG - Save part 'xl/workbook.xml'
11:04:05.247 [main] DEBUG - Save part 'xl/worksheets/sheet1.xml'
11:04:05.248 [main] DEBUG - Save part 'xl/worksheets/sheet2.xml'
11:04:05.248 [main] DEBUG - Save part 'xl/worksheets/sheet3.xml'
11:04:05.248 [main] DEBUG - Save part 'xl/worksheets/sheet4.xml'
11:04:05.248 [main] DEBUG - Save part 'xl/worksheets/sheet5.xml'
11:04:05.278 [main] DEBUG - Parsing relationship: /xl/_rels/workbook.xml.rels
11:04:05.279 [main] DEBUG - Parsing relationship: /xl/worksheets/_rels/sheet1.xml.rels
11:04:05.279 [main] DEBUG - Parsing relationship: /_rels/.rels
11:04:05.292 [main] DEBUG - Save content types part
11:04:05.292 [main] DEBUG - Save package relationships
11:04:05.293 [main] DEBUG - Save part 'docProps/app.xml'
11:04:05.293 [main] DEBUG - Save part 'docProps/core.xml'
11:04:05.294 [main] DEBUG - Save part 'xl/sharedStrings.xml'
11:04:05.294 [main] DEBUG - Save part 'xl/styles.xml'
11:04:05.294 [main] DEBUG - Save part 'xl/theme/theme1.xml'
11:04:05.294 [main] DEBUG - Save part 'xl/workbook.xml'
11:04:05.295 [main] DEBUG - Save part 'xl/worksheets/sheet1.xml'
11:04:05.295 [main] DEBUG - Save part 'xl/worksheets/sheet2.xml'
11:04:05.295 [main] DEBUG - Save part 'xl/worksheets/sheet3.xml'
11:04:05.295 [main] DEBUG - Save part 'xl/worksheets/sheet4.xml'
11:04:05.296 [main] DEBUG - Save part 'xl/worksheets/sheet5.xml'
11:04:05.316 [main] DEBUG - Parsing relationship: /xl/_rels/workbook.xml.rels
11:04:05.316 [main] DEBUG - Parsing relationship: /xl/worksheets/_rels/sheet1.xml.rels
11:04:05.317 [main] DEBUG - Parsing relationship: /_rels/.rels
11:04:05.332 [main] DEBUG - Save content types part
11:04:05.333 [main] DEBUG - Save package relationships
11:04:05.334 [main] DEBUG - Save part 'docProps/app.xml'
11:04:05.334 [main] DEBUG - Save part 'docProps/core.xml'
11:04:05.334 [main] DEBUG - Save part 'xl/sharedStrings.xml'
11:04:05.334 [main] DEBUG - Save part 'xl/styles.xml'
11:04:05.334 [main] DEBUG - Save part 'xl/theme/theme1.xml'
11:04:05.335 [main] DEBUG - Save part 'xl/workbook.xml'
11:04:05.335 [main] DEBUG - Save part 'xl/worksheets/sheet1.xml'
11:04:05.336 [main] DEBUG - Save part 'xl/worksheets/sheet2.xml'
11:04:05.336 [main] DEBUG - Save part 'xl/worksheets/sheet3.xml'
11:04:05.336 [main] DEBUG - Save part 'xl/worksheets/sheet4.xml'
11:04:05.336 [main] DEBUG - Save part 'xl/worksheets/sheet5.xml'
11:04:05.336 [main] INFO  - Extracting Languages
11:04:05.392 [main] INFO  - Closing See All section
11:04:05.460 [main] DEBUG - Parsing relationship: /xl/_rels/workbook.xml.rels
11:04:05.461 [main] DEBUG - Parsing relationship: /xl/worksheets/_rels/sheet1.xml.rels
11:04:05.461 [main] DEBUG - Parsing relationship: /_rels/.rels
11:04:05.470 [main] DEBUG - Save content types part
11:04:05.471 [main] DEBUG - Save package relationships
11:04:05.471 [main] DEBUG - Save part 'docProps/app.xml'
11:04:05.472 [main] DEBUG - Save part 'docProps/core.xml'
11:04:05.473 [main] DEBUG - Save part 'xl/sharedStrings.xml'
11:04:05.473 [main] DEBUG - Save part 'xl/styles.xml'
11:04:05.473 [main] DEBUG - Save part 'xl/theme/theme1.xml'
11:04:05.474 [main] DEBUG - Save part 'xl/workbook.xml'
11:04:05.474 [main] DEBUG - Save part 'xl/worksheets/sheet1.xml'
11:04:05.475 [main] DEBUG - Save part 'xl/worksheets/sheet2.xml'
11:04:05.475 [main] DEBUG - Save part 'xl/worksheets/sheet3.xml'
11:04:05.475 [main] DEBUG - Save part 'xl/worksheets/sheet4.xml'
11:04:05.475 [main] DEBUG - Save part 'xl/worksheets/sheet5.xml'
11:04:05.494 [main] DEBUG - Parsing relationship: /xl/_rels/workbook.xml.rels
11:04:05.494 [main] DEBUG - Parsing relationship: /xl/worksheets/_rels/sheet1.xml.rels
11:04:05.494 [main] DEBUG - Parsing relationship: /_rels/.rels
11:04:05.504 [main] DEBUG - Save content types part
11:04:05.505 [main] DEBUG - Save package relationships
11:04:05.505 [main] DEBUG - Save part 'docProps/app.xml'
11:04:05.505 [main] DEBUG - Save part 'docProps/core.xml'
11:04:05.506 [main] DEBUG - Save part 'xl/sharedStrings.xml'
11:04:05.506 [main] DEBUG - Save part 'xl/styles.xml'
11:04:05.506 [main] DEBUG - Save part 'xl/theme/theme1.xml'
11:04:05.506 [main] DEBUG - Save part 'xl/workbook.xml'
11:04:05.506 [main] DEBUG - Save part 'xl/worksheets/sheet1.xml'
11:04:05.507 [main] DEBUG - Save part 'xl/worksheets/sheet2.xml'
11:04:05.507 [main] DEBUG - Save part 'xl/worksheets/sheet3.xml'
11:04:05.507 [main] DEBUG - Save part 'xl/worksheets/sheet4.xml'
11:04:05.507 [main] DEBUG - Save part 'xl/worksheets/sheet5.xml'
11:04:05.528 [main] DEBUG - Parsing relationship: /xl/_rels/workbook.xml.rels
11:04:05.529 [main] DEBUG - Parsing relationship: /xl/worksheets/_rels/sheet1.xml.rels
11:04:05.529 [main] DEBUG - Parsing relationship: /_rels/.rels
11:04:05.539 [main] DEBUG - Save content types part
11:04:05.540 [main] DEBUG - Save package relationships
11:04:05.540 [main] DEBUG - Save part 'docProps/app.xml'
11:04:05.541 [main] DEBUG - Save part 'docProps/core.xml'
11:04:05.541 [main] DEBUG - Save part 'xl/sharedStrings.xml'
11:04:05.541 [main] DEBUG - Save part 'xl/styles.xml'
11:04:05.541 [main] DEBUG - Save part 'xl/theme/theme1.xml'
11:04:05.541 [main] DEBUG - Save part 'xl/workbook.xml'
11:04:05.542 [main] DEBUG - Save part 'xl/worksheets/sheet1.xml'
11:04:05.542 [main] DEBUG - Save part 'xl/worksheets/sheet2.xml'
11:04:05.542 [main] DEBUG - Save part 'xl/worksheets/sheet3.xml'
11:04:05.542 [main] DEBUG - Save part 'xl/worksheets/sheet4.xml'
11:04:05.543 [main] DEBUG - Save part 'xl/worksheets/sheet5.xml'
11:04:05.563 [main] DEBUG - Parsing relationship: /xl/_rels/workbook.xml.rels
11:04:05.563 [main] DEBUG - Parsing relationship: /xl/worksheets/_rels/sheet1.xml.rels
11:04:05.563 [main] DEBUG - Parsing relationship: /_rels/.rels
11:04:05.580 [main] DEBUG - Save content types part
11:04:05.581 [main] DEBUG - Save package relationships
11:04:05.582 [main] DEBUG - Save part 'docProps/app.xml'
11:04:05.582 [main] DEBUG - Save part 'docProps/core.xml'
11:04:05.583 [main] DEBUG - Save part 'xl/sharedStrings.xml'
11:04:05.584 [main] DEBUG - Save part 'xl/styles.xml'
11:04:05.584 [main] DEBUG - Save part 'xl/theme/theme1.xml'
11:04:05.584 [main] DEBUG - Save part 'xl/workbook.xml'
11:04:05.585 [main] DEBUG - Save part 'xl/worksheets/sheet1.xml'
11:04:05.585 [main] DEBUG - Save part 'xl/worksheets/sheet2.xml'
11:04:05.585 [main] DEBUG - Save part 'xl/worksheets/sheet3.xml'
11:04:05.585 [main] DEBUG - Save part 'xl/worksheets/sheet4.xml'
11:04:05.585 [main] DEBUG - Save part 'xl/worksheets/sheet5.xml'
11:04:05.605 [main] DEBUG - Parsing relationship: /xl/_rels/workbook.xml.rels
11:04:05.605 [main] DEBUG - Parsing relationship: /xl/worksheets/_rels/sheet1.xml.rels
11:04:05.605 [main] DEBUG - Parsing relationship: /_rels/.rels
11:04:05.614 [main] DEBUG - Save content types part
11:04:05.614 [main] DEBUG - Save package relationships
11:04:05.615 [main] DEBUG - Save part 'docProps/app.xml'
11:04:05.615 [main] DEBUG - Save part 'docProps/core.xml'
11:04:05.616 [main] DEBUG - Save part 'xl/sharedStrings.xml'
11:04:05.616 [main] DEBUG - Save part 'xl/styles.xml'
11:04:05.616 [main] DEBUG - Save part 'xl/theme/theme1.xml'
11:04:05.616 [main] DEBUG - Save part 'xl/workbook.xml'
11:04:05.616 [main] DEBUG - Save part 'xl/worksheets/sheet1.xml'
11:04:05.617 [main] DEBUG - Save part 'xl/worksheets/sheet2.xml'
11:04:05.617 [main] DEBUG - Save part 'xl/worksheets/sheet3.xml'
11:04:05.617 [main] DEBUG - Save part 'xl/worksheets/sheet4.xml'
11:04:05.617 [main] DEBUG - Save part 'xl/worksheets/sheet5.xml'
11:04:05.637 [main] DEBUG - Parsing relationship: /xl/_rels/workbook.xml.rels
11:04:05.637 [main] DEBUG - Parsing relationship: /xl/worksheets/_rels/sheet1.xml.rels
11:04:05.637 [main] DEBUG - Parsing relationship: /_rels/.rels
11:04:05.652 [main] DEBUG - Save content types part
11:04:05.653 [main] DEBUG - Save package relationships
11:04:05.654 [main] DEBUG - Save part 'docProps/app.xml'
11:04:05.654 [main] DEBUG - Save part 'docProps/core.xml'
11:04:05.655 [main] DEBUG - Save part 'xl/sharedStrings.xml'
11:04:05.655 [main] DEBUG - Save part 'xl/styles.xml'
11:04:05.655 [main] DEBUG - Save part 'xl/theme/theme1.xml'
11:04:05.655 [main] DEBUG - Save part 'xl/workbook.xml'
11:04:05.656 [main] DEBUG - Save part 'xl/worksheets/sheet1.xml'
11:04:05.656 [main] DEBUG - Save part 'xl/worksheets/sheet2.xml'
11:04:05.656 [main] DEBUG - Save part 'xl/worksheets/sheet3.xml'
11:04:05.656 [main] DEBUG - Save part 'xl/worksheets/sheet4.xml'
11:04:05.656 [main] DEBUG - Save part 'xl/worksheets/sheet5.xml'
11:04:05.677 [main] DEBUG - Parsing relationship: /xl/_rels/workbook.xml.rels
11:04:05.677 [main] DEBUG - Parsing relationship: /xl/worksheets/_rels/sheet1.xml.rels
11:04:05.678 [main] DEBUG - Parsing relationship: /_rels/.rels
11:04:05.689 [main] DEBUG - Save content types part
11:04:05.689 [main] DEBUG - Save package relationships
11:04:05.690 [main] DEBUG - Save part 'docProps/app.xml'
11:04:05.690 [main] DEBUG - Save part 'docProps/core.xml'
11:04:05.690 [main] DEBUG - Save part 'xl/sharedStrings.xml'
11:04:05.690 [main] DEBUG - Save part 'xl/styles.xml'
11:04:05.690 [main] DEBUG - Save part 'xl/theme/theme1.xml'
11:04:05.690 [main] DEBUG - Save part 'xl/workbook.xml'
11:04:05.692 [main] DEBUG - Save part 'xl/worksheets/sheet1.xml'
11:04:05.692 [main] DEBUG - Save part 'xl/worksheets/sheet2.xml'
11:04:05.692 [main] DEBUG - Save part 'xl/worksheets/sheet3.xml'
11:04:05.693 [main] DEBUG - Save part 'xl/worksheets/sheet4.xml'
11:04:05.693 [main] DEBUG - Save part 'xl/worksheets/sheet5.xml'
11:04:05.714 [main] DEBUG - Parsing relationship: /xl/_rels/workbook.xml.rels
11:04:05.714 [main] DEBUG - Parsing relationship: /xl/worksheets/_rels/sheet1.xml.rels
11:04:05.714 [main] DEBUG - Parsing relationship: /_rels/.rels
11:04:05.724 [main] DEBUG - Save content types part
11:04:05.725 [main] DEBUG - Save package relationships
11:04:05.725 [main] DEBUG - Save part 'docProps/app.xml'
11:04:05.725 [main] DEBUG - Save part 'docProps/core.xml'
11:04:05.726 [main] DEBUG - Save part 'xl/sharedStrings.xml'
11:04:05.726 [main] DEBUG - Save part 'xl/styles.xml'
11:04:05.727 [main] DEBUG - Save part 'xl/theme/theme1.xml'
11:04:05.727 [main] DEBUG - Save part 'xl/workbook.xml'
11:04:05.728 [main] DEBUG - Save part 'xl/worksheets/sheet1.xml'
11:04:05.728 [main] DEBUG - Save part 'xl/worksheets/sheet2.xml'
11:04:05.728 [main] DEBUG - Save part 'xl/worksheets/sheet3.xml'
11:04:05.729 [main] DEBUG - Save part 'xl/worksheets/sheet4.xml'
11:04:05.729 [main] DEBUG - Save part 'xl/worksheets/sheet5.xml'
11:04:05.729 [main] INFO  - Extracting Difficulty levels
11:04:05.730 [main] INFO  - Clicking Home Button
11:18:07.062 [main] INFO  - Website is opened
11:18:21.348 [main] INFO  - Taking screenshot
11:18:21.349 [main] INFO  - Quitting the website
11:52:53.303 [main] INFO  - Website is opened
11:52:58.273 [main] INFO  - Clicking search button
11:53:05.558 [main] INFO  - Clicking English checkbox
11:53:08.176 [main] INFO  - Clicking English check box
11:53:08.185 [main] INFO  - Clicking Beginner checkbox
11:53:12.622 [main] INFO  - Scrolling and clicking beginner box
11:53:18.717 [main] INFO  - Clicking First Course
11:53:19.842 [main] INFO  - Getting First course window handle
11:53:19.843 [main] INFO  - Getting the first first course details
11:53:20.257 [main] DEBUG - Parsing relationship: /xl/_rels/workbook.xml.rels
11:53:20.264 [main] DEBUG - Parsing relationship: /xl/worksheets/_rels/sheet1.xml.rels
11:53:20.266 [main] DEBUG - Parsing relationship: /_rels/.rels
11:53:20.542 [main] TRACE - Loading type system org.apache.poi.schemas.ooxml.system.ooxml
11:53:20.548 [main] TRACE - Loading type system org.apache.xmlbeans.metadata.system.sXMLCONFIG
11:53:20.549 [main] TRACE - Loading type system org.apache.xmlbeans.metadata.system.sXMLLANG
11:53:20.550 [main] TRACE - Loading type system org.apache.xmlbeans.metadata.system.sXMLSCHEMA
11:53:20.551 [main] TRACE - Loading type system org.apache.xmlbeans.metadata.system.sXMLTOOLS
11:53:20.554 [main] TRACE - Reading unresolved handles for type system org.apache.xmlbeans.metadata.system.sXMLTOOLS
11:53:20.569 [main] TRACE - Finished loading type system org.apache.xmlbeans.metadata.system.sXMLTOOLS
11:53:20.570 [main] TRACE - Reading unresolved handles for type system org.apache.xmlbeans.metadata.system.sXMLSCHEMA
11:53:20.583 [main] TRACE - Finished loading type system org.apache.xmlbeans.metadata.system.sXMLSCHEMA
11:53:20.586 [main] TRACE - Reading unresolved handles for type system org.apache.xmlbeans.metadata.system.sXMLLANG
11:53:20.587 [main] TRACE - Finished loading type system org.apache.xmlbeans.metadata.system.sXMLLANG
11:53:20.589 [main] TRACE - Reading unresolved handles for type system org.apache.xmlbeans.metadata.system.sXMLCONFIG
11:53:20.590 [main] TRACE - Finished loading type system org.apache.xmlbeans.metadata.system.sXMLCONFIG
11:53:20.592 [main] TRACE - Reading unresolved handles for type system org.apache.poi.schemas.ooxml.system.ooxml
11:53:20.696 [main] TRACE - Finished loading type system org.apache.poi.schemas.ooxml.system.ooxml
11:53:20.697 [main] TRACE - Resolving type for handle themefd26doctype
11:53:20.878 [main] TRACE - Resolving type for handle stylesheet5d8bdoctype
11:53:20.897 [main] TRACE - Resolving type for handle ctstylesheet4257type
11:53:20.908 [main] TRACE - Resolving type for handle ctnumfmtsb58btype
11:53:20.916 [main] TRACE - Resolving type for handle ctnumfmt3870type
11:53:20.919 [main] TRACE - Resolving type for handle stnumfmtid76fbtype
11:53:20.942 [main] TRACE - Resolving type for handle stxstringf179type
11:53:20.951 [main] TRACE - Resolving type for handle ctfonts6623type
11:53:20.960 [main] TRACE - Resolving type for handle ctfont14d8type
11:53:20.973 [main] TRACE - Resolving type for handle ctfills2c6ftype
11:53:20.981 [main] TRACE - Resolving type for handle ctfill550ctype
11:53:20.985 [main] TRACE - Resolving type for handle ctborders0d66type
11:53:20.993 [main] TRACE - Resolving type for handle ctborderf935type
11:53:21.001 [main] TRACE - Resolving type for handle ctcellxfs1322type
11:53:21.012 [main] TRACE - Resolving type for handle ctxf97f7type
11:53:21.021 [main] TRACE - Resolving type for handle ctcellstylexfsa81ftype
11:53:21.028 [main] TRACE - Resolving type for handle ctdxfsb26atype
11:53:21.036 [main] TRACE - Resolving type for handle cttablestyles872ftype
11:53:21.045 [main] TRACE - Resolving type for handle sstf81fdoctype
11:53:21.068 [main] TRACE - Resolving type for handle ctsst44f3type
11:53:21.078 [main] TRACE - Resolving type for handle ctrsta472type
11:53:21.186 [main] TRACE - Resolving type for handle workbookec17doctype
11:53:21.196 [main] TRACE - Resolving type for handle ctworkbook83c3type
11:53:21.211 [main] TRACE - Resolving type for handle ctsheets49fdtype
11:53:21.218 [main] TRACE - Resolving type for handle ctsheet4dbetype
11:53:21.224 [main] TRACE - Resolving type for handle strelationshipid1e94type
11:53:21.232 [main] TRACE - Resolving type for handle worksheetf539doctype
11:53:21.249 [main] TRACE - Resolving type for handle ctworksheet530dtype
11:53:21.271 [main] TRACE - Resolving type for handle ctcols627ctype
11:53:21.286 [main] TRACE - Resolving type for handle ctcola95ftype
11:53:21.333 [main] TRACE - Resolving type for handle ctsheetdata8408type
11:53:21.341 [main] TRACE - Resolving type for handle ctrowdd39type
11:53:21.357 [main] TRACE - Resolving type for handle ctcell842btype
11:53:21.380 [main] TRACE - Resolving type for handle stcellrefe4e0type
11:53:21.393 [main] TRACE - Resolving type for handle cthyperlinks6416type
11:53:21.400 [main] TRACE - Resolving type for handle cthyperlink0c85type
11:53:21.463 [main] TRACE - Resolving type for handle stcelltypebf95type
11:53:21.487 [main] TRACE - Resolving type for handle stcellstylexfid70c7type
11:53:21.497 [main] TRACE - Resolving type for handle ctsheetdimensiond310type
11:53:21.500 [main] TRACE - Resolving type for handle stref90a2type
11:53:21.537 [main] TRACE - Resolving type for handle propertiesee84doctype
11:53:21.543 [main] TRACE - Resolving type for handle ctproperties3f10type
11:53:21.573 [main] TRACE - Resolving type for handle properties288cdoctype
11:53:21.577 [main] TRACE - Resolving type for handle ctproperties2c18type
11:53:21.620 [main] DEBUG - Save content types part
11:53:21.759 [main] DEBUG - Save package relationships
11:53:21.766 [main] DEBUG - Save part 'docProps/app.xml'
11:53:21.767 [main] DEBUG - Save part 'docProps/core.xml'
11:53:21.774 [main] DEBUG - Save part 'xl/sharedStrings.xml'
11:53:21.775 [main] DEBUG - Save part 'xl/styles.xml'
11:53:21.776 [main] DEBUG - Save part 'xl/theme/theme1.xml'
11:53:21.777 [main] DEBUG - Save part 'xl/workbook.xml'
11:53:21.780 [main] DEBUG - Save part 'xl/worksheets/sheet1.xml'
11:53:21.782 [main] DEBUG - Save part 'xl/worksheets/sheet2.xml'
11:53:21.783 [main] DEBUG - Save part 'xl/worksheets/sheet3.xml'
11:53:21.783 [main] DEBUG - Save part 'xl/worksheets/sheet4.xml'
11:53:21.783 [main] DEBUG - Save part 'xl/worksheets/sheet5.xml'
11:53:21.824 [main] DEBUG - Parsing relationship: /xl/_rels/workbook.xml.rels
11:53:21.825 [main] DEBUG - Parsing relationship: /xl/worksheets/_rels/sheet1.xml.rels
11:53:21.827 [main] DEBUG - Parsing relationship: /_rels/.rels
11:53:21.919 [main] DEBUG - Save content types part
11:53:21.921 [main] DEBUG - Save package relationships
11:53:21.923 [main] DEBUG - Save part 'docProps/app.xml'
11:53:21.924 [main] DEBUG - Save part 'docProps/core.xml'
11:53:21.927 [main] DEBUG - Save part 'xl/sharedStrings.xml'
11:53:21.927 [main] DEBUG - Save part 'xl/styles.xml'
11:53:21.928 [main] DEBUG - Save part 'xl/theme/theme1.xml'
11:53:21.929 [main] DEBUG - Save part 'xl/workbook.xml'
11:53:21.933 [main] DEBUG - Save part 'xl/worksheets/sheet1.xml'
11:53:21.937 [main] DEBUG - Save part 'xl/worksheets/sheet2.xml'
11:53:21.938 [main] DEBUG - Save part 'xl/worksheets/sheet3.xml'
11:53:21.938 [main] DEBUG - Save part 'xl/worksheets/sheet4.xml'
11:53:21.939 [main] DEBUG - Save part 'xl/worksheets/sheet5.xml'
11:53:21.977 [main] DEBUG - Parsing relationship: /xl/_rels/workbook.xml.rels
11:53:21.979 [main] DEBUG - Parsing relationship: /xl/worksheets/_rels/sheet1.xml.rels
11:53:21.981 [main] DEBUG - Parsing relationship: /_rels/.rels
11:53:22.186 [main] DEBUG - Save content types part
11:53:22.188 [main] DEBUG - Save package relationships
11:53:22.192 [main] DEBUG - Save part 'docProps/app.xml'
11:53:22.193 [main] DEBUG - Save part 'docProps/core.xml'
11:53:22.196 [main] DEBUG - Save part 'xl/sharedStrings.xml'
11:53:22.198 [main] DEBUG - Save part 'xl/styles.xml'
11:53:22.199 [main] DEBUG - Save part 'xl/theme/theme1.xml'
11:53:22.200 [main] DEBUG - Save part 'xl/workbook.xml'
11:53:22.204 [main] DEBUG - Save part 'xl/worksheets/sheet1.xml'
11:53:22.208 [main] DEBUG - Save part 'xl/worksheets/sheet2.xml'
11:53:22.209 [main] DEBUG - Save part 'xl/worksheets/sheet3.xml'
11:53:22.209 [main] DEBUG - Save part 'xl/worksheets/sheet4.xml'
11:53:22.210 [main] DEBUG - Save part 'xl/worksheets/sheet5.xml'
11:53:28.450 [main] INFO  - Clicking Second Course
11:53:28.461 [main] INFO  - Getting window handles
11:53:28.485 [main] INFO  - Checking Second Course Title
11:53:32.268 [main] INFO  - Extracting Second course details
11:53:32.416 [main] DEBUG - Parsing relationship: /xl/_rels/workbook.xml.rels
11:53:32.417 [main] DEBUG - Parsing relationship: /xl/worksheets/_rels/sheet1.xml.rels
11:53:32.417 [main] DEBUG - Parsing relationship: /_rels/.rels
11:53:32.495 [main] DEBUG - Save content types part
11:53:32.498 [main] DEBUG - Save package relationships
11:53:32.500 [main] DEBUG - Save part 'docProps/app.xml'
11:53:32.500 [main] DEBUG - Save part 'docProps/core.xml'
11:53:32.503 [main] DEBUG - Save part 'xl/sharedStrings.xml'
11:53:32.504 [main] DEBUG - Save part 'xl/styles.xml'
11:53:32.504 [main] DEBUG - Save part 'xl/theme/theme1.xml'
11:53:32.505 [main] DEBUG - Save part 'xl/workbook.xml'
11:53:32.509 [main] DEBUG - Save part 'xl/worksheets/sheet1.xml'
11:53:32.513 [main] DEBUG - Save part 'xl/worksheets/sheet2.xml'
11:53:32.514 [main] DEBUG - Save part 'xl/worksheets/sheet3.xml'
11:53:32.514 [main] DEBUG - Save part 'xl/worksheets/sheet4.xml'
11:53:32.515 [main] DEBUG - Save part 'xl/worksheets/sheet5.xml'
11:53:32.553 [main] DEBUG - Parsing relationship: /xl/_rels/workbook.xml.rels
11:53:32.561 [main] DEBUG - Parsing relationship: /xl/worksheets/_rels/sheet1.xml.rels
11:53:32.566 [main] DEBUG - Parsing relationship: /_rels/.rels
11:53:32.651 [main] DEBUG - Save content types part
11:53:32.654 [main] DEBUG - Save package relationships
11:53:32.657 [main] DEBUG - Save part 'docProps/app.xml'
11:53:32.658 [main] DEBUG - Save part 'docProps/core.xml'
11:53:32.661 [main] DEBUG - Save part 'xl/sharedStrings.xml'
11:53:32.662 [main] DEBUG - Save part 'xl/styles.xml'
11:53:32.663 [main] DEBUG - Save part 'xl/theme/theme1.xml'
11:53:32.663 [main] DEBUG - Save part 'xl/workbook.xml'
11:53:32.666 [main] DEBUG - Save part 'xl/worksheets/sheet1.xml'
11:53:32.670 [main] DEBUG - Save part 'xl/worksheets/sheet2.xml'
11:53:32.671 [main] DEBUG - Save part 'xl/worksheets/sheet3.xml'
11:53:32.672 [main] DEBUG - Save part 'xl/worksheets/sheet4.xml'
11:53:32.673 [main] DEBUG - Save part 'xl/worksheets/sheet5.xml'
11:53:32.712 [main] DEBUG - Parsing relationship: /xl/_rels/workbook.xml.rels
11:53:32.713 [main] DEBUG - Parsing relationship: /xl/worksheets/_rels/sheet1.xml.rels
11:53:32.715 [main] DEBUG - Parsing relationship: /_rels/.rels
11:53:32.801 [main] DEBUG - Save content types part
11:53:32.804 [main] DEBUG - Save package relationships
11:53:32.808 [main] DEBUG - Save part 'docProps/app.xml'
11:53:32.808 [main] DEBUG - Save part 'docProps/core.xml'
11:53:32.812 [main] DEBUG - Save part 'xl/sharedStrings.xml'
11:53:32.813 [main] DEBUG - Save part 'xl/styles.xml'
11:53:32.814 [main] DEBUG - Save part 'xl/theme/theme1.xml'
11:53:32.815 [main] DEBUG - Save part 'xl/workbook.xml'
11:53:32.818 [main] DEBUG - Save part 'xl/worksheets/sheet1.xml'
11:53:32.822 [main] DEBUG - Save part 'xl/worksheets/sheet2.xml'
11:53:32.823 [main] DEBUG - Save part 'xl/worksheets/sheet3.xml'
11:53:32.824 [main] DEBUG - Save part 'xl/worksheets/sheet4.xml'
11:53:32.825 [main] DEBUG - Save part 'xl/worksheets/sheet5.xml'
11:53:35.103 [main] INFO  - Returning to Parent Window
11:53:35.432 [main] INFO  - Clearing search box
11:53:35.566 [main] INFO  - Searching values
11:53:35.568 [main] INFO  - Clicking search button
11:53:35.989 [main] INFO  - Clicking See All link
11:53:36.432 [main] DEBUG - Parsing relationship: /xl/_rels/workbook.xml.rels
11:53:36.433 [main] DEBUG - Parsing relationship: /xl/worksheets/_rels/sheet1.xml.rels
11:53:36.435 [main] DEBUG - Parsing relationship: /_rels/.rels
11:53:36.544 [main] DEBUG - Save content types part
11:53:36.546 [main] DEBUG - Save package relationships
11:53:36.548 [main] DEBUG - Save part 'docProps/app.xml'
11:53:36.549 [main] DEBUG - Save part 'docProps/core.xml'
11:53:36.551 [main] DEBUG - Save part 'xl/sharedStrings.xml'
11:53:36.552 [main] DEBUG - Save part 'xl/styles.xml'
11:53:36.552 [main] DEBUG - Save part 'xl/theme/theme1.xml'
11:53:36.553 [main] DEBUG - Save part 'xl/workbook.xml'
11:53:36.555 [main] DEBUG - Save part 'xl/worksheets/sheet1.xml'
11:53:36.557 [main] DEBUG - Save part 'xl/worksheets/sheet2.xml'
11:53:36.557 [main] DEBUG - Save part 'xl/worksheets/sheet3.xml'
11:53:36.558 [main] DEBUG - Save part 'xl/worksheets/sheet4.xml'
11:53:36.558 [main] DEBUG - Save part 'xl/worksheets/sheet5.xml'
11:53:36.585 [main] DEBUG - Parsing relationship: /xl/_rels/workbook.xml.rels
11:53:36.586 [main] DEBUG - Parsing relationship: /xl/worksheets/_rels/sheet1.xml.rels
11:53:36.587 [main] DEBUG - Parsing relationship: /_rels/.rels
11:53:36.645 [main] DEBUG - Save content types part
11:53:36.649 [main] DEBUG - Save package relationships
11:53:36.652 [main] DEBUG - Save part 'docProps/app.xml'
11:53:36.652 [main] DEBUG - Save part 'docProps/core.xml'
11:53:36.655 [main] DEBUG - Save part 'xl/sharedStrings.xml'
11:53:36.657 [main] DEBUG - Save part 'xl/styles.xml'
11:53:36.657 [main] DEBUG - Save part 'xl/theme/theme1.xml'
11:53:36.658 [main] DEBUG - Save part 'xl/workbook.xml'
11:53:36.661 [main] DEBUG - Save part 'xl/worksheets/sheet1.xml'
11:53:36.663 [main] DEBUG - Save part 'xl/worksheets/sheet2.xml'
11:53:36.663 [main] DEBUG - Save part 'xl/worksheets/sheet3.xml'
11:53:36.665 [main] DEBUG - Save part 'xl/worksheets/sheet4.xml'
11:53:36.665 [main] DEBUG - Save part 'xl/worksheets/sheet5.xml'
11:53:36.985 [main] DEBUG - Parsing relationship: /xl/_rels/workbook.xml.rels
11:53:36.986 [main] DEBUG - Parsing relationship: /xl/worksheets/_rels/sheet1.xml.rels
11:53:36.987 [main] DEBUG - Parsing relationship: /_rels/.rels
11:53:37.049 [main] DEBUG - Save content types part
11:53:37.052 [main] DEBUG - Save package relationships
11:53:37.053 [main] DEBUG - Save part 'docProps/app.xml'
11:53:37.054 [main] DEBUG - Save part 'docProps/core.xml'
11:53:37.056 [main] DEBUG - Save part 'xl/sharedStrings.xml'
11:53:37.057 [main] DEBUG - Save part 'xl/styles.xml'
11:53:37.057 [main] DEBUG - Save part 'xl/theme/theme1.xml'
11:53:37.058 [main] DEBUG - Save part 'xl/workbook.xml'
11:53:37.060 [main] DEBUG - Save part 'xl/worksheets/sheet1.xml'
11:53:37.065 [main] DEBUG - Save part 'xl/worksheets/sheet2.xml'
11:53:37.066 [main] DEBUG - Save part 'xl/worksheets/sheet3.xml'
11:53:37.066 [main] DEBUG - Save part 'xl/worksheets/sheet4.xml'
11:53:37.067 [main] DEBUG - Save part 'xl/worksheets/sheet5.xml'
11:53:37.100 [main] DEBUG - Parsing relationship: /xl/_rels/workbook.xml.rels
11:53:37.102 [main] DEBUG - Parsing relationship: /xl/worksheets/_rels/sheet1.xml.rels
11:53:37.103 [main] DEBUG - Parsing relationship: /_rels/.rels
11:53:37.229 [main] DEBUG - Save content types part
11:53:37.233 [main] DEBUG - Save package relationships
11:53:37.235 [main] DEBUG - Save part 'docProps/app.xml'
11:53:37.236 [main] DEBUG - Save part 'docProps/core.xml'
11:53:37.239 [main] DEBUG - Save part 'xl/sharedStrings.xml'
11:53:37.241 [main] DEBUG - Save part 'xl/styles.xml'
11:53:37.241 [main] DEBUG - Save part 'xl/theme/theme1.xml'
11:53:37.242 [main] DEBUG - Save part 'xl/workbook.xml'
11:53:37.245 [main] DEBUG - Save part 'xl/worksheets/sheet1.xml'
11:53:37.247 [main] DEBUG - Save part 'xl/worksheets/sheet2.xml'
11:53:37.248 [main] DEBUG - Save part 'xl/worksheets/sheet3.xml'
11:53:37.249 [main] DEBUG - Save part 'xl/worksheets/sheet4.xml'
11:53:37.250 [main] DEBUG - Save part 'xl/worksheets/sheet5.xml'
11:53:37.317 [main] DEBUG - Parsing relationship: /xl/_rels/workbook.xml.rels
11:53:37.319 [main] DEBUG - Parsing relationship: /xl/worksheets/_rels/sheet1.xml.rels
11:53:37.320 [main] DEBUG - Parsing relationship: /_rels/.rels
11:53:37.394 [main] DEBUG - Save content types part
11:53:37.396 [main] DEBUG - Save package relationships
11:53:37.398 [main] DEBUG - Save part 'docProps/app.xml'
11:53:37.399 [main] DEBUG - Save part 'docProps/core.xml'
11:53:37.401 [main] DEBUG - Save part 'xl/sharedStrings.xml'
11:53:37.401 [main] DEBUG - Save part 'xl/styles.xml'
11:53:37.402 [main] DEBUG - Save part 'xl/theme/theme1.xml'
11:53:37.402 [main] DEBUG - Save part 'xl/workbook.xml'
11:53:37.405 [main] DEBUG - Save part 'xl/worksheets/sheet1.xml'
11:53:37.410 [main] DEBUG - Save part 'xl/worksheets/sheet2.xml'
11:53:37.411 [main] DEBUG - Save part 'xl/worksheets/sheet3.xml'
11:53:37.412 [main] DEBUG - Save part 'xl/worksheets/sheet4.xml'
11:53:37.412 [main] DEBUG - Save part 'xl/worksheets/sheet5.xml'
11:53:37.447 [main] DEBUG - Parsing relationship: /xl/_rels/workbook.xml.rels
11:53:37.448 [main] DEBUG - Parsing relationship: /xl/worksheets/_rels/sheet1.xml.rels
11:53:37.449 [main] DEBUG - Parsing relationship: /_rels/.rels
11:53:37.498 [main] DEBUG - Save content types part
11:53:37.500 [main] DEBUG - Save package relationships
11:53:37.501 [main] DEBUG - Save part 'docProps/app.xml'
11:53:37.502 [main] DEBUG - Save part 'docProps/core.xml'
11:53:37.504 [main] DEBUG - Save part 'xl/sharedStrings.xml'
11:53:37.505 [main] DEBUG - Save part 'xl/styles.xml'
11:53:37.505 [main] DEBUG - Save part 'xl/theme/theme1.xml'
11:53:37.506 [main] DEBUG - Save part 'xl/workbook.xml'
11:53:37.509 [main] DEBUG - Save part 'xl/worksheets/sheet1.xml'
11:53:37.511 [main] DEBUG - Save part 'xl/worksheets/sheet2.xml'
11:53:37.512 [main] DEBUG - Save part 'xl/worksheets/sheet3.xml'
11:53:37.513 [main] DEBUG - Save part 'xl/worksheets/sheet4.xml'
11:53:37.513 [main] DEBUG - Save part 'xl/worksheets/sheet5.xml'
11:53:37.577 [main] DEBUG - Parsing relationship: /xl/_rels/workbook.xml.rels
11:53:37.578 [main] DEBUG - Parsing relationship: /xl/worksheets/_rels/sheet1.xml.rels
11:53:37.579 [main] DEBUG - Parsing relationship: /_rels/.rels
11:53:37.646 [main] DEBUG - Save content types part
11:53:37.650 [main] DEBUG - Save package relationships
11:53:37.660 [main] DEBUG - Save part 'docProps/app.xml'
11:53:37.661 [main] DEBUG - Save part 'docProps/core.xml'
11:53:37.665 [main] DEBUG - Save part 'xl/sharedStrings.xml'
11:53:37.665 [main] DEBUG - Save part 'xl/styles.xml'
11:53:37.666 [main] DEBUG - Save part 'xl/theme/theme1.xml'
11:53:37.667 [main] DEBUG - Save part 'xl/workbook.xml'
11:53:37.670 [main] DEBUG - Save part 'xl/worksheets/sheet1.xml'
11:53:37.672 [main] DEBUG - Save part 'xl/worksheets/sheet2.xml'
11:53:37.673 [main] DEBUG - Save part 'xl/worksheets/sheet3.xml'
11:53:37.673 [main] DEBUG - Save part 'xl/worksheets/sheet4.xml'
11:53:37.673 [main] DEBUG - Save part 'xl/worksheets/sheet5.xml'
11:53:37.722 [main] DEBUG - Parsing relationship: /xl/_rels/workbook.xml.rels
11:53:37.724 [main] DEBUG - Parsing relationship: /xl/worksheets/_rels/sheet1.xml.rels
11:53:37.726 [main] DEBUG - Parsing relationship: /_rels/.rels
11:53:37.774 [main] DEBUG - Save content types part
11:53:37.777 [main] DEBUG - Save package relationships
11:53:37.779 [main] DEBUG - Save part 'docProps/app.xml'
11:53:37.779 [main] DEBUG - Save part 'docProps/core.xml'
11:53:37.781 [main] DEBUG - Save part 'xl/sharedStrings.xml'
11:53:37.782 [main] DEBUG - Save part 'xl/styles.xml'
11:53:37.782 [main] DEBUG - Save part 'xl/theme/theme1.xml'
11:53:37.783 [main] DEBUG - Save part 'xl/workbook.xml'
11:53:37.784 [main] DEBUG - Save part 'xl/worksheets/sheet1.xml'
11:53:37.786 [main] DEBUG - Save part 'xl/worksheets/sheet2.xml'
11:53:37.786 [main] DEBUG - Save part 'xl/worksheets/sheet3.xml'
11:53:37.787 [main] DEBUG - Save part 'xl/worksheets/sheet4.xml'
11:53:37.787 [main] DEBUG - Save part 'xl/worksheets/sheet5.xml'
11:53:37.854 [main] DEBUG - Parsing relationship: /xl/_rels/workbook.xml.rels
11:53:37.857 [main] DEBUG - Parsing relationship: /xl/worksheets/_rels/sheet1.xml.rels
11:53:37.861 [main] DEBUG - Parsing relationship: /_rels/.rels
11:53:37.949 [main] DEBUG - Save content types part
11:53:37.954 [main] DEBUG - Save package relationships
11:53:37.958 [main] DEBUG - Save part 'docProps/app.xml'
11:53:37.960 [main] DEBUG - Save part 'docProps/core.xml'
11:53:37.963 [main] DEBUG - Save part 'xl/sharedStrings.xml'
11:53:37.964 [main] DEBUG - Save part 'xl/styles.xml'
11:53:37.964 [main] DEBUG - Save part 'xl/theme/theme1.xml'
11:53:37.965 [main] DEBUG - Save part 'xl/workbook.xml'
11:53:37.969 [main] DEBUG - Save part 'xl/worksheets/sheet1.xml'
11:53:37.973 [main] DEBUG - Save part 'xl/worksheets/sheet2.xml'
11:53:37.974 [main] DEBUG - Save part 'xl/worksheets/sheet3.xml'
11:53:37.974 [main] DEBUG - Save part 'xl/worksheets/sheet4.xml'
11:53:37.975 [main] DEBUG - Save part 'xl/worksheets/sheet5.xml'
11:53:38.014 [main] DEBUG - Parsing relationship: /xl/_rels/workbook.xml.rels
11:53:38.016 [main] DEBUG - Parsing relationship: /xl/worksheets/_rels/sheet1.xml.rels
11:53:38.017 [main] DEBUG - Parsing relationship: /_rels/.rels
11:53:38.087 [main] DEBUG - Save content types part
11:53:38.089 [main] DEBUG - Save package relationships
11:53:38.091 [main] DEBUG - Save part 'docProps/app.xml'
11:53:38.091 [main] DEBUG - Save part 'docProps/core.xml'
11:53:38.093 [main] DEBUG - Save part 'xl/sharedStrings.xml'
11:53:38.095 [main] DEBUG - Save part 'xl/styles.xml'
11:53:38.095 [main] DEBUG - Save part 'xl/theme/theme1.xml'
11:53:38.096 [main] DEBUG - Save part 'xl/workbook.xml'
11:53:38.099 [main] DEBUG - Save part 'xl/worksheets/sheet1.xml'
11:53:38.102 [main] DEBUG - Save part 'xl/worksheets/sheet2.xml'
11:53:38.103 [main] DEBUG - Save part 'xl/worksheets/sheet3.xml'
11:53:38.104 [main] DEBUG - Save part 'xl/worksheets/sheet4.xml'
11:53:38.105 [main] DEBUG - Save part 'xl/worksheets/sheet5.xml'
11:53:38.163 [main] DEBUG - Parsing relationship: /xl/_rels/workbook.xml.rels
11:53:38.164 [main] DEBUG - Parsing relationship: /xl/worksheets/_rels/sheet1.xml.rels
11:53:38.165 [main] DEBUG - Parsing relationship: /_rels/.rels
11:53:38.216 [main] DEBUG - Save content types part
11:53:38.218 [main] DEBUG - Save package relationships
11:53:38.220 [main] DEBUG - Save part 'docProps/app.xml'
11:53:38.220 [main] DEBUG - Save part 'docProps/core.xml'
11:53:38.222 [main] DEBUG - Save part 'xl/sharedStrings.xml'
11:53:38.222 [main] DEBUG - Save part 'xl/styles.xml'
11:53:38.223 [main] DEBUG - Save part 'xl/theme/theme1.xml'
11:53:38.223 [main] DEBUG - Save part 'xl/workbook.xml'
11:53:38.225 [main] DEBUG - Save part 'xl/worksheets/sheet1.xml'
11:53:38.227 [main] DEBUG - Save part 'xl/worksheets/sheet2.xml'
11:53:38.228 [main] DEBUG - Save part 'xl/worksheets/sheet3.xml'
11:53:38.228 [main] DEBUG - Save part 'xl/worksheets/sheet4.xml'
11:53:38.229 [main] DEBUG - Save part 'xl/worksheets/sheet5.xml'
11:53:38.257 [main] DEBUG - Parsing relationship: /xl/_rels/workbook.xml.rels
11:53:38.258 [main] DEBUG - Parsing relationship: /xl/worksheets/_rels/sheet1.xml.rels
11:53:38.259 [main] DEBUG - Parsing relationship: /_rels/.rels
11:53:38.302 [main] DEBUG - Save content types part
11:53:38.305 [main] DEBUG - Save package relationships
11:53:38.307 [main] DEBUG - Save part 'docProps/app.xml'
11:53:38.308 [main] DEBUG - Save part 'docProps/core.xml'
11:53:38.310 [main] DEBUG - Save part 'xl/sharedStrings.xml'
11:53:38.311 [main] DEBUG - Save part 'xl/styles.xml'
11:53:38.312 [main] DEBUG - Save part 'xl/theme/theme1.xml'
11:53:38.312 [main] DEBUG - Save part 'xl/workbook.xml'
11:53:38.314 [main] DEBUG - Save part 'xl/worksheets/sheet1.xml'
11:53:38.317 [main] DEBUG - Save part 'xl/worksheets/sheet2.xml'
11:53:38.317 [main] DEBUG - Save part 'xl/worksheets/sheet3.xml'
11:53:38.317 [main] DEBUG - Save part 'xl/worksheets/sheet4.xml'
11:53:38.318 [main] DEBUG - Save part 'xl/worksheets/sheet5.xml'
11:53:38.413 [main] DEBUG - Parsing relationship: /xl/_rels/workbook.xml.rels
11:53:38.415 [main] DEBUG - Parsing relationship: /xl/worksheets/_rels/sheet1.xml.rels
11:53:38.416 [main] DEBUG - Parsing relationship: /_rels/.rels
11:53:38.478 [main] DEBUG - Save content types part
11:53:38.480 [main] DEBUG - Save package relationships
11:53:38.481 [main] DEBUG - Save part 'docProps/app.xml'
11:53:38.481 [main] DEBUG - Save part 'docProps/core.xml'
11:53:38.482 [main] DEBUG - Save part 'xl/sharedStrings.xml'
11:53:38.483 [main] DEBUG - Save part 'xl/styles.xml'
11:53:38.483 [main] DEBUG - Save part 'xl/theme/theme1.xml'
11:53:38.484 [main] DEBUG - Save part 'xl/workbook.xml'
11:53:38.485 [main] DEBUG - Save part 'xl/worksheets/sheet1.xml'
11:53:38.486 [main] DEBUG - Save part 'xl/worksheets/sheet2.xml'
11:53:38.487 [main] DEBUG - Save part 'xl/worksheets/sheet3.xml'
11:53:38.487 [main] DEBUG - Save part 'xl/worksheets/sheet4.xml'
11:53:38.487 [main] DEBUG - Save part 'xl/worksheets/sheet5.xml'
11:53:38.518 [main] DEBUG - Parsing relationship: /xl/_rels/workbook.xml.rels
11:53:38.519 [main] DEBUG - Parsing relationship: /xl/worksheets/_rels/sheet1.xml.rels
11:53:38.521 [main] DEBUG - Parsing relationship: /_rels/.rels
11:53:38.564 [main] DEBUG - Save content types part
11:53:38.566 [main] DEBUG - Save package relationships
11:53:38.567 [main] DEBUG - Save part 'docProps/app.xml'
11:53:38.568 [main] DEBUG - Save part 'docProps/core.xml'
11:53:38.569 [main] DEBUG - Save part 'xl/sharedStrings.xml'
11:53:38.570 [main] DEBUG - Save part 'xl/styles.xml'
11:53:38.570 [main] DEBUG - Save part 'xl/theme/theme1.xml'
11:53:38.571 [main] DEBUG - Save part 'xl/workbook.xml'
11:53:38.572 [main] DEBUG - Save part 'xl/worksheets/sheet1.xml'
11:53:38.575 [main] DEBUG - Save part 'xl/worksheets/sheet2.xml'
11:53:38.575 [main] DEBUG - Save part 'xl/worksheets/sheet3.xml'
11:53:38.576 [main] DEBUG - Save part 'xl/worksheets/sheet4.xml'
11:53:38.576 [main] DEBUG - Save part 'xl/worksheets/sheet5.xml'
11:53:38.622 [main] DEBUG - Parsing relationship: /xl/_rels/workbook.xml.rels
11:53:38.623 [main] DEBUG - Parsing relationship: /xl/worksheets/_rels/sheet1.xml.rels
11:53:38.624 [main] DEBUG - Parsing relationship: /_rels/.rels
11:53:38.668 [main] DEBUG - Save content types part
11:53:38.670 [main] DEBUG - Save package relationships
11:53:38.672 [main] DEBUG - Save part 'docProps/app.xml'
11:53:38.672 [main] DEBUG - Save part 'docProps/core.xml'
11:53:38.673 [main] DEBUG - Save part 'xl/sharedStrings.xml'
11:53:38.674 [main] DEBUG - Save part 'xl/styles.xml'
11:53:38.674 [main] DEBUG - Save part 'xl/theme/theme1.xml'
11:53:38.675 [main] DEBUG - Save part 'xl/workbook.xml'
11:53:38.677 [main] DEBUG - Save part 'xl/worksheets/sheet1.xml'
11:53:38.679 [main] DEBUG - Save part 'xl/worksheets/sheet2.xml'
11:53:38.679 [main] DEBUG - Save part 'xl/worksheets/sheet3.xml'
11:53:38.679 [main] DEBUG - Save part 'xl/worksheets/sheet4.xml'
11:53:38.679 [main] DEBUG - Save part 'xl/worksheets/sheet5.xml'
11:53:38.704 [main] DEBUG - Parsing relationship: /xl/_rels/workbook.xml.rels
11:53:38.705 [main] DEBUG - Parsing relationship: /xl/worksheets/_rels/sheet1.xml.rels
11:53:38.706 [main] DEBUG - Parsing relationship: /_rels/.rels
11:53:38.742 [main] DEBUG - Save content types part
11:53:38.743 [main] DEBUG - Save package relationships
11:53:38.744 [main] DEBUG - Save part 'docProps/app.xml'
11:53:38.745 [main] DEBUG - Save part 'docProps/core.xml'
11:53:38.747 [main] DEBUG - Save part 'xl/sharedStrings.xml'
11:53:38.747 [main] DEBUG - Save part 'xl/styles.xml'
