09:34:48.803 [main] DEBUG - Save part 'xl/workbook.xml'
09:34:48.810 [main] DEBUG - Save part 'xl/worksheets/sheet1.xml'
09:34:48.812 [main] DEBUG - Save part 'xl/worksheets/sheet2.xml'
09:34:48.812 [main] DEBUG - Save part 'xl/worksheets/sheet3.xml'
09:34:48.812 [main] DEBUG - Save part 'xl/worksheets/sheet4.xml'
09:34:48.812 [main] DEBUG - Save part 'xl/worksheets/sheet5.xml'
09:34:48.838 [main] DEBUG - Parsing relationship: /xl/_rels/workbook.xml.rels
09:34:48.838 [main] DEBUG - Parsing relationship: /xl/worksheets/_rels/sheet1.xml.rels
09:34:48.839 [main] DEBUG - Parsing relationship: /_rels/.rels
09:34:48.868 [main] DEBUG - Save content types part
09:34:48.869 [main] DEBUG - Save package relationships
09:34:48.870 [main] DEBUG - Save part 'docProps/app.xml'
09:34:48.871 [main] DEBUG - Save part 'docProps/core.xml'
09:34:48.872 [main] DEBUG - Save part 'xl/sharedStrings.xml'
09:34:48.872 [main] DEBUG - Save part 'xl/styles.xml'
09:34:48.872 [main] DEBUG - Save part 'xl/theme/theme1.xml'
09:34:48.873 [main] DEBUG - Save part 'xl/workbook.xml'
09:34:48.874 [main] DEBUG - Save part 'xl/worksheets/sheet1.xml'
09:34:48.876 [main] DEBUG - Save part 'xl/worksheets/sheet2.xml'
09:34:48.876 [main] DEBUG - Save part 'xl/worksheets/sheet3.xml'
09:34:48.877 [main] DEBUG - Save part 'xl/worksheets/sheet4.xml'
09:34:48.877 [main] DEBUG - Save part 'xl/worksheets/sheet5.xml'
09:34:48.878 [main] INFO  - Extracting Languages
09:34:49.043 [main] INFO  - Closing See All section
09:34:49.312 [main] DEBUG - Parsing relationship: /xl/_rels/workbook.xml.rels
09:34:49.313 [main] DEBUG - Parsing relationship: /xl/worksheets/_rels/sheet1.xml.rels
09:34:49.313 [main] DEBUG - Parsing relationship: /_rels/.rels
09:34:49.331 [main] DEBUG - Save content types part
09:34:49.333 [main] DEBUG - Save package relationships
09:34:49.333 [main] DEBUG - Save part 'docProps/app.xml'
09:34:49.334 [main] DEBUG - Save part 'docProps/core.xml'
09:34:49.335 [main] DEBUG - Save part 'xl/sharedStrings.xml'
09:34:49.335 [main] DEBUG - Save part 'xl/styles.xml'
09:34:49.335 [main] DEBUG - Save part 'xl/theme/theme1.xml'
09:34:49.335 [main] DEBUG - Save part 'xl/workbook.xml'
09:34:49.337 [main] DEBUG - Save part 'xl/worksheets/sheet1.xml'
09:34:49.338 [main] DEBUG - Save part 'xl/worksheets/sheet2.xml'
09:34:49.338 [main] DEBUG - Save part 'xl/worksheets/sheet3.xml'
09:34:49.338 [main] DEBUG - Save part 'xl/worksheets/sheet4.xml'
09:34:49.338 [main] DEBUG - Save part 'xl/worksheets/sheet5.xml'
09:34:49.357 [main] DEBUG - Parsing relationship: /xl/_rels/workbook.xml.rels
09:34:49.357 [main] DEBUG - Parsing relationship: /xl/worksheets/_rels/sheet1.xml.rels
09:34:49.357 [main] DEBUG - Parsing relationship: /_rels/.rels
09:34:49.373 [main] DEBUG - Save content types part
09:34:49.374 [main] DEBUG - Save package relationships
09:34:49.375 [main] DEBUG - Save part 'docProps/app.xml'
09:34:49.375 [main] DEBUG - Save part 'docProps/core.xml'
09:34:49.376 [main] DEBUG - Save part 'xl/sharedStrings.xml'
09:34:49.376 [main] DEBUG - Save part 'xl/styles.xml'
09:34:49.376 [main] DEBUG - Save part 'xl/theme/theme1.xml'
09:34:49.377 [main] DEBUG - Save part 'xl/workbook.xml'
09:34:49.377 [main] DEBUG - Save part 'xl/worksheets/sheet1.xml'
09:34:49.378 [main] DEBUG - Save part 'xl/worksheets/sheet2.xml'
09:34:49.378 [main] DEBUG - Save part 'xl/worksheets/sheet3.xml'
09:34:49.378 [main] DEBUG - Save part 'xl/worksheets/sheet4.xml'
09:34:49.379 [main] DEBUG - Save part 'xl/worksheets/sheet5.xml'
09:34:49.398 [main] DEBUG - Parsing relationship: /xl/_rels/workbook.xml.rels
09:34:49.398 [main] DEBUG - Parsing relationship: /xl/worksheets/_rels/sheet1.xml.rels
09:34:49.399 [main] DEBUG - Parsing relationship: /_rels/.rels
09:34:49.415 [main] DEBUG - Save content types part
09:34:49.416 [main] DEBUG - Save package relationships
09:34:49.416 [main] DEBUG - Save part 'docProps/app.xml'
09:34:49.417 [main] DEBUG - Save part 'docProps/core.xml'
09:34:49.417 [main] DEBUG - Save part 'xl/sharedStrings.xml'
09:34:49.418 [main] DEBUG - Save part 'xl/styles.xml'
09:34:49.418 [main] DEBUG - Save part 'xl/theme/theme1.xml'
09:34:49.418 [main] DEBUG - Save part 'xl/workbook.xml'
09:34:49.419 [main] DEBUG - Save part 'xl/worksheets/sheet1.xml'
09:34:49.421 [main] DEBUG - Save part 'xl/worksheets/sheet2.xml'
09:34:49.421 [main] DEBUG - Save part 'xl/worksheets/sheet3.xml'
09:34:49.421 [main] DEBUG - Save part 'xl/worksheets/sheet4.xml'
09:34:49.421 [main] DEBUG - Save part 'xl/worksheets/sheet5.xml'
09:34:49.444 [main] DEBUG - Parsing relationship: /xl/_rels/workbook.xml.rels
09:34:49.445 [main] DEBUG - Parsing relationship: /xl/worksheets/_rels/sheet1.xml.rels
09:34:49.445 [main] DEBUG - Parsing relationship: /_rels/.rels
09:34:49.469 [main] DEBUG - Save content types part
09:34:49.471 [main] DEBUG - Save package relationships
09:34:49.472 [main] DEBUG - Save part 'docProps/app.xml'
09:34:49.472 [main] DEBUG - Save part 'docProps/core.xml'
09:34:49.474 [main] DEBUG - Save part 'xl/sharedStrings.xml'
09:34:49.474 [main] DEBUG - Save part 'xl/styles.xml'
09:34:49.474 [main] DEBUG - Save part 'xl/theme/theme1.xml'
09:34:49.475 [main] DEBUG - Save part 'xl/workbook.xml'
09:34:49.476 [main] DEBUG - Save part 'xl/worksheets/sheet1.xml'
09:34:49.477 [main] DEBUG - Save part 'xl/worksheets/sheet2.xml'
09:34:49.477 [main] DEBUG - Save part 'xl/worksheets/sheet3.xml'
09:34:49.478 [main] DEBUG - Save part 'xl/worksheets/sheet4.xml'
09:34:49.478 [main] DEBUG - Save part 'xl/worksheets/sheet5.xml'
09:34:49.501 [main] DEBUG - Parsing relationship: /xl/_rels/workbook.xml.rels
09:34:49.502 [main] DEBUG - Parsing relationship: /xl/worksheets/_rels/sheet1.xml.rels
09:34:49.502 [main] DEBUG - Parsing relationship: /_rels/.rels
09:34:49.521 [main] DEBUG - Save content types part
09:34:49.522 [main] DEBUG - Save package relationships
09:34:49.523 [main] DEBUG - Save part 'docProps/app.xml'
09:34:49.523 [main] DEBUG - Save part 'docProps/core.xml'
09:34:49.524 [main] DEBUG - Save part 'xl/sharedStrings.xml'
09:34:49.524 [main] DEBUG - Save part 'xl/styles.xml'
09:34:49.524 [main] DEBUG - Save part 'xl/theme/theme1.xml'
09:34:49.525 [main] DEBUG - Save part 'xl/workbook.xml'
09:34:49.525 [main] DEBUG - Save part 'xl/worksheets/sheet1.xml'
09:34:49.528 [main] DEBUG - Save part 'xl/worksheets/sheet2.xml'
09:34:49.528 [main] DEBUG - Save part 'xl/worksheets/sheet3.xml'
09:34:49.528 [main] DEBUG - Save part 'xl/worksheets/sheet4.xml'
09:34:49.528 [main] DEBUG - Save part 'xl/worksheets/sheet5.xml'
09:34:49.550 [main] DEBUG - Parsing relationship: /xl/_rels/workbook.xml.rels
09:34:49.550 [main] DEBUG - Parsing relationship: /xl/worksheets/_rels/sheet1.xml.rels
09:34:49.550 [main] DEBUG - Parsing relationship: /_rels/.rels
09:34:49.570 [main] DEBUG - Save content types part
09:34:49.571 [main] DEBUG - Save package relationships
09:34:49.572 [main] DEBUG - Save part 'docProps/app.xml'
09:34:49.572 [main] DEBUG - Save part 'docProps/core.xml'
09:34:49.573 [main] DEBUG - Save part 'xl/sharedStrings.xml'
09:34:49.573 [main] DEBUG - Save part 'xl/styles.xml'
09:34:49.573 [main] DEBUG - Save part 'xl/theme/theme1.xml'
09:34:49.574 [main] DEBUG - Save part 'xl/workbook.xml'
09:34:49.575 [main] DEBUG - Save part 'xl/worksheets/sheet1.xml'
09:34:49.577 [main] DEBUG - Save part 'xl/worksheets/sheet2.xml'
09:34:49.577 [main] DEBUG - Save part 'xl/worksheets/sheet3.xml'
09:34:49.577 [main] DEBUG - Save part 'xl/worksheets/sheet4.xml'
09:34:49.577 [main] DEBUG - Save part 'xl/worksheets/sheet5.xml'
09:34:49.599 [main] DEBUG - Parsing relationship: /xl/_rels/workbook.xml.rels
09:34:49.599 [main] DEBUG - Parsing relationship: /xl/worksheets/_rels/sheet1.xml.rels
09:34:49.599 [main] DEBUG - Parsing relationship: /_rels/.rels
09:34:49.620 [main] DEBUG - Save content types part
09:34:49.621 [main] DEBUG - Save package relationships
09:34:49.622 [main] DEBUG - Save part 'docProps/app.xml'
09:34:49.622 [main] DEBUG - Save part 'docProps/core.xml'
09:34:49.623 [main] DEBUG - Save part 'xl/sharedStrings.xml'
09:34:49.624 [main] DEBUG - Save part 'xl/styles.xml'
09:34:49.624 [main] DEBUG - Save part 'xl/theme/theme1.xml'
09:34:49.625 [main] DEBUG - Save part 'xl/workbook.xml'
09:34:49.626 [main] DEBUG - Save part 'xl/worksheets/sheet1.xml'
09:34:49.627 [main] DEBUG - Save part 'xl/worksheets/sheet2.xml'
09:34:49.627 [main] DEBUG - Save part 'xl/worksheets/sheet3.xml'
09:34:49.627 [main] DEBUG - Save part 'xl/worksheets/sheet4.xml'
09:34:49.627 [main] DEBUG - Save part 'xl/worksheets/sheet5.xml'
09:34:49.648 [main] DEBUG - Parsing relationship: /xl/_rels/workbook.xml.rels
09:34:49.648 [main] DEBUG - Parsing relationship: /xl/worksheets/_rels/sheet1.xml.rels
09:34:49.649 [main] DEBUG - Parsing relationship: /_rels/.rels
09:34:49.671 [main] DEBUG - Save content types part
09:34:49.672 [main] DEBUG - Save package relationships
09:34:49.673 [main] DEBUG - Save part 'docProps/app.xml'
09:34:49.673 [main] DEBUG - Save part 'docProps/core.xml'
09:34:49.674 [main] DEBUG - Save part 'xl/sharedStrings.xml'
09:34:49.674 [main] DEBUG - Save part 'xl/styles.xml'
09:34:49.674 [main] DEBUG - Save part 'xl/theme/theme1.xml'
09:34:49.675 [main] DEBUG - Save part 'xl/workbook.xml'
09:34:49.676 [main] DEBUG - Save part 'xl/worksheets/sheet1.xml'
09:34:49.676 [main] DEBUG - Save part 'xl/worksheets/sheet2.xml'
09:34:49.676 [main] DEBUG - Save part 'xl/worksheets/sheet3.xml'
09:34:49.677 [main] DEBUG - Save part 'xl/worksheets/sheet4.xml'
09:34:49.677 [main] DEBUG - Save part 'xl/worksheets/sheet5.xml'
09:34:49.677 [main] INFO  - Extracting Difficulty levels
09:34:49.679 [main] INFO  - Clicking Home Button
09:35:18.119 [main] DEBUG - Parsing relationship: /xl/_rels/workbook.xml.rels
09:35:18.120 [main] DEBUG - Parsing relationship: /xl/worksheets/_rels/sheet1.xml.rels
09:35:18.120 [main] DEBUG - Parsing relationship: /_rels/.rels
09:35:18.140 [main] DEBUG - Save content types part
09:35:18.142 [main] DEBUG - Save package relationships
09:35:18.143 [main] DEBUG - Save part 'docProps/app.xml'
09:35:18.143 [main] DEBUG - Save part 'docProps/core.xml'
09:35:18.144 [main] DEBUG - Save part 'xl/sharedStrings.xml'
09:35:18.144 [main] DEBUG - Save part 'xl/styles.xml'
09:35:18.145 [main] DEBUG - Save part 'xl/theme/theme1.xml'
09:35:18.145 [main] DEBUG - Save part 'xl/workbook.xml'
09:35:18.146 [main] DEBUG - Save part 'xl/worksheets/sheet1.xml'
09:35:18.147 [main] DEBUG - Save part 'xl/worksheets/sheet2.xml'
09:35:18.148 [main] DEBUG - Save part 'xl/worksheets/sheet3.xml'
09:35:18.148 [main] DEBUG - Save part 'xl/worksheets/sheet4.xml'
09:35:18.148 [main] DEBUG - Save part 'xl/worksheets/sheet5.xml'
09:35:18.229 [main] DEBUG - Parsing relationship: /xl/_rels/workbook.xml.rels
09:35:18.229 [main] DEBUG - Parsing relationship: /xl/worksheets/_rels/sheet1.xml.rels
09:35:18.230 [main] DEBUG - Parsing relationship: /_rels/.rels
09:35:18.250 [main] DEBUG - Save content types part
09:35:18.252 [main] DEBUG - Save package relationships
09:35:18.253 [main] DEBUG - Save part 'docProps/app.xml'
09:35:18.253 [main] DEBUG - Save part 'docProps/core.xml'
09:35:18.254 [main] DEBUG - Save part 'xl/sharedStrings.xml'
09:35:18.255 [main] DEBUG - Save part 'xl/styles.xml'
09:35:18.255 [main] DEBUG - Save part 'xl/theme/theme1.xml'
09:35:18.255 [main] DEBUG - Save part 'xl/workbook.xml'
09:35:18.256 [main] DEBUG - Save part 'xl/worksheets/sheet1.xml'
09:35:18.257 [main] DEBUG - Save part 'xl/worksheets/sheet2.xml'
09:35:18.258 [main] DEBUG - Save part 'xl/worksheets/sheet3.xml'
09:35:18.258 [main] DEBUG - Save part 'xl/worksheets/sheet4.xml'
09:35:18.258 [main] DEBUG - Save part 'xl/worksheets/sheet5.xml'
09:35:18.617 [main] INFO  - Taking screenshot
09:35:18.618 [main] INFO  - Quitting the website
10:21:55.755 [main] INFO  - Quitting the website
10:23:12.157 [main] INFO  - Website is opened
10:23:26.655 [main] INFO  - Taking screenshot
10:23:26.656 [main] INFO  - Quitting the website
10:23:52.704 [main] INFO  - Website is opened
10:24:07.139 [main] INFO  - Taking screenshot
10:24:07.142 [main] INFO  - Quitting the website
10:25:23.765 [main] INFO  - Website is opened
10:25:28.278 [main] INFO  - Clicking search button
10:26:26.608 [main] INFO  - Clicking English checkbox
10:26:29.407 [main] INFO  - Clicking English check box
10:26:29.410 [main] INFO  - Clicking Beginner checkbox
10:26:34.116 [main] INFO  - Scrolling and clicking beginner box
10:26:40.232 [main] INFO  - Clicking First Course
10:27:18.348 [main] INFO  - Getting First course window handle
10:27:18.348 [main] INFO  - Getting the first first course details
10:27:18.790 [main] DEBUG - Parsing relationship: /xl/_rels/workbook.xml.rels
10:27:18.799 [main] DEBUG - Parsing relationship: /xl/worksheets/_rels/sheet1.xml.rels
10:27:18.804 [main] DEBUG - Parsing relationship: /_rels/.rels
10:27:19.184 [main] TRACE - Loading type system org.apache.poi.schemas.ooxml.system.ooxml
10:27:19.188 [main] TRACE - Loading type system org.apache.xmlbeans.metadata.system.sXMLCONFIG
10:27:19.189 [main] TRACE - Loading type system org.apache.xmlbeans.metadata.system.sXMLLANG
10:27:19.189 [main] TRACE - Loading type system org.apache.xmlbeans.metadata.system.sXMLSCHEMA
10:27:19.190 [main] TRACE - Loading type system org.apache.xmlbeans.metadata.system.sXMLTOOLS
10:27:19.193 [main] TRACE - Reading unresolved handles for type system org.apache.xmlbeans.metadata.system.sXMLTOOLS
10:27:19.216 [main] TRACE - Finished loading type system org.apache.xmlbeans.metadata.system.sXMLTOOLS
10:27:19.218 [main] TRACE - Reading unresolved handles for type system org.apache.xmlbeans.metadata.system.sXMLSCHEMA
10:27:19.229 [main] TRACE - Finished loading type system org.apache.xmlbeans.metadata.system.sXMLSCHEMA
10:27:19.231 [main] TRACE - Reading unresolved handles for type system org.apache.xmlbeans.metadata.system.sXMLLANG
10:27:19.233 [main] TRACE - Finished loading type system org.apache.xmlbeans.metadata.system.sXMLLANG
10:27:19.236 [main] TRACE - Reading unresolved handles for type system org.apache.xmlbeans.metadata.system.sXMLCONFIG
10:27:19.238 [main] TRACE - Finished loading type system org.apache.xmlbeans.metadata.system.sXMLCONFIG
10:27:19.240 [main] TRACE - Reading unresolved handles for type system org.apache.poi.schemas.ooxml.system.ooxml
10:27:19.354 [main] TRACE - Finished loading type system org.apache.poi.schemas.ooxml.system.ooxml
10:27:19.355 [main] TRACE - Resolving type for handle themefd26doctype
10:27:19.499 [main] TRACE - Resolving type for handle stylesheet5d8bdoctype
10:27:19.510 [main] TRACE - Resolving type for handle ctstylesheet4257type
10:27:19.518 [main] TRACE - Resolving type for handle ctnumfmtsb58btype
10:27:19.521 [main] TRACE - Resolving type for handle ctnumfmt3870type
10:27:19.523 [main] TRACE - Resolving type for handle stnumfmtid76fbtype
10:27:19.533 [main] TRACE - Resolving type for handle stxstringf179type
10:27:19.535 [main] TRACE - Resolving type for handle ctfonts6623type
10:27:19.538 [main] TRACE - Resolving type for handle ctfont14d8type
10:27:19.545 [main] TRACE - Resolving type for handle ctfills2c6ftype
10:27:19.548 [main] TRACE - Resolving type for handle ctfill550ctype
10:27:19.551 [main] TRACE - Resolving type for handle ctborders0d66type
10:27:19.555 [main] TRACE - Resolving type for handle ctborderf935type
10:27:19.561 [main] TRACE - Resolving type for handle ctcellxfs1322type
10:27:19.565 [main] TRACE - Resolving type for handle ctxf97f7type
10:27:19.570 [main] TRACE - Resolving type for handle ctcellstylexfsa81ftype
10:27:19.575 [main] TRACE - Resolving type for handle ctdxfsb26atype
10:27:19.579 [main] TRACE - Resolving type for handle cttablestyles872ftype
10:27:19.586 [main] TRACE - Resolving type for handle sstf81fdoctype
10:27:19.599 [main] TRACE - Resolving type for handle ctsst44f3type
10:27:19.607 [main] TRACE - Resolving type for handle ctrsta472type
10:27:19.678 [main] TRACE - Resolving type for handle workbookec17doctype
10:27:19.685 [main] TRACE - Resolving type for handle ctworkbook83c3type
10:27:19.696 [main] TRACE - Resolving type for handle ctsheets49fdtype
10:27:19.707 [main] TRACE - Resolving type for handle ctsheet4dbetype
10:27:19.713 [main] TRACE - Resolving type for handle strelationshipid1e94type
10:27:19.719 [main] TRACE - Resolving type for handle worksheetf539doctype
10:27:19.727 [main] TRACE - Resolving type for handle ctworksheet530dtype
10:27:19.743 [main] TRACE - Resolving type for handle ctcols627ctype
10:27:19.754 [main] TRACE - Resolving type for handle ctcola95ftype
10:27:19.787 [main] TRACE - Resolving type for handle ctsheetdata8408type
10:27:19.791 [main] TRACE - Resolving type for handle ctrowdd39type
10:27:19.799 [main] TRACE - Resolving type for handle ctcell842btype
10:27:19.816 [main] TRACE - Resolving type for handle stcellrefe4e0type
10:27:19.831 [main] TRACE - Resolving type for handle cthyperlinks6416type
10:27:19.835 [main] TRACE - Resolving type for handle cthyperlink0c85type
10:27:19.889 [main] TRACE - Resolving type for handle stcelltypebf95type
10:27:19.909 [main] TRACE - Resolving type for handle stcellstylexfid70c7type
10:27:19.917 [main] TRACE - Resolving type for handle ctsheetdimensiond310type
10:27:19.919 [main] TRACE - Resolving type for handle stref90a2type
10:27:19.964 [main] TRACE - Resolving type for handle propertiesee84doctype
10:27:19.967 [main] TRACE - Resolving type for handle ctproperties3f10type
10:27:19.976 [main] TRACE - Resolving type for handle properties288cdoctype
10:27:19.979 [main] TRACE - Resolving type for handle ctproperties2c18type
10:27:20.002 [main] DEBUG - Save content types part
10:27:20.115 [main] DEBUG - Save package relationships
10:27:20.125 [main] DEBUG - Save part 'docProps/app.xml'
10:27:20.126 [main] DEBUG - Save part 'docProps/core.xml'
10:27:20.134 [main] DEBUG - Save part 'xl/sharedStrings.xml'
10:27:20.135 [main] DEBUG - Save part 'xl/styles.xml'
10:27:20.136 [main] DEBUG - Save part 'xl/theme/theme1.xml'
10:27:20.136 [main] DEBUG - Save part 'xl/workbook.xml'
10:27:20.141 [main] DEBUG - Save part 'xl/worksheets/sheet1.xml'
10:27:20.144 [main] DEBUG - Save part 'xl/worksheets/sheet2.xml'
10:27:20.145 [main] DEBUG - Save part 'xl/worksheets/sheet3.xml'
10:27:20.146 [main] DEBUG - Save part 'xl/worksheets/sheet4.xml'
10:27:20.146 [main] DEBUG - Save part 'xl/worksheets/sheet5.xml'
10:27:20.181 [main] DEBUG - Parsing relationship: /xl/_rels/workbook.xml.rels
10:27:20.182 [main] DEBUG - Parsing relationship: /xl/worksheets/_rels/sheet1.xml.rels
10:27:20.184 [main] DEBUG - Parsing relationship: /_rels/.rels
10:27:20.304 [main] DEBUG - Save content types part
10:27:20.307 [main] DEBUG - Save package relationships
10:27:20.309 [main] DEBUG - Save part 'docProps/app.xml'
10:27:20.310 [main] DEBUG - Save part 'docProps/core.xml'
10:27:20.313 [main] DEBUG - Save part 'xl/sharedStrings.xml'
10:27:20.314 [main] DEBUG - Save part 'xl/styles.xml'
10:27:20.315 [main] DEBUG - Save part 'xl/theme/theme1.xml'
10:27:20.316 [main] DEBUG - Save part 'xl/workbook.xml'
10:27:20.321 [main] DEBUG - Save part 'xl/worksheets/sheet1.xml'
10:27:20.324 [main] DEBUG - Save part 'xl/worksheets/sheet2.xml'
10:27:20.325 [main] DEBUG - Save part 'xl/worksheets/sheet3.xml'
10:27:20.326 [main] DEBUG - Save part 'xl/worksheets/sheet4.xml'
10:27:20.327 [main] DEBUG - Save part 'xl/worksheets/sheet5.xml'
10:27:20.405 [main] DEBUG - Parsing relationship: /xl/_rels/workbook.xml.rels
10:27:20.409 [main] DEBUG - Parsing relationship: /xl/worksheets/_rels/sheet1.xml.rels
10:27:20.412 [main] DEBUG - Parsing relationship: /_rels/.rels
10:27:20.569 [main] DEBUG - Save content types part
10:27:20.574 [main] DEBUG - Save package relationships
10:27:20.578 [main] DEBUG - Save part 'docProps/app.xml'
10:27:20.579 [main] DEBUG - Save part 'docProps/core.xml'
10:27:20.584 [main] DEBUG - Save part 'xl/sharedStrings.xml'
10:27:20.585 [main] DEBUG - Save part 'xl/styles.xml'
10:27:20.586 [main] DEBUG - Save part 'xl/theme/theme1.xml'
10:27:20.588 [main] DEBUG - Save part 'xl/workbook.xml'
10:27:20.593 [main] DEBUG - Save part 'xl/worksheets/sheet1.xml'
10:27:20.597 [main] DEBUG - Save part 'xl/worksheets/sheet2.xml'
10:27:20.598 [main] DEBUG - Save part 'xl/worksheets/sheet3.xml'
10:27:20.598 [main] DEBUG - Save part 'xl/worksheets/sheet4.xml'
10:27:20.599 [main] DEBUG - Save part 'xl/worksheets/sheet5.xml'
10:27:26.942 [main] INFO  - Clicking Second Course
10:27:26.947 [main] INFO  - Getting window handles
10:27:27.097 [main] INFO  - Checking Second Course Title
10:27:27.182 [main] INFO  - Extracting Second course details
10:27:27.372 [main] DEBUG - Parsing relationship: /xl/_rels/workbook.xml.rels
10:27:27.374 [main] DEBUG - Parsing relationship: /xl/worksheets/_rels/sheet1.xml.rels
10:27:27.377 [main] DEBUG - Parsing relationship: /_rels/.rels
10:27:27.524 [main] DEBUG - Save content types part
10:27:27.530 [main] DEBUG - Save package relationships
10:27:27.535 [main] DEBUG - Save part 'docProps/app.xml'
10:27:27.536 [main] DEBUG - Save part 'docProps/core.xml'
10:27:27.541 [main] DEBUG - Save part 'xl/sharedStrings.xml'
10:27:27.542 [main] DEBUG - Save part 'xl/styles.xml'
10:27:27.543 [main] DEBUG - Save part 'xl/theme/theme1.xml'
10:27:27.544 [main] DEBUG - Save part 'xl/workbook.xml'
10:27:27.551 [main] DEBUG - Save part 'xl/worksheets/sheet1.xml'
10:27:27.555 [main] DEBUG - Save part 'xl/worksheets/sheet2.xml'
10:27:27.556 [main] DEBUG - Save part 'xl/worksheets/sheet3.xml'
10:27:27.556 [main] DEBUG - Save part 'xl/worksheets/sheet4.xml'
10:27:27.557 [main] DEBUG - Save part 'xl/worksheets/sheet5.xml'
10:27:27.639 [main] DEBUG - Parsing relationship: /xl/_rels/workbook.xml.rels
10:27:27.642 [main] DEBUG - Parsing relationship: /xl/worksheets/_rels/sheet1.xml.rels
10:27:27.644 [main] DEBUG - Parsing relationship: /_rels/.rels
10:27:27.787 [main] DEBUG - Save content types part
10:27:27.791 [main] DEBUG - Save package relationships
10:27:27.794 [main] DEBUG - Save part 'docProps/app.xml'
10:27:27.795 [main] DEBUG - Save part 'docProps/core.xml'
10:27:27.800 [main] DEBUG - Save part 'xl/sharedStrings.xml'
10:27:27.801 [main] DEBUG - Save part 'xl/styles.xml'
10:27:27.802 [main] DEBUG - Save part 'xl/theme/theme1.xml'
10:27:27.803 [main] DEBUG - Save part 'xl/workbook.xml'
10:27:27.807 [main] DEBUG - Save part 'xl/worksheets/sheet1.xml'
10:27:27.815 [main] DEBUG - Save part 'xl/worksheets/sheet2.xml'
10:27:27.816 [main] DEBUG - Save part 'xl/worksheets/sheet3.xml'
10:27:27.817 [main] DEBUG - Save part 'xl/worksheets/sheet4.xml'
10:27:27.819 [main] DEBUG - Save part 'xl/worksheets/sheet5.xml'
10:27:27.887 [main] DEBUG - Parsing relationship: /xl/_rels/workbook.xml.rels
10:27:27.890 [main] DEBUG - Parsing relationship: /xl/worksheets/_rels/sheet1.xml.rels
10:27:27.892 [main] DEBUG - Parsing relationship: /_rels/.rels
10:27:28.005 [main] DEBUG - Save content types part
10:27:28.010 [main] DEBUG - Save package relationships
10:27:28.013 [main] DEBUG - Save part 'docProps/app.xml'
10:27:28.014 [main] DEBUG - Save part 'docProps/core.xml'
10:27:28.018 [main] DEBUG - Save part 'xl/sharedStrings.xml'
10:27:28.019 [main] DEBUG - Save part 'xl/styles.xml'
10:27:28.020 [main] DEBUG - Save part 'xl/theme/theme1.xml'
10:27:28.021 [main] DEBUG - Save part 'xl/workbook.xml'
10:27:28.027 [main] DEBUG - Save part 'xl/worksheets/sheet1.xml'
10:27:28.032 [main] DEBUG - Save part 'xl/worksheets/sheet2.xml'
10:27:28.033 [main] DEBUG - Save part 'xl/worksheets/sheet3.xml'
10:27:28.034 [main] DEBUG - Save part 'xl/worksheets/sheet4.xml'
10:27:28.035 [main] DEBUG - Save part 'xl/worksheets/sheet5.xml'
10:27:30.127 [main] INFO  - Returning to Parent Window
10:27:30.575 [main] INFO  - Clearing search box
10:27:30.778 [main] INFO  - Searching values
10:27:30.780 [main] INFO  - Clicking search button
10:27:31.115 [main] INFO  - Clicking See All link
10:27:31.875 [main] DEBUG - Parsing relationship: /xl/_rels/workbook.xml.rels
10:27:31.876 [main] DEBUG - Parsing relationship: /xl/worksheets/_rels/sheet1.xml.rels
10:27:31.877 [main] DEBUG - Parsing relationship: /_rels/.rels
10:27:32.008 [main] DEBUG - Save content types part
10:27:32.010 [main] DEBUG - Save package relationships
10:27:32.013 [main] DEBUG - Save part 'docProps/app.xml'
10:27:32.014 [main] DEBUG - Save part 'docProps/core.xml'
10:27:32.018 [main] DEBUG - Save part 'xl/sharedStrings.xml'
10:27:32.019 [main] DEBUG - Save part 'xl/styles.xml'
10:27:32.019 [main] DEBUG - Save part 'xl/theme/theme1.xml'
10:27:32.020 [main] DEBUG - Save part 'xl/workbook.xml'
10:27:32.022 [main] DEBUG - Save part 'xl/worksheets/sheet1.xml'
10:27:32.024 [main] DEBUG - Save part 'xl/worksheets/sheet2.xml'
10:27:32.024 [main] DEBUG - Save part 'xl/worksheets/sheet3.xml'
10:27:32.025 [main] DEBUG - Save part 'xl/worksheets/sheet4.xml'
10:27:32.025 [main] DEBUG - Save part 'xl/worksheets/sheet5.xml'
10:27:32.068 [main] DEBUG - Parsing relationship: /xl/_rels/workbook.xml.rels
10:27:32.071 [main] DEBUG - Parsing relationship: /xl/worksheets/_rels/sheet1.xml.rels
10:27:32.072 [main] DEBUG - Parsing relationship: /_rels/.rels
10:27:32.142 [main] DEBUG - Save content types part
10:27:32.145 [main] DEBUG - Save package relationships
10:27:32.148 [main] DEBUG - Save part 'docProps/app.xml'
10:27:32.148 [main] DEBUG - Save part 'docProps/core.xml'
10:27:32.152 [main] DEBUG - Save part 'xl/sharedStrings.xml'
10:27:32.153 [main] DEBUG - Save part 'xl/styles.xml'
10:27:32.153 [main] DEBUG - Save part 'xl/theme/theme1.xml'
10:27:32.155 [main] DEBUG - Save part 'xl/workbook.xml'
10:27:32.161 [main] DEBUG - Save part 'xl/worksheets/sheet1.xml'
10:27:32.166 [main] DEBUG - Save part 'xl/worksheets/sheet2.xml'
10:27:32.166 [main] DEBUG - Save part 'xl/worksheets/sheet3.xml'
10:27:32.167 [main] DEBUG - Save part 'xl/worksheets/sheet4.xml'
10:27:32.168 [main] DEBUG - Save part 'xl/worksheets/sheet5.xml'
10:27:32.230 [main] DEBUG - Parsing relationship: /xl/_rels/workbook.xml.rels
10:27:32.231 [main] DEBUG - Parsing relationship: /xl/worksheets/_rels/sheet1.xml.rels
10:27:32.232 [main] DEBUG - Parsing relationship: /_rels/.rels
10:27:32.300 [main] DEBUG - Save content types part
10:27:32.304 [main] DEBUG - Save package relationships
10:27:32.306 [main] DEBUG - Save part 'docProps/app.xml'
10:27:32.307 [main] DEBUG - Save part 'docProps/core.xml'
10:27:32.309 [main] DEBUG - Save part 'xl/sharedStrings.xml'
10:27:32.309 [main] DEBUG - Save part 'xl/styles.xml'
10:27:32.310 [main] DEBUG - Save part 'xl/theme/theme1.xml'
10:27:32.310 [main] DEBUG - Save part 'xl/workbook.xml'
10:27:32.314 [main] DEBUG - Save part 'xl/worksheets/sheet1.xml'
10:27:32.316 [main] DEBUG - Save part 'xl/worksheets/sheet2.xml'
10:27:32.316 [main] DEBUG - Save part 'xl/worksheets/sheet3.xml'
10:27:32.317 [main] DEBUG - Save part 'xl/worksheets/sheet4.xml'
10:27:32.317 [main] DEBUG - Save part 'xl/worksheets/sheet5.xml'
10:27:32.351 [main] DEBUG - Parsing relationship: /xl/_rels/workbook.xml.rels
10:27:32.353 [main] DEBUG - Parsing relationship: /xl/worksheets/_rels/sheet1.xml.rels
10:27:32.354 [main] DEBUG - Parsing relationship: /_rels/.rels
10:27:32.420 [main] DEBUG - Save content types part
10:27:32.423 [main] DEBUG - Save package relationships
10:27:32.426 [main] DEBUG - Save part 'docProps/app.xml'
10:27:32.427 [main] DEBUG - Save part 'docProps/core.xml'
10:27:32.432 [main] DEBUG - Save part 'xl/sharedStrings.xml'
10:27:32.433 [main] DEBUG - Save part 'xl/styles.xml'
10:27:32.434 [main] DEBUG - Save part 'xl/theme/theme1.xml'
10:27:32.435 [main] DEBUG - Save part 'xl/workbook.xml'
10:27:32.439 [main] DEBUG - Save part 'xl/worksheets/sheet1.xml'
10:27:32.444 [main] DEBUG - Save part 'xl/worksheets/sheet2.xml'
10:27:32.444 [main] DEBUG - Save part 'xl/worksheets/sheet3.xml'
10:27:32.445 [main] DEBUG - Save part 'xl/worksheets/sheet4.xml'
10:27:32.445 [main] DEBUG - Save part 'xl/worksheets/sheet5.xml'
10:27:32.525 [main] DEBUG - Parsing relationship: /xl/_rels/workbook.xml.rels
10:27:32.526 [main] DEBUG - Parsing relationship: /xl/worksheets/_rels/sheet1.xml.rels
10:27:32.527 [main] DEBUG - Parsing relationship: /_rels/.rels
10:27:32.603 [main] DEBUG - Save content types part
10:27:32.606 [main] DEBUG - Save package relationships
10:27:32.609 [main] DEBUG - Save part 'docProps/app.xml'
10:27:32.609 [main] DEBUG - Save part 'docProps/core.xml'
10:27:32.612 [main] DEBUG - Save part 'xl/sharedStrings.xml'
10:27:32.613 [main] DEBUG - Save part 'xl/styles.xml'
10:27:32.614 [main] DEBUG - Save part 'xl/theme/theme1.xml'
10:27:32.614 [main] DEBUG - Save part 'xl/workbook.xml'
10:27:32.618 [main] DEBUG - Save part 'xl/worksheets/sheet1.xml'
10:27:32.621 [main] DEBUG - Save part 'xl/worksheets/sheet2.xml'
10:27:32.622 [main] DEBUG - Save part 'xl/worksheets/sheet3.xml'
10:27:32.622 [main] DEBUG - Save part 'xl/worksheets/sheet4.xml'
10:27:32.623 [main] DEBUG - Save part 'xl/worksheets/sheet5.xml'
10:27:32.662 [main] DEBUG - Parsing relationship: /xl/_rels/workbook.xml.rels
10:27:32.663 [main] DEBUG - Parsing relationship: /xl/worksheets/_rels/sheet1.xml.rels
10:27:32.664 [main] DEBUG - Parsing relationship: /_rels/.rels
10:27:32.720 [main] DEBUG - Save content types part
10:27:32.724 [main] DEBUG - Save package relationships
10:27:32.727 [main] DEBUG - Save part 'docProps/app.xml'
10:27:32.728 [main] DEBUG - Save part 'docProps/core.xml'
10:27:32.732 [main] DEBUG - Save part 'xl/sharedStrings.xml'
10:27:32.733 [main] DEBUG - Save part 'xl/styles.xml'
10:27:32.734 [main] DEBUG - Save part 'xl/theme/theme1.xml'
10:27:32.735 [main] DEBUG - Save part 'xl/workbook.xml'
10:27:32.739 [main] DEBUG - Save part 'xl/worksheets/sheet1.xml'
10:27:32.741 [main] DEBUG - Save part 'xl/worksheets/sheet2.xml'
10:27:32.741 [main] DEBUG - Save part 'xl/worksheets/sheet3.xml'
10:27:32.742 [main] DEBUG - Save part 'xl/worksheets/sheet4.xml'
10:27:32.742 [main] DEBUG - Save part 'xl/worksheets/sheet5.xml'
10:27:32.810 [main] DEBUG - Parsing relationship: /xl/_rels/workbook.xml.rels
10:27:32.812 [main] DEBUG - Parsing relationship: /xl/worksheets/_rels/sheet1.xml.rels
10:27:32.814 [main] DEBUG - Parsing relationship: /_rels/.rels
10:27:32.864 [main] DEBUG - Save content types part
10:27:32.866 [main] DEBUG - Save package relationships
10:27:32.868 [main] DEBUG - Save part 'docProps/app.xml'
10:27:32.869 [main] DEBUG - Save part 'docProps/core.xml'
10:27:32.871 [main] DEBUG - Save part 'xl/sharedStrings.xml'
10:27:32.871 [main] DEBUG - Save part 'xl/styles.xml'
10:27:32.872 [main] DEBUG - Save part 'xl/theme/theme1.xml'
10:27:32.873 [main] DEBUG - Save part 'xl/workbook.xml'
10:27:32.875 [main] DEBUG - Save part 'xl/worksheets/sheet1.xml'
10:27:32.877 [main] DEBUG - Save part 'xl/worksheets/sheet2.xml'
10:27:32.877 [main] DEBUG - Save part 'xl/worksheets/sheet3.xml'
10:27:32.878 [main] DEBUG - Save part 'xl/worksheets/sheet4.xml'
10:27:32.878 [main] DEBUG - Save part 'xl/worksheets/sheet5.xml'
10:27:32.912 [main] DEBUG - Parsing relationship: /xl/_rels/workbook.xml.rels
10:27:32.913 [main] DEBUG - Parsing relationship: /xl/worksheets/_rels/sheet1.xml.rels
10:27:32.915 [main] DEBUG - Parsing relationship: /_rels/.rels
10:27:32.975 [main] DEBUG - Save content types part
10:27:32.977 [main] DEBUG - Save package relationships
10:27:32.978 [main] DEBUG - Save part 'docProps/app.xml'
10:27:32.980 [main] DEBUG - Save part 'docProps/core.xml'
10:27:32.982 [main] DEBUG - Save part 'xl/sharedStrings.xml'
10:27:32.982 [main] DEBUG - Save part 'xl/styles.xml'
10:27:32.983 [main] DEBUG - Save part 'xl/theme/theme1.xml'
10:27:32.984 [main] DEBUG - Save part 'xl/workbook.xml'
10:27:32.986 [main] DEBUG - Save part 'xl/worksheets/sheet1.xml'
10:27:32.988 [main] DEBUG - Save part 'xl/worksheets/sheet2.xml'
10:27:32.989 [main] DEBUG - Save part 'xl/worksheets/sheet3.xml'
10:27:32.989 [main] DEBUG - Save part 'xl/worksheets/sheet4.xml'
10:27:32.989 [main] DEBUG - Save part 'xl/worksheets/sheet5.xml'
10:27:33.060 [main] DEBUG - Parsing relationship: /xl/_rels/workbook.xml.rels
10:27:33.062 [main] DEBUG - Parsing relationship: /xl/worksheets/_rels/sheet1.xml.rels
10:27:33.065 [main] DEBUG - Parsing relationship: /_rels/.rels
10:27:33.124 [main] DEBUG - Save content types part
10:27:33.127 [main] DEBUG - Save package relationships
10:27:33.128 [main] DEBUG - Save part 'docProps/app.xml'
10:27:33.129 [main] DEBUG - Save part 'docProps/core.xml'
10:27:33.131 [main] DEBUG - Save part 'xl/sharedStrings.xml'
10:27:33.132 [main] DEBUG - Save part 'xl/styles.xml'
10:27:33.132 [main] DEBUG - Save part 'xl/theme/theme1.xml'
10:27:33.133 [main] DEBUG - Save part 'xl/workbook.xml'
10:27:33.136 [main] DEBUG - Save part 'xl/worksheets/sheet1.xml'
10:27:33.138 [main] DEBUG - Save part 'xl/worksheets/sheet2.xml'
10:27:33.138 [main] DEBUG - Save part 'xl/worksheets/sheet3.xml'
10:27:33.138 [main] DEBUG - Save part 'xl/worksheets/sheet4.xml'
10:27:33.139 [main] DEBUG - Save part 'xl/worksheets/sheet5.xml'
10:27:33.173 [main] DEBUG - Parsing relationship: /xl/_rels/workbook.xml.rels
10:27:33.174 [main] DEBUG - Parsing relationship: /xl/worksheets/_rels/sheet1.xml.rels
10:27:33.174 [main] DEBUG - Parsing relationship: /_rels/.rels
10:27:33.231 [main] DEBUG - Save content types part
10:27:33.233 [main] DEBUG - Save package relationships
10:27:33.235 [main] DEBUG - Save part 'docProps/app.xml'
10:27:33.235 [main] DEBUG - Save part 'docProps/core.xml'
10:27:33.237 [main] DEBUG - Save part 'xl/sharedStrings.xml'
10:27:33.237 [main] DEBUG - Save part 'xl/styles.xml'
10:27:33.238 [main] DEBUG - Save part 'xl/theme/theme1.xml'
10:27:33.238 [main] DEBUG - Save part 'xl/workbook.xml'
10:27:33.240 [main] DEBUG - Save part 'xl/worksheets/sheet1.xml'
10:27:33.242 [main] DEBUG - Save part 'xl/worksheets/sheet2.xml'
10:27:33.242 [main] DEBUG - Save part 'xl/worksheets/sheet3.xml'
10:27:33.242 [main] DEBUG - Save part 'xl/worksheets/sheet4.xml'
10:27:33.242 [main] DEBUG - Save part 'xl/worksheets/sheet5.xml'
10:27:33.292 [main] DEBUG - Parsing relationship: /xl/_rels/workbook.xml.rels
10:27:33.293 [main] DEBUG - Parsing relationship: /xl/worksheets/_rels/sheet1.xml.rels
10:27:33.293 [main] DEBUG - Parsing relationship: /_rels/.rels
10:27:33.341 [main] DEBUG - Save content types part
10:27:33.344 [main] DEBUG - Save package relationships
10:27:33.345 [main] DEBUG - Save part 'docProps/app.xml'
10:27:33.345 [main] DEBUG - Save part 'docProps/core.xml'
10:27:33.348 [main] DEBUG - Save part 'xl/sharedStrings.xml'
10:27:33.349 [main] DEBUG - Save part 'xl/styles.xml'
10:27:33.349 [main] DEBUG - Save part 'xl/theme/theme1.xml'
10:27:33.350 [main] DEBUG - Save part 'xl/workbook.xml'
10:27:33.353 [main] DEBUG - Save part 'xl/worksheets/sheet1.xml'
10:27:33.356 [main] DEBUG - Save part 'xl/worksheets/sheet2.xml'
10:27:33.357 [main] DEBUG - Save part 'xl/worksheets/sheet3.xml'
10:27:33.358 [main] DEBUG - Save part 'xl/worksheets/sheet4.xml'
10:27:33.358 [main] DEBUG - Save part 'xl/worksheets/sheet5.xml'
10:27:33.386 [main] DEBUG - Parsing relationship: /xl/_rels/workbook.xml.rels
10:27:33.387 [main] DEBUG - Parsing relationship: /xl/worksheets/_rels/sheet1.xml.rels
10:27:33.388 [main] DEBUG - Parsing relationship: /_rels/.rels
10:27:33.430 [main] DEBUG - Save content types part
10:27:33.432 [main] DEBUG - Save package relationships
10:27:33.433 [main] DEBUG - Save part 'docProps/app.xml'
10:27:33.433 [main] DEBUG - Save part 'docProps/core.xml'
10:27:33.435 [main] DEBUG - Save part 'xl/sharedStrings.xml'
10:27:33.436 [main] DEBUG - Save part 'xl/styles.xml'
10:27:33.437 [main] DEBUG - Save part 'xl/theme/theme1.xml'
10:27:33.438 [main] DEBUG - Save part 'xl/workbook.xml'
10:27:33.440 [main] DEBUG - Save part 'xl/worksheets/sheet1.xml'
10:27:33.442 [main] DEBUG - Save part 'xl/worksheets/sheet2.xml'
10:27:33.443 [main] DEBUG - Save part 'xl/worksheets/sheet3.xml'
10:27:33.443 [main] DEBUG - Save part 'xl/worksheets/sheet4.xml'
10:27:33.444 [main] DEBUG - Save part 'xl/worksheets/sheet5.xml'
10:27:33.491 [main] DEBUG - Parsing relationship: /xl/_rels/workbook.xml.rels
10:27:33.492 [main] DEBUG - Parsing relationship: /xl/worksheets/_rels/sheet1.xml.rels
10:27:33.492 [main] DEBUG - Parsing relationship: /_rels/.rels
10:27:33.544 [main] DEBUG - Save content types part
10:27:33.546 [main] DEBUG - Save package relationships
10:27:33.548 [main] DEBUG - Save part 'docProps/app.xml'
10:27:33.548 [main] DEBUG - Save part 'docProps/core.xml'
10:27:33.550 [main] DEBUG - Save part 'xl/sharedStrings.xml'
10:27:33.551 [main] DEBUG - Save part 'xl/styles.xml'
10:27:33.551 [main] DEBUG - Save part 'xl/theme/theme1.xml'
10:27:33.551 [main] DEBUG - Save part 'xl/workbook.xml'
10:27:33.553 [main] DEBUG - Save part 'xl/worksheets/sheet1.xml'
10:27:33.555 [main] DEBUG - Save part 'xl/worksheets/sheet2.xml'
10:27:33.555 [main] DEBUG - Save part 'xl/worksheets/sheet3.xml'
10:27:33.555 [main] DEBUG - Save part 'xl/worksheets/sheet4.xml'
10:27:33.555 [main] DEBUG - Save part 'xl/worksheets/sheet5.xml'
10:27:33.590 [main] DEBUG - Parsing relationship: /xl/_rels/workbook.xml.rels
10:27:33.591 [main] DEBUG - Parsing relationship: /xl/worksheets/_rels/sheet1.xml.rels
10:27:33.592 [main] DEBUG - Parsing relationship: /_rels/.rels
10:27:33.632 [main] DEBUG - Save content types part
10:27:33.635 [main] DEBUG - Save package relationships
10:27:33.637 [main] DEBUG - Save part 'docProps/app.xml'
10:27:33.637 [main] DEBUG - Save part 'docProps/core.xml'
10:27:33.640 [main] DEBUG - Save part 'xl/sharedStrings.xml'
10:27:33.641 [main] DEBUG - Save part 'xl/styles.xml'
10:27:33.641 [main] DEBUG - Save part 'xl/theme/theme1.xml'
10:27:33.644 [main] DEBUG - Save part 'xl/workbook.xml'
10:27:33.647 [main] DEBUG - Save part 'xl/worksheets/sheet1.xml'
10:27:33.650 [main] DEBUG - Save part 'xl/worksheets/sheet2.xml'
10:27:33.651 [main] DEBUG - Save part 'xl/worksheets/sheet3.xml'
10:27:33.651 [main] DEBUG - Save part 'xl/worksheets/sheet4.xml'
10:27:33.652 [main] DEBUG - Save part 'xl/worksheets/sheet5.xml'
10:27:33.705 [main] DEBUG - Parsing relationship: /xl/_rels/workbook.xml.rels
10:27:33.705 [main] DEBUG - Parsing relationship: /xl/worksheets/_rels/sheet1.xml.rels
10:27:33.706 [main] DEBUG - Parsing relationship: /_rels/.rels
10:27:33.755 [main] DEBUG - Save content types part
10:27:33.758 [main] DEBUG - Save package relationships
10:27:33.760 [main] DEBUG - Save part 'docProps/app.xml'
10:27:33.761 [main] DEBUG - Save part 'docProps/core.xml'
10:27:33.763 [main] DEBUG - Save part 'xl/sharedStrings.xml'
10:27:33.765 [main] DEBUG - Save part 'xl/styles.xml'
10:27:33.765 [main] DEBUG - Save part 'xl/theme/theme1.xml'
10:27:33.766 [main] DEBUG - Save part 'xl/workbook.xml'
10:27:33.768 [main] DEBUG - Save part 'xl/worksheets/sheet1.xml'
10:27:33.770 [main] DEBUG - Save part 'xl/worksheets/sheet2.xml'
10:27:33.770 [main] DEBUG - Save part 'xl/worksheets/sheet3.xml'
10:27:33.770 [main] DEBUG - Save part 'xl/worksheets/sheet4.xml'
10:27:33.770 [main] DEBUG - Save part 'xl/worksheets/sheet5.xml'
10:27:33.797 [main] DEBUG - Parsing relationship: /xl/_rels/workbook.xml.rels
10:27:33.798 [main] DEBUG - Parsing relationship: /xl/worksheets/_rels/sheet1.xml.rels
10:27:33.799 [main] DEBUG - Parsing relationship: /_rels/.rels
10:27:33.841 [main] DEBUG - Save content types part
10:27:33.842 [main] DEBUG - Save package relationships
10:27:33.844 [main] DEBUG - Save part 'docProps/app.xml'
10:27:33.846 [main] DEBUG - Save part 'docProps/core.xml'
10:27:33.848 [main] DEBUG - Save part 'xl/sharedStrings.xml'
10:27:33.849 [main] DEBUG - Save part 'xl/styles.xml'
10:27:33.849 [main] DEBUG - Save part 'xl/theme/theme1.xml'
10:27:33.849 [main] DEBUG - Save part 'xl/workbook.xml'
10:27:33.851 [main] DEBUG - Save part 'xl/worksheets/sheet1.xml'
10:27:33.853 [main] DEBUG - Save part 'xl/worksheets/sheet2.xml'
10:27:33.854 [main] DEBUG - Save part 'xl/worksheets/sheet3.xml'
10:27:33.855 [main] DEBUG - Save part 'xl/worksheets/sheet4.xml'
10:27:33.856 [main] DEBUG - Save part 'xl/worksheets/sheet5.xml'
10:27:33.910 [main] DEBUG - Parsing relationship: /xl/_rels/workbook.xml.rels
10:27:33.911 [main] DEBUG - Parsing relationship: /xl/worksheets/_rels/sheet1.xml.rels
10:27:33.911 [main] DEBUG - Parsing relationship: /_rels/.rels
10:27:33.949 [main] DEBUG - Save content types part
10:27:33.951 [main] DEBUG - Save package relationships
10:27:33.953 [main] DEBUG - Save part 'docProps/app.xml'
10:27:33.953 [main] DEBUG - Save part 'docProps/core.xml'
10:27:33.954 [main] DEBUG - Save part 'xl/sharedStrings.xml'
10:27:33.955 [main] DEBUG - Save part 'xl/styles.xml'
10:27:33.955 [main] DEBUG - Save part 'xl/theme/theme1.xml'
10:27:33.956 [main] DEBUG - Save part 'xl/workbook.xml'
10:27:33.958 [main] DEBUG - Save part 'xl/worksheets/sheet1.xml'
10:27:33.959 [main] DEBUG - Save part 'xl/worksheets/sheet2.xml'
10:27:33.959 [main] DEBUG - Save part 'xl/worksheets/sheet3.xml'
10:27:33.960 [main] DEBUG - Save part 'xl/worksheets/sheet4.xml'
10:27:33.960 [main] DEBUG - Save part 'xl/worksheets/sheet5.xml'
10:27:33.988 [main] DEBUG - Parsing relationship: /xl/_rels/workbook.xml.rels
10:27:33.989 [main] DEBUG - Parsing relationship: /xl/worksheets/_rels/sheet1.xml.rels
10:27:33.990 [main] DEBUG - Parsing relationship: /_rels/.rels
10:27:34.033 [main] DEBUG - Save content types part
10:27:34.036 [main] DEBUG - Save package relationships
10:27:34.038 [main] DEBUG - Save part 'docProps/app.xml'
10:27:34.039 [main] DEBUG - Save part 'docProps/core.xml'
10:27:34.041 [main] DEBUG - Save part 'xl/sharedStrings.xml'
10:27:34.042 [main] DEBUG - Save part 'xl/styles.xml'
10:27:34.042 [main] DEBUG - Save part 'xl/theme/theme1.xml'
10:27:34.043 [main] DEBUG - Save part 'xl/workbook.xml'
10:27:34.045 [main] DEBUG - Save part 'xl/worksheets/sheet1.xml'
10:27:34.047 [main] DEBUG - Save part 'xl/worksheets/sheet2.xml'
10:27:34.047 [main] DEBUG - Save part 'xl/worksheets/sheet3.xml'
10:27:34.047 [main] DEBUG - Save part 'xl/worksheets/sheet4.xml'
10:27:34.047 [main] DEBUG - Save part 'xl/worksheets/sheet5.xml'
10:27:34.105 [main] DEBUG - Parsing relationship: /xl/_rels/workbook.xml.rels
10:27:34.107 [main] DEBUG - Parsing relationship: /xl/worksheets/_rels/sheet1.xml.rels
10:27:34.108 [main] DEBUG - Parsing relationship: /_rels/.rels
10:27:34.165 [main] DEBUG - Save content types part
10:27:34.169 [main] DEBUG - Save package relationships
10:27:34.170 [main] DEBUG - Save part 'docProps/app.xml'
10:27:34.171 [main] DEBUG - Save part 'docProps/core.xml'
10:27:34.173 [main] DEBUG - Save part 'xl/sharedStrings.xml'
10:27:34.173 [main] DEBUG - Save part 'xl/styles.xml'
10:27:34.174 [main] DEBUG - Save part 'xl/theme/theme1.xml'
10:27:34.174 [main] DEBUG - Save part 'xl/workbook.xml'
10:27:34.177 [main] DEBUG - Save part 'xl/worksheets/sheet1.xml'
10:27:34.181 [main] DEBUG - Save part 'xl/worksheets/sheet2.xml'
10:27:34.181 [main] DEBUG - Save part 'xl/worksheets/sheet3.xml'
10:27:34.182 [main] DEBUG - Save part 'xl/worksheets/sheet4.xml'
10:27:34.182 [main] DEBUG - Save part 'xl/worksheets/sheet5.xml'
10:27:34.219 [main] DEBUG - Parsing relationship: /xl/_rels/workbook.xml.rels
10:27:34.220 [main] DEBUG - Parsing relationship: /xl/worksheets/_rels/sheet1.xml.rels
10:27:34.221 [main] DEBUG - Parsing relationship: /_rels/.rels
10:27:34.281 [main] DEBUG - Save content types part
10:27:34.284 [main] DEBUG - Save package relationships
10:27:34.286 [main] DEBUG - Save part 'docProps/app.xml'
10:27:34.287 [main] DEBUG - Save part 'docProps/core.xml'
10:27:34.290 [main] DEBUG - Save part 'xl/sharedStrings.xml'
10:27:34.291 [main] DEBUG - Save part 'xl/styles.xml'
10:27:34.291 [main] DEBUG - Save part 'xl/theme/theme1.xml'
10:27:34.298 [main] DEBUG - Save part 'xl/workbook.xml'
10:27:34.301 [main] DEBUG - Save part 'xl/worksheets/sheet1.xml'
10:27:34.303 [main] DEBUG - Save part 'xl/worksheets/sheet2.xml'
10:27:34.303 [main] DEBUG - Save part 'xl/worksheets/sheet3.xml'
10:27:34.303 [main] DEBUG - Save part 'xl/worksheets/sheet4.xml'
10:27:34.304 [main] DEBUG - Save part 'xl/worksheets/sheet5.xml'
10:27:34.367 [main] DEBUG - Parsing relationship: /xl/_rels/workbook.xml.rels
10:27:34.369 [main] DEBUG - Parsing relationship: /xl/worksheets/_rels/sheet1.xml.rels
10:27:34.369 [main] DEBUG - Parsing relationship: /_rels/.rels
10:27:34.418 [main] DEBUG - Save content types part
10:27:34.421 [main] DEBUG - Save package relationships
10:27:34.424 [main] DEBUG - Save part 'docProps/app.xml'
10:27:34.424 [main] DEBUG - Save part 'docProps/core.xml'
10:27:34.427 [main] DEBUG - Save part 'xl/sharedStrings.xml'
10:27:34.428 [main] DEBUG - Save part 'xl/styles.xml'
10:27:34.429 [main] DEBUG - Save part 'xl/theme/theme1.xml'
10:27:34.430 [main] DEBUG - Save part 'xl/workbook.xml'
10:27:34.433 [main] DEBUG - Save part 'xl/worksheets/sheet1.xml'
10:27:34.436 [main] DEBUG - Save part 'xl/worksheets/sheet2.xml'
10:27:34.437 [main] DEBUG - Save part 'xl/worksheets/sheet3.xml'
10:27:34.437 [main] DEBUG - Save part 'xl/worksheets/sheet4.xml'
10:27:34.437 [main] DEBUG - Save part 'xl/worksheets/sheet5.xml'
10:27:34.470 [main] DEBUG - Parsing relationship: /xl/_rels/workbook.xml.rels
10:27:34.470 [main] DEBUG - Parsing relationship: /xl/worksheets/_rels/sheet1.xml.rels
10:27:34.472 [main] DEBUG - Parsing relationship: /_rels/.rels
10:27:34.507 [main] DEBUG - Save content types part
10:27:34.509 [main] DEBUG - Save package relationships
10:27:34.510 [main] DEBUG - Save part 'docProps/app.xml'
10:27:34.511 [main] DEBUG - Save part 'docProps/core.xml'
10:27:34.513 [main] DEBUG - Save part 'xl/sharedStrings.xml'
10:27:34.513 [main] DEBUG - Save part 'xl/styles.xml'
10:27:34.514 [main] DEBUG - Save part 'xl/theme/theme1.xml'
10:27:34.514 [main] DEBUG - Save part 'xl/workbook.xml'
10:27:34.516 [main] DEBUG - Save part 'xl/worksheets/sheet1.xml'
10:27:34.517 [main] DEBUG - Save part 'xl/worksheets/sheet2.xml'
10:27:34.518 [main] DEBUG - Save part 'xl/worksheets/sheet3.xml'
10:27:34.518 [main] DEBUG - Save part 'xl/worksheets/sheet4.xml'
10:27:34.518 [main] DEBUG - Save part 'xl/worksheets/sheet5.xml'
10:27:34.572 [main] DEBUG - Parsing relationship: /xl/_rels/workbook.xml.rels
10:27:34.572 [main] DEBUG - Parsing relationship: /xl/worksheets/_rels/sheet1.xml.rels
10:27:34.573 [main] DEBUG - Parsing relationship: /_rels/.rels
10:27:34.609 [main] DEBUG - Save content types part
10:27:34.611 [main] DEBUG - Save package relationships
10:27:34.612 [main] DEBUG - Save part 'docProps/app.xml'
10:27:34.613 [main] DEBUG - Save part 'docProps/core.xml'
10:27:34.615 [main] DEBUG - Save part 'xl/sharedStrings.xml'
10:27:34.617 [main] DEBUG - Save part 'xl/styles.xml'
10:27:34.618 [main] DEBUG - Save part 'xl/theme/theme1.xml'
10:27:34.619 [main] DEBUG - Save part 'xl/workbook.xml'
10:27:34.622 [main] DEBUG - Save part 'xl/worksheets/sheet1.xml'
10:27:34.625 [main] DEBUG - Save part 'xl/worksheets/sheet2.xml'
10:27:34.625 [main] DEBUG - Save part 'xl/worksheets/sheet3.xml'
10:27:34.626 [main] DEBUG - Save part 'xl/worksheets/sheet4.xml'
10:27:34.626 [main] DEBUG - Save part 'xl/worksheets/sheet5.xml'
10:27:34.660 [main] DEBUG - Parsing relationship: /xl/_rels/workbook.xml.rels
10:27:34.661 [main] DEBUG - Parsing relationship: /xl/worksheets/_rels/sheet1.xml.rels
10:27:34.663 [main] DEBUG - Parsing relationship: /_rels/.rels
10:27:34.717 [main] DEBUG - Save content types part
10:27:34.721 [main] DEBUG - Save package relationships
10:27:34.722 [main] DEBUG - Save part 'docProps/app.xml'
10:27:34.723 [main] DEBUG - Save part 'docProps/core.xml'
10:27:34.725 [main] DEBUG - Save part 'xl/sharedStrings.xml'
10:27:34.727 [main] DEBUG - Save part 'xl/styles.xml'
10:27:34.727 [main] DEBUG - Save part 'xl/theme/theme1.xml'
10:27:34.727 [main] DEBUG - Save part 'xl/workbook.xml'
10:27:34.731 [main] DEBUG - Save part 'xl/worksheets/sheet1.xml'
10:27:34.733 [main] DEBUG - Save part 'xl/worksheets/sheet2.xml'
10:27:34.734 [main] DEBUG - Save part 'xl/worksheets/sheet3.xml'
10:27:34.734 [main] DEBUG - Save part 'xl/worksheets/sheet4.xml'
10:27:34.734 [main] DEBUG - Save part 'xl/worksheets/sheet5.xml'
10:27:34.796 [main] DEBUG - Parsing relationship: /xl/_rels/workbook.xml.rels
10:27:34.797 [main] DEBUG - Parsing relationship: /xl/worksheets/_rels/sheet1.xml.rels
10:27:34.798 [main] DEBUG - Parsing relationship: /_rels/.rels
10:27:34.846 [main] DEBUG - Save content types part
10:27:34.849 [main] DEBUG - Save package relationships
10:27:34.850 [main] DEBUG - Save part 'docProps/app.xml'
10:27:34.851 [main] DEBUG - Save part 'docProps/core.xml'
10:27:34.852 [main] DEBUG - Save part 'xl/sharedStrings.xml'
10:27:34.853 [main] DEBUG - Save part 'xl/styles.xml'
10:27:34.853 [main] DEBUG - Save part 'xl/theme/theme1.xml'
10:27:34.854 [main] DEBUG - Save part 'xl/workbook.xml'
10:27:34.856 [main] DEBUG - Save part 'xl/worksheets/sheet1.xml'
10:27:34.857 [main] DEBUG - Save part 'xl/worksheets/sheet2.xml'
10:27:34.858 [main] DEBUG - Save part 'xl/worksheets/sheet3.xml'
10:27:34.858 [main] DEBUG - Save part 'xl/worksheets/sheet4.xml'
10:27:34.858 [main] DEBUG - Save part 'xl/worksheets/sheet5.xml'
10:27:34.891 [main] DEBUG - Parsing relationship: /xl/_rels/workbook.xml.rels
10:27:34.892 [main] DEBUG - Parsing relationship: /xl/worksheets/_rels/sheet1.xml.rels
10:27:34.892 [main] DEBUG - Parsing relationship: /_rels/.rels
10:27:34.937 [main] DEBUG - Save content types part
