12:18:26.804 [main] DEBUG - Parsing relationship: /_rels/.rels
12:18:27.311 [main] INFO  - Taking screenshot
12:18:27.312 [main] INFO  - Quitting the website
12:18:39.605 [main] INFO  - Website is opened
12:18:39.611 [main] DEBUG - Parsing relationship: /xl/_rels/workbook.xml.rels
12:18:39.612 [main] DEBUG - Parsing relationship: /xl/worksheets/_rels/sheet1.xml.rels
12:18:39.614 [main] DEBUG - Parsing relationship: /_rels/.rels
12:18:44.963 [main] DEBUG - Parsing relationship: /xl/_rels/workbook.xml.rels
12:18:44.964 [main] DEBUG - Parsing relationship: /xl/worksheets/_rels/sheet1.xml.rels
12:18:44.965 [main] DEBUG - Parsing relationship: /_rels/.rels
12:18:47.592 [main] INFO  - Clearing search box and sending value
12:18:47.595 [main] INFO  - Navigating to For Business section
12:18:53.566 [main] DEBUG - Parsing relationship: /xl/_rels/workbook.xml.rels
12:18:53.567 [main] DEBUG - Parsing relationship: /xl/worksheets/_rels/sheet1.xml.rels
12:18:53.568 [main] DEBUG - Parsing relationship: /_rels/.rels
12:18:53.968 [main] DEBUG - Parsing relationship: /xl/_rels/workbook.xml.rels
12:18:53.969 [main] DEBUG - Parsing relationship: /xl/worksheets/_rels/sheet1.xml.rels
12:18:53.970 [main] DEBUG - Parsing relationship: /_rels/.rels
12:18:54.321 [main] DEBUG - Parsing relationship: /xl/_rels/workbook.xml.rels
12:18:54.322 [main] DEBUG - Parsing relationship: /xl/worksheets/_rels/sheet1.xml.rels
12:18:54.323 [main] DEBUG - Parsing relationship: /_rels/.rels
12:18:54.583 [main] DEBUG - Parsing relationship: /xl/_rels/workbook.xml.rels
12:18:54.583 [main] DEBUG - Parsing relationship: /xl/worksheets/_rels/sheet1.xml.rels
12:18:54.584 [main] DEBUG - Parsing relationship: /_rels/.rels
12:18:54.761 [main] DEBUG - Parsing relationship: /xl/_rels/workbook.xml.rels
12:18:54.764 [main] DEBUG - Parsing relationship: /xl/worksheets/_rels/sheet1.xml.rels
12:18:54.765 [main] DEBUG - Parsing relationship: /_rels/.rels
12:18:57.086 [main] DEBUG - Parsing relationship: /xl/_rels/workbook.xml.rels
12:18:57.088 [main] DEBUG - Parsing relationship: /xl/worksheets/_rels/sheet1.xml.rels
12:18:57.088 [main] DEBUG - Parsing relationship: /_rels/.rels
12:18:57.815 [main] INFO  - Taking screenshot
12:18:57.816 [main] INFO  - Quitting the website
12:19:13.480 [main] INFO  - Website is opened
12:19:13.487 [main] DEBUG - Parsing relationship: /xl/_rels/workbook.xml.rels
12:19:13.488 [main] DEBUG - Parsing relationship: /xl/worksheets/_rels/sheet1.xml.rels
12:19:13.489 [main] DEBUG - Parsing relationship: /_rels/.rels
12:19:17.657 [main] DEBUG - Parsing relationship: /xl/_rels/workbook.xml.rels
12:19:17.658 [main] DEBUG - Parsing relationship: /xl/worksheets/_rels/sheet1.xml.rels
12:19:17.659 [main] DEBUG - Parsing relationship: /_rels/.rels
12:19:20.357 [main] INFO  - Clearing search box and sending value
12:19:20.359 [main] INFO  - Navigating to For Business section
12:19:25.872 [main] DEBUG - Parsing relationship: /xl/_rels/workbook.xml.rels
12:19:25.872 [main] DEBUG - Parsing relationship: /xl/worksheets/_rels/sheet1.xml.rels
12:19:25.873 [main] DEBUG - Parsing relationship: /_rels/.rels
12:19:26.105 [main] DEBUG - Parsing relationship: /xl/_rels/workbook.xml.rels
12:19:26.106 [main] DEBUG - Parsing relationship: /xl/worksheets/_rels/sheet1.xml.rels
12:19:26.107 [main] DEBUG - Parsing relationship: /_rels/.rels
12:19:26.356 [main] DEBUG - Parsing relationship: /xl/_rels/workbook.xml.rels
12:19:26.356 [main] DEBUG - Parsing relationship: /xl/worksheets/_rels/sheet1.xml.rels
12:19:26.356 [main] DEBUG - Parsing relationship: /_rels/.rels
12:19:26.754 [main] DEBUG - Parsing relationship: /xl/_rels/workbook.xml.rels
12:19:26.755 [main] DEBUG - Parsing relationship: /xl/worksheets/_rels/sheet1.xml.rels
12:19:26.756 [main] DEBUG - Parsing relationship: /_rels/.rels
12:19:27.054 [main] DEBUG - Parsing relationship: /xl/_rels/workbook.xml.rels
12:19:27.055 [main] DEBUG - Parsing relationship: /xl/worksheets/_rels/sheet1.xml.rels
12:19:27.055 [main] DEBUG - Parsing relationship: /_rels/.rels
12:19:27.497 [main] INFO  - Taking screenshot
12:19:27.498 [main] INFO  - Quitting the website
12:19:38.681 [main] INFO  - Website is opened
12:19:38.700 [main] DEBUG - Parsing relationship: /xl/_rels/workbook.xml.rels
12:19:38.701 [main] DEBUG - Parsing relationship: /xl/worksheets/_rels/sheet1.xml.rels
12:19:38.702 [main] DEBUG - Parsing relationship: /_rels/.rels
12:19:42.060 [main] DEBUG - Parsing relationship: /xl/_rels/workbook.xml.rels
12:19:42.062 [main] DEBUG - Parsing relationship: /xl/worksheets/_rels/sheet1.xml.rels
12:19:42.063 [main] DEBUG - Parsing relationship: /_rels/.rels
12:19:52.125 [main] INFO  - Navigating to For Business section
12:19:57.576 [main] DEBUG - Parsing relationship: /xl/_rels/workbook.xml.rels
12:19:57.576 [main] DEBUG - Parsing relationship: /xl/worksheets/_rels/sheet1.xml.rels
12:19:57.577 [main] DEBUG - Parsing relationship: /_rels/.rels
12:19:57.973 [main] DEBUG - Parsing relationship: /xl/_rels/workbook.xml.rels
12:19:57.974 [main] DEBUG - Parsing relationship: /xl/worksheets/_rels/sheet1.xml.rels
12:19:57.975 [main] DEBUG - Parsing relationship: /_rels/.rels
12:19:58.277 [main] DEBUG - Parsing relationship: /xl/_rels/workbook.xml.rels
12:19:58.278 [main] DEBUG - Parsing relationship: /xl/worksheets/_rels/sheet1.xml.rels
12:19:58.278 [main] DEBUG - Parsing relationship: /_rels/.rels
12:19:58.590 [main] DEBUG - Parsing relationship: /xl/_rels/workbook.xml.rels
12:19:58.591 [main] DEBUG - Parsing relationship: /xl/worksheets/_rels/sheet1.xml.rels
12:19:58.592 [main] DEBUG - Parsing relationship: /_rels/.rels
12:19:58.827 [main] DEBUG - Parsing relationship: /xl/_rels/workbook.xml.rels
12:19:58.828 [main] DEBUG - Parsing relationship: /xl/worksheets/_rels/sheet1.xml.rels
12:19:58.828 [main] DEBUG - Parsing relationship: /_rels/.rels
12:20:01.725 [main] INFO  - Taking screenshot
12:20:01.726 [main] INFO  - Quitting the website
12:20:17.719 [main] INFO  - Website is opened
12:20:17.726 [main] DEBUG - Parsing relationship: /xl/_rels/workbook.xml.rels
12:20:17.727 [main] DEBUG - Parsing relationship: /xl/worksheets/_rels/sheet1.xml.rels
12:20:17.728 [main] DEBUG - Parsing relationship: /_rels/.rels
12:20:23.316 [main] DEBUG - Parsing relationship: /xl/_rels/workbook.xml.rels
12:20:23.316 [main] DEBUG - Parsing relationship: /xl/worksheets/_rels/sheet1.xml.rels
12:20:23.317 [main] DEBUG - Parsing relationship: /_rels/.rels
12:20:25.905 [main] INFO  - Clearing search box and sending value
12:20:25.906 [main] INFO  - Navigating to For Business section
12:20:32.542 [main] DEBUG - Parsing relationship: /xl/_rels/workbook.xml.rels
12:20:32.543 [main] DEBUG - Parsing relationship: /xl/worksheets/_rels/sheet1.xml.rels
12:20:32.543 [main] DEBUG - Parsing relationship: /_rels/.rels
12:20:32.787 [main] DEBUG - Parsing relationship: /xl/_rels/workbook.xml.rels
12:20:32.788 [main] DEBUG - Parsing relationship: /xl/worksheets/_rels/sheet1.xml.rels
12:20:32.788 [main] DEBUG - Parsing relationship: /_rels/.rels
12:20:33.032 [main] DEBUG - Parsing relationship: /xl/_rels/workbook.xml.rels
12:20:33.033 [main] DEBUG - Parsing relationship: /xl/worksheets/_rels/sheet1.xml.rels
12:20:33.035 [main] DEBUG - Parsing relationship: /_rels/.rels
12:20:33.322 [main] DEBUG - Parsing relationship: /xl/_rels/workbook.xml.rels
12:20:33.323 [main] DEBUG - Parsing relationship: /xl/worksheets/_rels/sheet1.xml.rels
12:20:33.323 [main] DEBUG - Parsing relationship: /_rels/.rels
12:20:33.531 [main] DEBUG - Parsing relationship: /xl/_rels/workbook.xml.rels
12:20:33.531 [main] DEBUG - Parsing relationship: /xl/worksheets/_rels/sheet1.xml.rels
12:20:33.531 [main] DEBUG - Parsing relationship: /_rels/.rels
12:20:36.016 [main] DEBUG - Parsing relationship: /xl/_rels/workbook.xml.rels
12:20:36.018 [main] DEBUG - Parsing relationship: /xl/worksheets/_rels/sheet1.xml.rels
12:20:36.019 [main] DEBUG - Parsing relationship: /_rels/.rels
12:20:36.676 [main] INFO  - Taking screenshot
12:20:36.677 [main] INFO  - Quitting the website
12:20:48.603 [main] INFO  - Website is opened
12:20:48.611 [main] DEBUG - Parsing relationship: /xl/_rels/workbook.xml.rels
12:20:48.612 [main] DEBUG - Parsing relationship: /xl/worksheets/_rels/sheet1.xml.rels
12:20:48.613 [main] DEBUG - Parsing relationship: /_rels/.rels
12:20:53.959 [main] DEBUG - Parsing relationship: /xl/_rels/workbook.xml.rels
12:20:53.960 [main] DEBUG - Parsing relationship: /xl/worksheets/_rels/sheet1.xml.rels
12:20:53.960 [main] DEBUG - Parsing relationship: /_rels/.rels
12:20:56.606 [main] INFO  - Clearing search box and sending value
12:20:56.608 [main] INFO  - Navigating to For Business section
12:21:02.745 [main] DEBUG - Parsing relationship: /xl/_rels/workbook.xml.rels
12:21:02.748 [main] DEBUG - Parsing relationship: /xl/worksheets/_rels/sheet1.xml.rels
12:21:02.750 [main] DEBUG - Parsing relationship: /_rels/.rels
12:21:03.122 [main] DEBUG - Parsing relationship: /xl/_rels/workbook.xml.rels
12:21:03.123 [main] DEBUG - Parsing relationship: /xl/worksheets/_rels/sheet1.xml.rels
12:21:03.123 [main] DEBUG - Parsing relationship: /_rels/.rels
12:21:03.375 [main] DEBUG - Parsing relationship: /xl/_rels/workbook.xml.rels
12:21:03.375 [main] DEBUG - Parsing relationship: /xl/worksheets/_rels/sheet1.xml.rels
12:21:03.376 [main] DEBUG - Parsing relationship: /_rels/.rels
12:21:03.636 [main] DEBUG - Parsing relationship: /xl/_rels/workbook.xml.rels
12:21:03.638 [main] DEBUG - Parsing relationship: /xl/worksheets/_rels/sheet1.xml.rels
12:21:03.639 [main] DEBUG - Parsing relationship: /_rels/.rels
12:21:03.843 [main] DEBUG - Parsing relationship: /xl/_rels/workbook.xml.rels
12:21:03.843 [main] DEBUG - Parsing relationship: /xl/worksheets/_rels/sheet1.xml.rels
12:21:03.844 [main] DEBUG - Parsing relationship: /_rels/.rels
12:21:07.698 [main] INFO  - Taking screenshot
12:21:07.700 [main] INFO  - Quitting the website
12:21:22.981 [main] INFO  - Website is opened
12:21:22.986 [main] DEBUG - Parsing relationship: /xl/_rels/workbook.xml.rels
12:21:22.986 [main] DEBUG - Parsing relationship: /xl/worksheets/_rels/sheet1.xml.rels
12:21:22.987 [main] DEBUG - Parsing relationship: /_rels/.rels
12:21:28.427 [main] DEBUG - Parsing relationship: /xl/_rels/workbook.xml.rels
12:21:28.427 [main] DEBUG - Parsing relationship: /xl/worksheets/_rels/sheet1.xml.rels
12:21:28.428 [main] DEBUG - Parsing relationship: /_rels/.rels
12:21:31.095 [main] INFO  - Clearing search box and sending value
12:21:31.096 [main] INFO  - Navigating to For Business section
12:21:36.258 [main] DEBUG - Parsing relationship: /xl/_rels/workbook.xml.rels
12:21:36.259 [main] DEBUG - Parsing relationship: /xl/worksheets/_rels/sheet1.xml.rels
12:21:36.260 [main] DEBUG - Parsing relationship: /_rels/.rels
12:21:36.740 [main] DEBUG - Parsing relationship: /xl/_rels/workbook.xml.rels
12:21:36.741 [main] DEBUG - Parsing relationship: /xl/worksheets/_rels/sheet1.xml.rels
12:21:36.742 [main] DEBUG - Parsing relationship: /_rels/.rels
12:21:37.195 [main] DEBUG - Parsing relationship: /xl/_rels/workbook.xml.rels
12:21:37.197 [main] DEBUG - Parsing relationship: /xl/worksheets/_rels/sheet1.xml.rels
12:21:37.198 [main] DEBUG - Parsing relationship: /_rels/.rels
12:21:37.608 [main] DEBUG - Parsing relationship: /xl/_rels/workbook.xml.rels
12:21:37.609 [main] DEBUG - Parsing relationship: /xl/worksheets/_rels/sheet1.xml.rels
12:21:37.610 [main] DEBUG - Parsing relationship: /_rels/.rels
12:21:37.871 [main] DEBUG - Parsing relationship: /xl/_rels/workbook.xml.rels
12:21:37.871 [main] DEBUG - Parsing relationship: /xl/worksheets/_rels/sheet1.xml.rels
12:21:37.872 [main] DEBUG - Parsing relationship: /_rels/.rels
12:21:40.349 [main] DEBUG - Parsing relationship: /xl/_rels/workbook.xml.rels
12:21:40.349 [main] DEBUG - Parsing relationship: /xl/worksheets/_rels/sheet1.xml.rels
12:21:40.349 [main] DEBUG - Parsing relationship: /_rels/.rels
12:21:40.639 [main] DEBUG - Parsing relationship: /xl/_rels/workbook.xml.rels
12:21:40.640 [main] DEBUG - Parsing relationship: /xl/worksheets/_rels/sheet1.xml.rels
12:21:40.640 [main] DEBUG - Parsing relationship: /_rels/.rels
12:21:40.945 [main] INFO  - Taking screenshot
12:21:40.947 [main] INFO  - Quitting the website
12:21:53.193 [main] INFO  - Website is opened
12:21:53.199 [main] DEBUG - Parsing relationship: /xl/_rels/workbook.xml.rels
12:21:53.200 [main] DEBUG - Parsing relationship: /xl/worksheets/_rels/sheet1.xml.rels
12:21:53.201 [main] DEBUG - Parsing relationship: /_rels/.rels
12:21:58.184 [main] DEBUG - Parsing relationship: /xl/_rels/workbook.xml.rels
12:21:58.185 [main] DEBUG - Parsing relationship: /xl/worksheets/_rels/sheet1.xml.rels
12:21:58.185 [main] DEBUG - Parsing relationship: /_rels/.rels
12:22:00.817 [main] INFO  - Clearing search box and sending value
12:22:00.819 [main] INFO  - Navigating to For Business section
12:22:07.397 [main] DEBUG - Parsing relationship: /xl/_rels/workbook.xml.rels
12:22:07.397 [main] DEBUG - Parsing relationship: /xl/worksheets/_rels/sheet1.xml.rels
12:22:07.398 [main] DEBUG - Parsing relationship: /_rels/.rels
12:22:07.753 [main] DEBUG - Parsing relationship: /xl/_rels/workbook.xml.rels
12:22:07.754 [main] DEBUG - Parsing relationship: /xl/worksheets/_rels/sheet1.xml.rels
12:22:07.755 [main] DEBUG - Parsing relationship: /_rels/.rels
12:22:08.045 [main] DEBUG - Parsing relationship: /xl/_rels/workbook.xml.rels
12:22:08.046 [main] DEBUG - Parsing relationship: /xl/worksheets/_rels/sheet1.xml.rels
12:22:08.046 [main] DEBUG - Parsing relationship: /_rels/.rels
12:22:08.306 [main] DEBUG - Parsing relationship: /xl/_rels/workbook.xml.rels
12:22:08.307 [main] DEBUG - Parsing relationship: /xl/worksheets/_rels/sheet1.xml.rels
12:22:08.308 [main] DEBUG - Parsing relationship: /_rels/.rels
12:22:08.513 [main] DEBUG - Parsing relationship: /xl/_rels/workbook.xml.rels
12:22:08.513 [main] DEBUG - Parsing relationship: /xl/worksheets/_rels/sheet1.xml.rels
12:22:08.514 [main] DEBUG - Parsing relationship: /_rels/.rels
12:22:12.102 [main] DEBUG - Parsing relationship: /xl/_rels/workbook.xml.rels
12:22:12.104 [main] DEBUG - Parsing relationship: /xl/worksheets/_rels/sheet1.xml.rels
12:22:12.105 [main] DEBUG - Parsing relationship: /_rels/.rels
12:22:12.679 [main] INFO  - Taking screenshot
12:22:12.681 [main] INFO  - Quitting the website
12:22:24.863 [main] INFO  - Website is opened
12:22:24.868 [main] DEBUG - Parsing relationship: /xl/_rels/workbook.xml.rels
12:22:24.868 [main] DEBUG - Parsing relationship: /xl/worksheets/_rels/sheet1.xml.rels
12:22:24.869 [main] DEBUG - Parsing relationship: /_rels/.rels
12:22:29.603 [main] DEBUG - Parsing relationship: /xl/_rels/workbook.xml.rels
12:22:29.603 [main] DEBUG - Parsing relationship: /xl/worksheets/_rels/sheet1.xml.rels
12:22:29.604 [main] DEBUG - Parsing relationship: /_rels/.rels
12:22:32.254 [main] INFO  - Clearing search box and sending value
12:22:32.255 [main] INFO  - Navigating to For Business section
12:22:39.176 [main] DEBUG - Parsing relationship: /xl/_rels/workbook.xml.rels
12:22:39.177 [main] DEBUG - Parsing relationship: /xl/worksheets/_rels/sheet1.xml.rels
12:22:39.179 [main] DEBUG - Parsing relationship: /_rels/.rels
12:22:39.541 [main] DEBUG - Parsing relationship: /xl/_rels/workbook.xml.rels
12:22:39.542 [main] DEBUG - Parsing relationship: /xl/worksheets/_rels/sheet1.xml.rels
12:22:39.543 [main] DEBUG - Parsing relationship: /_rels/.rels
12:22:39.832 [main] DEBUG - Parsing relationship: /xl/_rels/workbook.xml.rels
12:22:39.833 [main] DEBUG - Parsing relationship: /xl/worksheets/_rels/sheet1.xml.rels
12:22:39.834 [main] DEBUG - Parsing relationship: /_rels/.rels
12:22:40.191 [main] DEBUG - Parsing relationship: /xl/_rels/workbook.xml.rels
12:22:40.191 [main] DEBUG - Parsing relationship: /xl/worksheets/_rels/sheet1.xml.rels
12:22:40.192 [main] DEBUG - Parsing relationship: /_rels/.rels
12:22:40.363 [main] DEBUG - Parsing relationship: /xl/_rels/workbook.xml.rels
12:22:40.363 [main] DEBUG - Parsing relationship: /xl/worksheets/_rels/sheet1.xml.rels
12:22:40.364 [main] DEBUG - Parsing relationship: /_rels/.rels
12:22:43.006 [main] DEBUG - Parsing relationship: /xl/_rels/workbook.xml.rels
12:22:43.007 [main] DEBUG - Parsing relationship: /xl/worksheets/_rels/sheet1.xml.rels
12:22:43.007 [main] DEBUG - Parsing relationship: /_rels/.rels
12:22:43.221 [main] DEBUG - Parsing relationship: /xl/_rels/workbook.xml.rels
12:22:43.222 [main] DEBUG - Parsing relationship: /xl/worksheets/_rels/sheet1.xml.rels
12:22:43.223 [main] DEBUG - Parsing relationship: /_rels/.rels
12:22:43.543 [main] DEBUG - Parsing relationship: /xl/_rels/workbook.xml.rels
12:22:43.544 [main] DEBUG - Parsing relationship: /xl/worksheets/_rels/sheet1.xml.rels
12:22:43.544 [main] DEBUG - Parsing relationship: /_rels/.rels
12:22:43.920 [main] INFO  - Taking screenshot
12:22:43.920 [main] INFO  - Quitting the website
12:22:55.885 [main] INFO  - Website is opened
12:22:55.894 [main] DEBUG - Parsing relationship: /xl/_rels/workbook.xml.rels
12:22:55.895 [main] DEBUG - Parsing relationship: /xl/worksheets/_rels/sheet1.xml.rels
12:22:55.895 [main] DEBUG - Parsing relationship: /_rels/.rels
12:23:01.778 [main] DEBUG - Parsing relationship: /xl/_rels/workbook.xml.rels
12:23:01.779 [main] DEBUG - Parsing relationship: /xl/worksheets/_rels/sheet1.xml.rels
12:23:01.779 [main] DEBUG - Parsing relationship: /_rels/.rels
12:23:04.637 [main] INFO  - Clearing search box and sending value
12:23:04.640 [main] INFO  - Navigating to For Business section
12:23:10.048 [main] DEBUG - Parsing relationship: /xl/_rels/workbook.xml.rels
12:23:10.049 [main] DEBUG - Parsing relationship: /xl/worksheets/_rels/sheet1.xml.rels
12:23:10.049 [main] DEBUG - Parsing relationship: /_rels/.rels
12:23:10.370 [main] DEBUG - Parsing relationship: /xl/_rels/workbook.xml.rels
12:23:10.371 [main] DEBUG - Parsing relationship: /xl/worksheets/_rels/sheet1.xml.rels
12:23:10.373 [main] DEBUG - Parsing relationship: /_rels/.rels
12:23:10.685 [main] DEBUG - Parsing relationship: /xl/_rels/workbook.xml.rels
12:23:10.685 [main] DEBUG - Parsing relationship: /xl/worksheets/_rels/sheet1.xml.rels
12:23:10.686 [main] DEBUG - Parsing relationship: /_rels/.rels
12:23:11.006 [main] DEBUG - Parsing relationship: /xl/_rels/workbook.xml.rels
12:23:11.007 [main] DEBUG - Parsing relationship: /xl/worksheets/_rels/sheet1.xml.rels
12:23:11.008 [main] DEBUG - Parsing relationship: /_rels/.rels
12:23:11.219 [main] DEBUG - Parsing relationship: /xl/_rels/workbook.xml.rels
12:23:11.219 [main] DEBUG - Parsing relationship: /xl/worksheets/_rels/sheet1.xml.rels
12:23:11.220 [main] DEBUG - Parsing relationship: /_rels/.rels
12:23:14.026 [main] DEBUG - Parsing relationship: /xl/_rels/workbook.xml.rels
12:23:14.027 [main] DEBUG - Parsing relationship: /xl/worksheets/_rels/sheet1.xml.rels
12:23:14.028 [main] DEBUG - Parsing relationship: /_rels/.rels
12:23:14.402 [main] DEBUG - Parsing relationship: /xl/_rels/workbook.xml.rels
12:23:14.403 [main] DEBUG - Parsing relationship: /xl/worksheets/_rels/sheet1.xml.rels
12:23:14.405 [main] DEBUG - Parsing relationship: /_rels/.rels
12:23:14.816 [main] DEBUG - Parsing relationship: /xl/_rels/workbook.xml.rels
12:23:14.817 [main] DEBUG - Parsing relationship: /xl/worksheets/_rels/sheet1.xml.rels
12:23:14.817 [main] DEBUG - Parsing relationship: /_rels/.rels
12:23:25.133 [main] INFO  - Taking screenshot
12:23:25.134 [main] INFO  - Quitting the website
12:23:36.931 [main] INFO  - Website is opened
12:23:36.936 [main] DEBUG - Parsing relationship: /xl/_rels/workbook.xml.rels
12:23:36.936 [main] DEBUG - Parsing relationship: /xl/worksheets/_rels/sheet1.xml.rels
12:23:36.937 [main] DEBUG - Parsing relationship: /_rels/.rels
12:23:43.746 [main] DEBUG - Parsing relationship: /xl/_rels/workbook.xml.rels
12:23:43.746 [main] DEBUG - Parsing relationship: /xl/worksheets/_rels/sheet1.xml.rels
12:23:43.747 [main] DEBUG - Parsing relationship: /_rels/.rels
12:23:53.826 [main] INFO  - Navigating to For Business section
12:23:59.012 [main] DEBUG - Parsing relationship: /xl/_rels/workbook.xml.rels
12:23:59.013 [main] DEBUG - Parsing relationship: /xl/worksheets/_rels/sheet1.xml.rels
12:23:59.014 [main] DEBUG - Parsing relationship: /_rels/.rels
12:23:59.416 [main] DEBUG - Parsing relationship: /xl/_rels/workbook.xml.rels
12:23:59.417 [main] DEBUG - Parsing relationship: /xl/worksheets/_rels/sheet1.xml.rels
12:23:59.418 [main] DEBUG - Parsing relationship: /_rels/.rels
12:23:59.729 [main] DEBUG - Parsing relationship: /xl/_rels/workbook.xml.rels
12:23:59.729 [main] DEBUG - Parsing relationship: /xl/worksheets/_rels/sheet1.xml.rels
12:23:59.730 [main] DEBUG - Parsing relationship: /_rels/.rels
12:24:00.005 [main] DEBUG - Parsing relationship: /xl/_rels/workbook.xml.rels
12:24:00.005 [main] DEBUG - Parsing relationship: /xl/worksheets/_rels/sheet1.xml.rels
12:24:00.006 [main] DEBUG - Parsing relationship: /_rels/.rels
12:24:00.261 [main] DEBUG - Parsing relationship: /xl/_rels/workbook.xml.rels
12:24:00.262 [main] DEBUG - Parsing relationship: /xl/worksheets/_rels/sheet1.xml.rels
12:24:00.262 [main] DEBUG - Parsing relationship: /_rels/.rels
12:24:02.932 [main] DEBUG - Parsing relationship: /xl/_rels/workbook.xml.rels
12:24:02.933 [main] DEBUG - Parsing relationship: /xl/worksheets/_rels/sheet1.xml.rels
12:24:02.933 [main] DEBUG - Parsing relationship: /_rels/.rels
12:24:03.225 [main] DEBUG - Parsing relationship: /xl/_rels/workbook.xml.rels
12:24:03.226 [main] DEBUG - Parsing relationship: /xl/worksheets/_rels/sheet1.xml.rels
12:24:03.227 [main] DEBUG - Parsing relationship: /_rels/.rels
12:24:03.489 [main] DEBUG - Parsing relationship: /xl/_rels/workbook.xml.rels
12:24:03.490 [main] DEBUG - Parsing relationship: /xl/worksheets/_rels/sheet1.xml.rels
12:24:03.491 [main] DEBUG - Parsing relationship: /_rels/.rels
12:24:03.827 [main] DEBUG - Parsing relationship: /xl/_rels/workbook.xml.rels
12:24:03.828 [main] DEBUG - Parsing relationship: /xl/worksheets/_rels/sheet1.xml.rels
12:24:03.828 [main] DEBUG - Parsing relationship: /_rels/.rels
12:24:04.085 [main] INFO  - Taking screenshot
12:24:04.085 [main] INFO  - Quitting the website
12:24:16.317 [main] INFO  - Website is opened
12:24:16.321 [main] DEBUG - Parsing relationship: /xl/_rels/workbook.xml.rels
12:24:16.322 [main] DEBUG - Parsing relationship: /xl/worksheets/_rels/sheet1.xml.rels
12:24:16.322 [main] DEBUG - Parsing relationship: /_rels/.rels
12:24:21.290 [main] DEBUG - Parsing relationship: /xl/_rels/workbook.xml.rels
12:24:21.291 [main] DEBUG - Parsing relationship: /xl/worksheets/_rels/sheet1.xml.rels
12:24:21.291 [main] DEBUG - Parsing relationship: /_rels/.rels
12:24:23.775 [main] INFO  - Clearing search box and sending value
12:24:23.776 [main] INFO  - Navigating to For Business section
12:24:30.958 [main] DEBUG - Parsing relationship: /xl/_rels/workbook.xml.rels
12:24:30.959 [main] DEBUG - Parsing relationship: /xl/worksheets/_rels/sheet1.xml.rels
12:24:30.959 [main] DEBUG - Parsing relationship: /_rels/.rels
12:24:31.218 [main] DEBUG - Parsing relationship: /xl/_rels/workbook.xml.rels
12:24:31.219 [main] DEBUG - Parsing relationship: /xl/worksheets/_rels/sheet1.xml.rels
12:24:31.219 [main] DEBUG - Parsing relationship: /_rels/.rels
12:24:31.448 [main] DEBUG - Parsing relationship: /xl/_rels/workbook.xml.rels
12:24:31.449 [main] DEBUG - Parsing relationship: /xl/worksheets/_rels/sheet1.xml.rels
12:24:31.450 [main] DEBUG - Parsing relationship: /_rels/.rels
12:24:31.770 [main] DEBUG - Parsing relationship: /xl/_rels/workbook.xml.rels
12:24:31.770 [main] DEBUG - Parsing relationship: /xl/worksheets/_rels/sheet1.xml.rels
12:24:31.771 [main] DEBUG - Parsing relationship: /_rels/.rels
12:24:31.921 [main] DEBUG - Parsing relationship: /xl/_rels/workbook.xml.rels
12:24:31.922 [main] DEBUG - Parsing relationship: /xl/worksheets/_rels/sheet1.xml.rels
12:24:31.923 [main] DEBUG - Parsing relationship: /_rels/.rels
12:24:34.496 [main] DEBUG - Parsing relationship: /xl/_rels/workbook.xml.rels
12:24:34.497 [main] DEBUG - Parsing relationship: /xl/worksheets/_rels/sheet1.xml.rels
12:24:34.498 [main] DEBUG - Parsing relationship: /_rels/.rels
12:24:34.933 [main] DEBUG - Parsing relationship: /xl/_rels/workbook.xml.rels
12:24:34.937 [main] DEBUG - Parsing relationship: /xl/worksheets/_rels/sheet1.xml.rels
12:24:34.939 [main] DEBUG - Parsing relationship: /_rels/.rels
12:24:35.660 [main] DEBUG - Parsing relationship: /xl/_rels/workbook.xml.rels
12:24:35.662 [main] DEBUG - Parsing relationship: /xl/worksheets/_rels/sheet1.xml.rels
12:24:35.663 [main] DEBUG - Parsing relationship: /_rels/.rels
12:24:36.201 [main] INFO  - Taking screenshot
12:24:36.202 [main] INFO  - Quitting the website
12:24:51.838 [main] INFO  - Website is opened
12:24:51.842 [main] DEBUG - Parsing relationship: /xl/_rels/workbook.xml.rels
12:24:51.843 [main] DEBUG - Parsing relationship: /xl/worksheets/_rels/sheet1.xml.rels
12:24:51.844 [main] DEBUG - Parsing relationship: /_rels/.rels
12:24:55.900 [main] DEBUG - Parsing relationship: /xl/_rels/workbook.xml.rels
12:24:55.901 [main] DEBUG - Parsing relationship: /xl/worksheets/_rels/sheet1.xml.rels
12:24:55.901 [main] DEBUG - Parsing relationship: /_rels/.rels
12:24:58.493 [main] INFO  - Clearing search box and sending value
12:24:58.494 [main] INFO  - Navigating to For Business section
12:25:04.706 [main] DEBUG - Parsing relationship: /xl/_rels/workbook.xml.rels
12:25:04.707 [main] DEBUG - Parsing relationship: /xl/worksheets/_rels/sheet1.xml.rels
12:25:04.707 [main] DEBUG - Parsing relationship: /_rels/.rels
12:25:04.964 [main] DEBUG - Parsing relationship: /xl/_rels/workbook.xml.rels
12:25:04.964 [main] DEBUG - Parsing relationship: /xl/worksheets/_rels/sheet1.xml.rels
12:25:04.964 [main] DEBUG - Parsing relationship: /_rels/.rels
12:25:05.275 [main] DEBUG - Parsing relationship: /xl/_rels/workbook.xml.rels
12:25:05.276 [main] DEBUG - Parsing relationship: /xl/worksheets/_rels/sheet1.xml.rels
12:25:05.276 [main] DEBUG - Parsing relationship: /_rels/.rels
12:25:05.515 [main] DEBUG - Parsing relationship: /xl/_rels/workbook.xml.rels
12:25:05.516 [main] DEBUG - Parsing relationship: /xl/worksheets/_rels/sheet1.xml.rels
12:25:05.517 [main] DEBUG - Parsing relationship: /_rels/.rels
12:25:05.711 [main] DEBUG - Parsing relationship: /xl/_rels/workbook.xml.rels
12:25:05.712 [main] DEBUG - Parsing relationship: /xl/worksheets/_rels/sheet1.xml.rels
12:25:05.712 [main] DEBUG - Parsing relationship: /_rels/.rels
12:25:08.487 [main] DEBUG - Parsing relationship: /xl/_rels/workbook.xml.rels
12:25:08.487 [main] DEBUG - Parsing relationship: /xl/worksheets/_rels/sheet1.xml.rels
12:25:08.488 [main] DEBUG - Parsing relationship: /_rels/.rels
12:25:08.969 [main] DEBUG - Parsing relationship: /xl/_rels/workbook.xml.rels
12:25:08.969 [main] DEBUG - Parsing relationship: /xl/worksheets/_rels/sheet1.xml.rels
12:25:08.969 [main] DEBUG - Parsing relationship: /_rels/.rels
12:25:09.573 [main] DEBUG - Parsing relationship: /xl/_rels/workbook.xml.rels
12:25:09.574 [main] DEBUG - Parsing relationship: /xl/worksheets/_rels/sheet1.xml.rels
12:25:09.576 [main] DEBUG - Parsing relationship: /_rels/.rels
12:25:10.039 [main] DEBUG - Parsing relationship: /xl/_rels/workbook.xml.rels
12:25:10.040 [main] DEBUG - Parsing relationship: /xl/worksheets/_rels/sheet1.xml.rels
12:25:10.041 [main] DEBUG - Parsing relationship: /_rels/.rels
12:25:10.338 [main] INFO  - Taking screenshot
12:25:10.339 [main] INFO  - Quitting the website
18:19:23.395 [main] INFO  - Website is opened
18:19:23.622 [main] INFO  - Taking screenshot
18:19:23.623 [main] INFO  - Quitting the website
18:19:31.691 [main] INFO  - Website is opened
18:19:32.175 [main] INFO  - Taking screenshot
18:19:32.178 [main] INFO  - Quitting the website
18:19:40.299 [main] INFO  - Website is opened
18:19:40.878 [main] INFO  - Taking screenshot
18:19:40.879 [main] INFO  - Quitting the website
18:19:50.046 [main] INFO  - Website is opened
18:19:50.456 [main] DEBUG - Parsing relationship: /xl/_rels/workbook.xml.rels
18:19:50.458 [main] DEBUG - Parsing relationship: /xl/worksheets/_rels/sheet1.xml.rels
18:19:50.459 [main] DEBUG - Parsing relationship: /_rels/.rels
18:19:50.591 [main] TRACE - Loading type system org.apache.poi.schemas.ooxml.system.ooxml
18:19:50.593 [main] TRACE - Loading type system org.apache.xmlbeans.metadata.system.sXMLCONFIG
18:19:50.594 [main] TRACE - Loading type system org.apache.xmlbeans.metadata.system.sXMLLANG
18:19:50.594 [main] TRACE - Loading type system org.apache.xmlbeans.metadata.system.sXMLSCHEMA
18:19:50.595 [main] TRACE - Loading type system org.apache.xmlbeans.metadata.system.sXMLTOOLS
18:19:50.596 [main] TRACE - Reading unresolved handles for type system org.apache.xmlbeans.metadata.system.sXMLTOOLS
18:19:50.612 [main] TRACE - Finished loading type system org.apache.xmlbeans.metadata.system.sXMLTOOLS
18:19:50.613 [main] TRACE - Reading unresolved handles for type system org.apache.xmlbeans.metadata.system.sXMLSCHEMA
18:19:50.618 [main] TRACE - Finished loading type system org.apache.xmlbeans.metadata.system.sXMLSCHEMA
18:19:50.619 [main] TRACE - Reading unresolved handles for type system org.apache.xmlbeans.metadata.system.sXMLLANG
18:19:50.619 [main] TRACE - Finished loading type system org.apache.xmlbeans.metadata.system.sXMLLANG
18:19:50.620 [main] TRACE - Reading unresolved handles for type system org.apache.xmlbeans.metadata.system.sXMLCONFIG
18:19:50.621 [main] TRACE - Finished loading type system org.apache.xmlbeans.metadata.system.sXMLCONFIG
18:19:50.621 [main] TRACE - Reading unresolved handles for type system org.apache.poi.schemas.ooxml.system.ooxml
18:19:50.671 [main] TRACE - Finished loading type system org.apache.poi.schemas.ooxml.system.ooxml
18:19:50.672 [main] TRACE - Resolving type for handle themefd26doctype
18:19:50.748 [main] TRACE - Resolving type for handle stylesheet5d8bdoctype
18:19:50.759 [main] TRACE - Resolving type for handle ctstylesheet4257type
18:19:50.762 [main] TRACE - Resolving type for handle ctnumfmtsb58btype
18:19:50.764 [main] TRACE - Resolving type for handle ctnumfmt3870type
18:19:50.765 [main] TRACE - Resolving type for handle stnumfmtid76fbtype
18:19:50.769 [main] TRACE - Resolving type for handle stxstringf179type
18:19:50.770 [main] TRACE - Resolving type for handle ctfonts6623type
18:19:50.772 [main] TRACE - Resolving type for handle ctfont14d8type
18:19:50.778 [main] TRACE - Resolving type for handle ctfills2c6ftype
18:19:50.780 [main] TRACE - Resolving type for handle ctfill550ctype
18:19:50.782 [main] TRACE - Resolving type for handle ctborders0d66type
18:19:50.785 [main] TRACE - Resolving type for handle ctborderf935type
18:19:50.790 [main] TRACE - Resolving type for handle ctcellxfs1322type
18:19:50.794 [main] TRACE - Resolving type for handle ctxf97f7type
18:19:50.797 [main] TRACE - Resolving type for handle ctcellstylexfsa81ftype
18:19:50.799 [main] TRACE - Resolving type for handle ctdxfsb26atype
18:19:50.802 [main] TRACE - Resolving type for handle cttablestyles872ftype
18:19:50.807 [main] TRACE - Resolving type for handle sstf81fdoctype
18:19:50.812 [main] TRACE - Resolving type for handle ctsst44f3type
18:19:50.817 [main] TRACE - Resolving type for handle ctrsta472type
18:19:50.855 [main] TRACE - Resolving type for handle workbookec17doctype
18:19:50.860 [main] TRACE - Resolving type for handle ctworkbook83c3type
18:19:50.863 [main] TRACE - Resolving type for handle ctsheets49fdtype
18:19:50.865 [main] TRACE - Resolving type for handle ctsheet4dbetype
18:19:50.867 [main] TRACE - Resolving type for handle strelationshipid1e94type
18:19:50.869 [main] TRACE - Resolving type for handle worksheetf539doctype
18:19:50.875 [main] TRACE - Resolving type for handle ctworksheet530dtype
18:19:50.885 [main] TRACE - Resolving type for handle ctcols627ctype
18:19:50.889 [main] TRACE - Resolving type for handle ctcola95ftype
18:19:50.904 [main] TRACE - Resolving type for handle ctsheetdata8408type
18:19:50.906 [main] TRACE - Resolving type for handle ctrowdd39type
18:19:50.911 [main] TRACE - Resolving type for handle ctcell842btype
18:19:50.918 [main] TRACE - Resolving type for handle stcellrefe4e0type
18:19:50.924 [main] TRACE - Resolving type for handle cthyperlinks6416type
18:19:50.926 [main] TRACE - Resolving type for handle cthyperlink0c85type
18:19:50.950 [main] TRACE - Resolving type for handle stcelltypebf95type
18:19:54.768 [main] DEBUG - Parsing relationship: /xl/_rels/workbook.xml.rels
18:19:54.769 [main] DEBUG - Parsing relationship: /xl/worksheets/_rels/sheet1.xml.rels
18:19:54.770 [main] DEBUG - Parsing relationship: /_rels/.rels
18:19:55.021 [main] INFO  - Taking screenshot
18:19:55.023 [main] INFO  - Quitting the website
18:20:03.453 [main] INFO  - Website is opened
18:20:03.805 [main] DEBUG - Parsing relationship: /xl/_rels/workbook.xml.rels
18:20:03.806 [main] DEBUG - Parsing relationship: /xl/worksheets/_rels/sheet1.xml.rels
18:20:03.806 [main] DEBUG - Parsing relationship: /_rels/.rels
18:20:08.143 [main] DEBUG - Parsing relationship: /xl/_rels/workbook.xml.rels
18:20:08.145 [main] DEBUG - Parsing relationship: /xl/worksheets/_rels/sheet1.xml.rels
18:20:08.146 [main] DEBUG - Parsing relationship: /_rels/.rels
18:20:08.452 [main] INFO  - Taking screenshot
18:20:08.453 [main] INFO  - Quitting the website
18:20:16.082 [main] INFO  - Website is opened
18:20:16.207 [main] DEBUG - Parsing relationship: /xl/_rels/workbook.xml.rels
18:20:16.210 [main] DEBUG - Parsing relationship: /xl/worksheets/_rels/sheet1.xml.rels
18:20:16.213 [main] DEBUG - Parsing relationship: /_rels/.rels
18:20:18.442 [main] INFO  - Checking if Language check box is displayed or not
18:20:38.518 [main] INFO  - Checking if Difficult level check box is displayed or not
18:20:58.795 [main] INFO  - Taking screenshot
18:20:58.796 [main] INFO  - Quitting the website
18:21:06.414 [main] INFO  - Website is opened
18:21:06.571 [main] DEBUG - Parsing relationship: /xl/_rels/workbook.xml.rels
18:21:06.572 [main] DEBUG - Parsing relationship: /xl/worksheets/_rels/sheet1.xml.rels
18:21:06.573 [main] DEBUG - Parsing relationship: /_rels/.rels
18:21:10.757 [main] INFO  - Checking if Language check box is clickable or not
18:21:10.872 [main] INFO  - Checking if Difficulty Level check box is clickable or not
18:21:11.108 [main] INFO  - Taking screenshot
18:21:11.109 [main] INFO  - Quitting the website
18:21:23.876 [main] INFO  - Website is opened
18:21:23.926 [main] DEBUG - Parsing relationship: /xl/_rels/workbook.xml.rels
18:21:23.927 [main] DEBUG - Parsing relationship: /xl/worksheets/_rels/sheet1.xml.rels
18:21:23.927 [main] DEBUG - Parsing relationship: /_rels/.rels
18:21:30.338 [main] INFO  - Clicking English check box
18:21:30.338 [main] INFO  - Checking English filter is displayed or not
18:21:34.776 [main] INFO  - Scrolling and clicking beginner box
18:21:34.780 [main] INFO  - Checking Beginner filter is displayed or not
18:21:35.035 [main] INFO  - Taking screenshot
18:21:35.035 [main] INFO  - Quitting the website
18:21:47.508 [main] INFO  - Website is opened
18:21:52.235 [main] INFO  - Clicking search button
18:21:59.960 [main] INFO  - Clicking English check box
18:22:04.226 [main] INFO  - Scrolling and clicking beginner box
18:22:10.332 [main] INFO  - Clicking First Course
18:22:10.707 [main] INFO  - Taking screenshot
18:22:10.708 [main] INFO  - Quitting the website
18:22:23.062 [main] INFO  - Website is opened
18:22:27.408 [main] INFO  - Clicking search button
18:22:34.879 [main] INFO  - Clicking English check box
18:22:39.099 [main] INFO  - Scrolling and clicking beginner box
18:22:45.196 [main] INFO  - Clicking First Course
18:22:45.274 [main] INFO  - Getting First course window handle
18:22:45.453 [main] INFO  - Taking screenshot
18:22:45.453 [main] INFO  - Quitting the website
18:22:57.195 [main] INFO  - Website is opened
18:23:01.565 [main] INFO  - Clicking search button
18:23:08.775 [main] INFO  - Clicking English check box
18:23:13.004 [main] INFO  - Scrolling and clicking beginner box
18:23:17.091 [main] INFO  - Clicking Second Course
18:23:17.454 [main] INFO  - Taking screenshot
18:23:17.455 [main] INFO  - Quitting the website
18:23:29.685 [main] INFO  - Website is opened
18:23:34.019 [main] INFO  - Clicking search button
18:23:41.505 [main] INFO  - Clicking English check box
18:23:45.714 [main] INFO  - Scrolling and clicking beginner box
18:23:49.822 [main] INFO  - Clicking Second Course
18:23:49.847 [main] INFO  - Getting window handles
18:23:49.982 [main] INFO  - Checking Second Course Title
18:23:50.981 [main] INFO  - Checking Second Course Title
18:23:50.996 [main] INFO  - Checking Second course hours
18:24:01.021 [main] INFO  - No second course hours displayed
18:24:01.038 [main] INFO  - Checking Second course rating
18:24:11.050 [main] INFO  - No Second course rating displayed
18:24:11.173 [main] INFO  - Taking screenshot
18:24:11.173 [main] INFO  - Quitting the website
18:24:20.630 [main] INFO  - Website is opened
18:24:24.967 [main] INFO  - Clicking search button
18:24:30.630 [main] INFO  - Clearing search box
18:24:30.769 [main] INFO  - Searching values
18:24:30.770 [main] INFO  - Clicking search button
18:24:30.980 [main] INFO  - Checking for Language Learning
18:24:31.098 [main] INFO  - Taking screenshot
18:24:31.098 [main] INFO  - Quitting the website
18:24:43.621 [main] INFO  - Website is opened
18:24:48.076 [main] INFO  - Clicking search button
18:24:53.481 [main] INFO  - Clearing search box
18:24:53.596 [main] INFO  - Searching values
18:24:53.598 [main] INFO  - Clicking search button
18:24:53.756 [main] INFO  - Checking valid search or not
18:24:53.939 [main] INFO  - Taking screenshot
18:24:53.940 [main] INFO  - Quitting the website
18:25:03.537 [main] INFO  - Website is opened
18:25:07.850 [main] INFO  - Clicking search button
18:25:13.016 [main] INFO  - Clearing search box
18:25:13.190 [main] INFO  - Searching values
18:25:13.191 [main] INFO  - Clicking search button
18:25:13.393 [main] INFO  - Checking if Language is displayed or not
18:25:13.663 [main] INFO  - Taking screenshot
18:25:13.663 [main] INFO  - Quitting the website
18:25:22.647 [main] INFO  - Website is opened
18:25:27.147 [main] INFO  - Clicking search button
18:25:32.160 [main] INFO  - Clearing search box
18:25:32.284 [main] INFO  - Searching values
18:25:32.286 [main] INFO  - Clicking search button
18:25:32.529 [main] INFO  - Checking if See All is displayed or not
18:25:32.731 [main] INFO  - Taking screenshot
18:25:32.732 [main] INFO  - Quitting the website
18:25:44.452 [main] INFO  - Website is opened
18:25:44.458 [main] DEBUG - Parsing relationship: /xl/_rels/workbook.xml.rels
18:25:44.459 [main] DEBUG - Parsing relationship: /xl/worksheets/_rels/sheet1.xml.rels
18:25:44.460 [main] DEBUG - Parsing relationship: /_rels/.rels
18:25:47.492 [main] DEBUG - Parsing relationship: /xl/_rels/workbook.xml.rels
18:25:47.493 [main] DEBUG - Parsing relationship: /xl/worksheets/_rels/sheet1.xml.rels
18:25:47.494 [main] DEBUG - Parsing relationship: /_rels/.rels
18:25:49.899 [main] INFO  - Clearing search box and sending value
18:25:49.899 [main] INFO  - Checking For Business button is displayed or not
18:25:50.062 [main] INFO  - Taking screenshot
18:25:50.062 [main] INFO  - Quitting the website
18:26:00.922 [main] INFO  - Website is opened
18:26:00.933 [main] DEBUG - Parsing relationship: /xl/_rels/workbook.xml.rels
18:26:00.934 [main] DEBUG - Parsing relationship: /xl/worksheets/_rels/sheet1.xml.rels
18:26:00.935 [main] DEBUG - Parsing relationship: /_rels/.rels
18:26:03.120 [main] DEBUG - Parsing relationship: /xl/_rels/workbook.xml.rels
18:26:03.120 [main] DEBUG - Parsing relationship: /xl/worksheets/_rels/sheet1.xml.rels
18:26:03.121 [main] DEBUG - Parsing relationship: /_rels/.rels
18:26:13.211 [main] INFO  - Navigating to For Business section
18:26:19.232 [main] INFO  - Taking screenshot
18:26:19.233 [main] INFO  - Quitting the website
18:26:28.790 [main] INFO  - Website is opened
18:26:28.799 [main] DEBUG - Parsing relationship: /xl/_rels/workbook.xml.rels
18:26:28.800 [main] DEBUG - Parsing relationship: /xl/worksheets/_rels/sheet1.xml.rels
18:26:28.801 [main] DEBUG - Parsing relationship: /_rels/.rels
18:26:32.120 [main] DEBUG - Parsing relationship: /xl/_rels/workbook.xml.rels
18:26:32.121 [main] DEBUG - Parsing relationship: /xl/worksheets/_rels/sheet1.xml.rels
18:26:32.123 [main] DEBUG - Parsing relationship: /_rels/.rels
18:26:34.530 [main] INFO  - Clearing search box and sending value
18:26:34.531 [main] INFO  - Navigating to For Business section
18:26:38.948 [main] INFO  - Taking screenshot
18:26:38.949 [main] INFO  - Quitting the website
18:26:49.173 [main] INFO  - Website is opened
18:26:49.183 [main] DEBUG - Parsing relationship: /xl/_rels/workbook.xml.rels
18:26:49.185 [main] DEBUG - Parsing relationship: /xl/worksheets/_rels/sheet1.xml.rels
18:26:49.186 [main] DEBUG - Parsing relationship: /_rels/.rels
18:26:53.141 [main] DEBUG - Parsing relationship: /xl/_rels/workbook.xml.rels
18:26:53.142 [main] DEBUG - Parsing relationship: /xl/worksheets/_rels/sheet1.xml.rels
18:26:53.142 [main] DEBUG - Parsing relationship: /_rels/.rels
18:26:55.493 [main] INFO  - Clearing search box and sending value
18:26:55.494 [main] INFO  - Navigating to For Business section
18:27:00.404 [main] DEBUG - Parsing relationship: /xl/_rels/workbook.xml.rels
18:27:00.405 [main] DEBUG - Parsing relationship: /xl/worksheets/_rels/sheet1.xml.rels
18:27:00.406 [main] DEBUG - Parsing relationship: /_rels/.rels
18:27:00.646 [main] DEBUG - Parsing relationship: /xl/_rels/workbook.xml.rels
18:27:00.647 [main] DEBUG - Parsing relationship: /xl/worksheets/_rels/sheet1.xml.rels
18:27:00.647 [main] DEBUG - Parsing relationship: /_rels/.rels
18:27:01.009 [main] INFO  - Taking screenshot
18:27:01.010 [main] INFO  - Quitting the website
18:27:10.261 [main] INFO  - Website is opened
18:27:10.267 [main] DEBUG - Parsing relationship: /xl/_rels/workbook.xml.rels
18:27:10.268 [main] DEBUG - Parsing relationship: /xl/worksheets/_rels/sheet1.xml.rels
18:27:10.269 [main] DEBUG - Parsing relationship: /_rels/.rels
18:27:13.967 [main] DEBUG - Parsing relationship: /xl/_rels/workbook.xml.rels
18:27:13.968 [main] DEBUG - Parsing relationship: /xl/worksheets/_rels/sheet1.xml.rels
18:27:13.969 [main] DEBUG - Parsing relationship: /_rels/.rels
18:27:16.363 [main] INFO  - Clearing search box and sending value
18:27:16.363 [main] INFO  - Navigating to For Business section
18:27:20.526 [main] DEBUG - Parsing relationship: /xl/_rels/workbook.xml.rels
18:27:20.527 [main] DEBUG - Parsing relationship: /xl/worksheets/_rels/sheet1.xml.rels
18:27:20.527 [main] DEBUG - Parsing relationship: /_rels/.rels
18:27:20.948 [main] INFO  - Taking screenshot
18:27:20.948 [main] INFO  - Quitting the website
18:27:32.665 [main] INFO  - Website is opened
18:27:32.668 [main] DEBUG - Parsing relationship: /xl/_rels/workbook.xml.rels
18:27:32.669 [main] DEBUG - Parsing relationship: /xl/worksheets/_rels/sheet1.xml.rels
18:27:32.669 [main] DEBUG - Parsing relationship: /_rels/.rels
18:27:34.939 [main] DEBUG - Parsing relationship: /xl/_rels/workbook.xml.rels
18:27:34.940 [main] DEBUG - Parsing relationship: /xl/worksheets/_rels/sheet1.xml.rels
18:27:34.940 [main] DEBUG - Parsing relationship: /_rels/.rels
18:27:44.966 [main] INFO  - Navigating to For Business section
18:27:48.616 [main] DEBUG - Parsing relationship: /xl/_rels/workbook.xml.rels
18:27:48.616 [main] DEBUG - Parsing relationship: /xl/worksheets/_rels/sheet1.xml.rels
18:27:48.616 [main] DEBUG - Parsing relationship: /_rels/.rels
18:27:48.778 [main] DEBUG - Parsing relationship: /xl/_rels/workbook.xml.rels
18:27:48.778 [main] DEBUG - Parsing relationship: /xl/worksheets/_rels/sheet1.xml.rels
18:27:48.779 [main] DEBUG - Parsing relationship: /_rels/.rels
18:27:49.126 [main] DEBUG - Parsing relationship: /xl/_rels/workbook.xml.rels
18:27:49.127 [main] DEBUG - Parsing relationship: /xl/worksheets/_rels/sheet1.xml.rels
18:27:49.128 [main] DEBUG - Parsing relationship: /_rels/.rels
18:27:49.500 [main] INFO  - Taking screenshot
18:27:49.501 [main] INFO  - Quitting the website
18:28:01.621 [main] INFO  - Website is opened
18:28:01.629 [main] DEBUG - Parsing relationship: /xl/_rels/workbook.xml.rels
18:28:01.629 [main] DEBUG - Parsing relationship: /xl/worksheets/_rels/sheet1.xml.rels
18:28:01.630 [main] DEBUG - Parsing relationship: /_rels/.rels
18:28:05.861 [main] DEBUG - Parsing relationship: /xl/_rels/workbook.xml.rels
18:28:05.861 [main] DEBUG - Parsing relationship: /xl/worksheets/_rels/sheet1.xml.rels
18:28:05.863 [main] DEBUG - Parsing relationship: /_rels/.rels
18:28:08.364 [main] INFO  - Clearing search box and sending value
18:28:08.366 [main] INFO  - Navigating to For Business section
18:28:13.001 [main] DEBUG - Parsing relationship: /xl/_rels/workbook.xml.rels
18:28:13.002 [main] DEBUG - Parsing relationship: /xl/worksheets/_rels/sheet1.xml.rels
18:28:13.002 [main] DEBUG - Parsing relationship: /_rels/.rels
18:28:13.241 [main] DEBUG - Parsing relationship: /xl/_rels/workbook.xml.rels
18:28:13.242 [main] DEBUG - Parsing relationship: /xl/worksheets/_rels/sheet1.xml.rels
18:28:13.242 [main] DEBUG - Parsing relationship: /_rels/.rels
18:28:13.633 [main] INFO  - Taking screenshot
18:28:13.633 [main] INFO  - Quitting the website
18:28:27.325 [main] INFO  - Website is opened
18:28:27.330 [main] DEBUG - Parsing relationship: /xl/_rels/workbook.xml.rels
18:28:27.331 [main] DEBUG - Parsing relationship: /xl/worksheets/_rels/sheet1.xml.rels
18:28:27.331 [main] DEBUG - Parsing relationship: /_rels/.rels
18:28:31.050 [main] DEBUG - Parsing relationship: /xl/_rels/workbook.xml.rels
18:28:31.051 [main] DEBUG - Parsing relationship: /xl/worksheets/_rels/sheet1.xml.rels
18:28:31.052 [main] DEBUG - Parsing relationship: /_rels/.rels
18:28:33.374 [main] INFO  - Clearing search box and sending value
18:28:33.374 [main] INFO  - Navigating to For Business section
18:28:37.210 [main] DEBUG - Parsing relationship: /xl/_rels/workbook.xml.rels
18:28:37.211 [main] DEBUG - Parsing relationship: /xl/worksheets/_rels/sheet1.xml.rels
18:28:37.211 [main] DEBUG - Parsing relationship: /_rels/.rels
18:28:37.349 [main] DEBUG - Parsing relationship: /xl/_rels/workbook.xml.rels
18:28:37.350 [main] DEBUG - Parsing relationship: /xl/worksheets/_rels/sheet1.xml.rels
18:28:37.351 [main] DEBUG - Parsing relationship: /_rels/.rels
18:28:37.625 [main] DEBUG - Parsing relationship: /xl/_rels/workbook.xml.rels
18:28:37.626 [main] DEBUG - Parsing relationship: /xl/worksheets/_rels/sheet1.xml.rels
18:28:37.626 [main] DEBUG - Parsing relationship: /_rels/.rels
18:28:37.917 [main] DEBUG - Parsing relationship: /xl/_rels/workbook.xml.rels
18:28:37.918 [main] DEBUG - Parsing relationship: /xl/worksheets/_rels/sheet1.xml.rels
18:28:37.919 [main] DEBUG - Parsing relationship: /_rels/.rels
18:28:38.416 [main] INFO  - Taking screenshot
18:28:38.416 [main] INFO  - Quitting the website
18:28:52.030 [main] INFO  - Website is opened
18:28:52.036 [main] DEBUG - Parsing relationship: /xl/_rels/workbook.xml.rels
18:28:52.036 [main] DEBUG - Parsing relationship: /xl/worksheets/_rels/sheet1.xml.rels
18:28:52.036 [main] DEBUG - Parsing relationship: /_rels/.rels
18:28:56.272 [main] DEBUG - Parsing relationship: /xl/_rels/workbook.xml.rels
18:28:56.273 [main] DEBUG - Parsing relationship: /xl/worksheets/_rels/sheet1.xml.rels
18:28:56.273 [main] DEBUG - Parsing relationship: /_rels/.rels
18:28:58.577 [main] INFO  - Clearing search box and sending value
18:28:58.578 [main] INFO  - Navigating to For Business section
18:29:04.186 [main] DEBUG - Parsing relationship: /xl/_rels/workbook.xml.rels
18:29:04.186 [main] DEBUG - Parsing relationship: /xl/worksheets/_rels/sheet1.xml.rels
18:29:04.187 [main] DEBUG - Parsing relationship: /_rels/.rels
18:29:04.410 [main] DEBUG - Parsing relationship: /xl/_rels/workbook.xml.rels
18:29:04.415 [main] DEBUG - Parsing relationship: /xl/worksheets/_rels/sheet1.xml.rels
18:29:04.417 [main] DEBUG - Parsing relationship: /_rels/.rels
18:29:04.688 [main] DEBUG - Parsing relationship: /xl/_rels/workbook.xml.rels
18:29:04.689 [main] DEBUG - Parsing relationship: /xl/worksheets/_rels/sheet1.xml.rels
18:29:04.689 [main] DEBUG - Parsing relationship: /_rels/.rels
18:29:05.110 [main] INFO  - Taking screenshot
18:29:05.111 [main] INFO  - Quitting the website
18:29:14.541 [main] INFO  - Website is opened
18:29:14.548 [main] DEBUG - Parsing relationship: /xl/_rels/workbook.xml.rels
18:29:14.549 [main] DEBUG - Parsing relationship: /xl/worksheets/_rels/sheet1.xml.rels
18:29:14.550 [main] DEBUG - Parsing relationship: /_rels/.rels
18:29:18.818 [main] DEBUG - Parsing relationship: /xl/_rels/workbook.xml.rels
18:29:18.819 [main] DEBUG - Parsing relationship: /xl/worksheets/_rels/sheet1.xml.rels
18:29:18.820 [main] DEBUG - Parsing relationship: /_rels/.rels
18:29:21.247 [main] INFO  - Clearing search box and sending value
18:29:21.247 [main] INFO  - Navigating to For Business section
18:29:26.595 [main] DEBUG - Parsing relationship: /xl/_rels/workbook.xml.rels
18:29:26.596 [main] DEBUG - Parsing relationship: /xl/worksheets/_rels/sheet1.xml.rels
18:29:26.597 [main] DEBUG - Parsing relationship: /_rels/.rels
18:29:26.810 [main] DEBUG - Parsing relationship: /xl/_rels/workbook.xml.rels
18:29:26.810 [main] DEBUG - Parsing relationship: /xl/worksheets/_rels/sheet1.xml.rels
